<?xml version="1.0" encoding="utf-8"?><testsuites name="pytest tests"><testsuite name="pytest" errors="0" failures="0" skipped="0" tests="41" time="7.768" timestamp="2026-08-22T14:05:38.998804+00:00" hostname="82f6faa9f1e1"><testcase classname="tests.test_adaptation_cli_v060" name="test_cli_is_deterministic_and_emits_governed_proposal" time="2.855" /><testcase classname="tests.test_admission_register" name="test_an_incomplete_attestation_is_refused[signed_at]" time="0.322" /><testcase classname="tests.test_assurance_aggregation" name="test_errored_tests_fail_the_aggregate" time="0.000" /><testcase classname="tests.test_assurance_aggregation" name="test_failing_tests_fail_the_aggregate" time="0.000" /><testcase classname="tests.test_configuration_typos" name="test_the_app_starts_when_every_variable_is_recognised" time="0.107" /><testcase classname="tests.test_controlled_configuration_refusals" name="test_a_controlled_deployment_refuses_each_weakening[no reviewer registry]" time="0.015" /><testcase classname="tests.test_coverage_risk_closeout_v080" name="test_tenant_auth_subject_rejects_control_whitespace" time="0.001" /><testcase classname="tests.test_deployment_rendering_refusals" name="test_a_namespace_is_applied_to_every_document_except_namespaces" time="0.008" /><testcase classname="tests.test_embedding_migration" name="test_the_switch_is_allowed_at_complete_coverage" time="0.001" /><testcase classname="tests.test_environment_drift" name="test_absent_from_observation_is_unobserved_not_in_sync" time="0.003" /><testcase classname="tests.test_environment_drift" name="test_undeclared_artefact_is_extra_not_drift" time="0.000" /><testcase classname="tests.test_gate_negative_controls" name="test_the_operational_gate_can_fail_on_each_predicate[access_noninterference_measured]" time="0.001" /><testcase classname="tests.test_gate_negative_controls" name="test_the_operational_gate_can_fail_on_each_predicate[citation_integrity]" time="0.000" /><testcase classname="tests.test_gcp_canary_metrics" name="test_canary_policy_rejects_non_discrete_or_nonfinite_controls[minimum_samples-nan]" time="0.001" /><testcase classname="tests.test_gcp_canary_metrics" name="test_canary_policy_rejects_non_discrete_or_nonfinite_controls[poll_seconds-nan]" time="0.001" /><testcase classname="tests.test_gcp_production_contract" name="test_tls_expiry_alert_mutation_is_killed" time="0.014" /><testcase classname="tests.test_image_pinning" name="test_the_tag_survives_beside_the_digest" time="0.000" /><testcase classname="tests.test_liqpay_billing" name="test_wrong_signature_and_other_merchant_are_rejected" time="0.353" /><testcase classname="tests.test_mathematical_integrity_hardening" name="test_admission_capacity_is_a_finite_discrete_count[nan]" time="0.005" /><testcase classname="tests.test_mathematical_integrity_hardening" name="test_oidc_auth_time_requires_finite_numericdate[inf]" time="0.001" /><testcase classname="tests.test_mathematical_integrity_hardening" name="test_parser_ipc_rejects_numeric_and_boolean_coercion[ocr_total_timeout_seconds-1.5]" time="0.001" /><testcase classname="tests.test_mathematical_integrity_hardening" name="test_readiness_criteria_reject_truthy_non_booleans[false]" time="0.001" /><testcase classname="tests.test_observability" name="test_metrics_are_low_cardinality_and_exported" time="0.058" /><testcase classname="tests.test_oidc_assurance_refusals" name="test_a_single_factor_authentication_is_refused_when_mfa_is_required" time="0.001" /><testcase classname="tests.test_oidc_assurance_refusals" name="test_a_usable_verifier_is_accepted" time="0.001" /><testcase classname="tests.test_operations" name="test_operational_policy_is_valid_json_and_explicitly_not_authorization" time="0.001" /><testcase classname="tests.test_pec_protocol_gates" name="test_promotion_rejects_green_but_cross_run_evidence_chain" time="0.001" /><testcase classname="tests.test_query_planner_boundary" name="test_the_answer_text_comes_only_from_the_corpus" time="1.192" /><testcase classname="tests.test_recovery_measurement" name="test_a_duration_without_provenance_is_not_a_measurement[measured_at]" time="0.001" /><testcase classname="tests.test_recovery_measurement" name="test_lost_event_count_is_a_nonnegative_integer[1.5]" time="0.000" /><testcase classname="tests.test_repository_seams" name="test_the_query_builders_never_open_a_connection" time="0.002" /><testcase classname="tests.test_resilience_and_audit_scope" name="test_the_per_subject_share_is_returned_when_the_work_finishes" time="0.000" /><testcase classname="tests.test_risk_rules" name="test_every_rule_matches_its_own_examples[operational.permission_question:1]" time="0.001" /><testcase classname="tests.test_risk_rules" name="test_every_rule_matches_its_own_examples[operational.permission_question:2]" time="0.000" /><testcase classname="tests.test_support_gate" name="test_the_extraction_step_keeps_an_exact_extract" time="0.007" /><testcase classname="tests.test_tenancy_threats" name="test_t10_a_prior_answer_is_stored_as_an_answer_and_not_as_a_source" time="0.425" /><testcase classname="tests.test_tevv_admissibility" name="test_wilson_parameter_cannot_create_an_invalid_interval[0.0]" time="0.001" /><testcase classname="tests.test_token_issuance_refusals" name="test_a_lifetime_outside_the_configured_bound_is_refused[-1]" time="0.005" /><testcase classname="tests.test_url_policy" name="test_https_policy_refuses_ambiguous_or_credential_bearing_urls[http://example.com]" time="0.001" /><testcase classname="tests.test_url_policy" name="test_https_policy_refuses_ambiguous_or_credential_bearing_urls[https:///missing-host]" time="0.000" /><testcase classname="tests.test_versioning" name="test_new_approved_version_supersedes_old_version_in_current_retrieval" time="2.017" /></testsuite></testsuites>