<?xml version="1.0" encoding="utf-8"?><testsuites name="pytest tests"><testsuite name="pytest" errors="0" failures="0" skipped="0" tests="27" time="4.913" timestamp="2026-08-22T14:08:20.739977+00:00" hostname="82f6faa9f1e1"><testcase classname="tests.test_answer_composition" name="test_an_opening_that_introduces_a_negation_is_refused[\u043d\u0435]" time="0.040" /><testcase classname="tests.test_audit" name="test_audit_chain_and_external_anchor_verify" time="1.139" /><testcase classname="tests.test_auth" name="test_controlled_environment_requires_oidc" time="0.010" /><testcase classname="tests.test_configuration_typos" name="test_operational_variables_are_not_flagged" time="0.000" /><testcase classname="tests.test_conversation_retention" name="test_the_script_reports_an_undeclared_policy_as_a_finding" time="1.967" /><testcase classname="tests.test_decision_sensitivity" name="test_empirical_decision_sensitivity_reports_finite_sample_bounds" time="0.001" /><testcase classname="tests.test_deterministic_branch_matrix_v050" name="test_retrieval_scoring_validation_and_edge_matrix" time="0.001" /><testcase classname="tests.test_embedding_migration" name="test_a_plan_that_cannot_be_executed_is_refused[overrides2]" time="0.000" /><testcase classname="tests.test_embedding_migration" name="test_the_plan_says_what_executing_it_would_not_prove" time="0.000" /><testcase classname="tests.test_evaluation_validity" name="test_system_identity_fingerprint_changes_with_harness" time="0.001" /><testcase classname="tests.test_external_gate_campaign" name="test_campaign_does_not_confuse_missing_postgres_with_executed_failure" time="0.000" /><testcase classname="tests.test_full_ssot_packager" name="test_safe_extractor_refuses_unsafe_archive_before_write" time="0.001" /><testcase classname="tests.test_gate_negative_controls" name="test_the_operational_gate_can_fail_on_each_predicate[access_noninterference]" time="0.001" /><testcase classname="tests.test_gcp_production_inputs" name="test_unsafe_external_input_is_refused[OIDC_TOKEN_ENDPOINT-http://identity.example.com/token]" time="0.000" /><testcase classname="tests.test_gcp_slo_contract" name="test_alert_delivery_mutation_is_killed" time="0.005" /><testcase classname="tests.test_leakage_measurement" name="test_a_report_without_the_field_at_all_fails_the_gate" time="0.001" /><testcase classname="tests.test_mathematical_integrity_hardening" name="test_embedding_resource_bounds_reject_nonfinite_or_nondiscrete_values[timeout_seconds-inf]" time="0.000" /><testcase classname="tests.test_mathematical_integrity_hardening" name="test_provenance_schema_version_is_a_strict_integer[1]" time="0.000" /><testcase classname="tests.test_mathematical_integrity_hardening" name="test_subject_share_is_a_bounded_integer[3]" time="0.002" /><testcase classname="tests.test_noninterference_measurement" name="test_the_withheld_set_is_empty_for_the_reference_subject" time="1.118" /><testcase classname="tests.test_oidc" name="test_oidc_rejects_unexpected_explicit_jwt_media_type" time="0.134" /><testcase classname="tests.test_pec_protocol_gates" name="test_metamorphic_invariant_accepts_semantics_preserving_equivalent_transition" time="0.000" /><testcase classname="tests.test_production_assurance" name="test_self_declared_tevv_without_trusted_independent_assessor_is_rejected" time="0.005" /><testcase classname="tests.test_query_planner_boundary" name="test_the_question_asked_is_always_the_first_search" time="0.002" /><testcase classname="tests.test_semantic_integration" name="test_repository_protocol_can_materialize_authorized_semantic_ids" time="0.298" /><testcase classname="tests.test_v060_branch_closure2" name="test_clamd_response_reader_handles_eof_newline_and_maximum" time="0.002" /><testcase classname="tests.test_v5_security_kernel" name="test_clamd_instream_protocol_and_detection" time="0.001" /></testsuite></testsuites>