<?xml version="1.0" encoding="utf-8"?><testsuites name="pytest tests"><testsuite name="pytest" errors="0" failures="0" skipped="0" tests="40" time="12.784" timestamp="2026-08-22T14:06:39.794048+00:00" hostname="82f6faa9f1e1"><testcase classname="tests.test_access_oracles" name="test_the_entitled_reviewer_can_still_rescind" time="0.872" /><testcase classname="tests.test_admission_register" name="test_an_incomplete_attestation_is_refused[signed_by]" time="0.024" /><testcase classname="tests.test_billing_events" name="test_a_storage_failure_leaves_no_half_applied_event" time="0.400" /><testcase classname="tests.test_build_provenance" name="test_an_intact_statement_verifies" time="0.895" /><testcase classname="tests.test_controlled_configuration_refusals" name="test_a_controlled_deployment_refuses_each_weakening[entitlement profile without a digest]" time="0.038" /><testcase classname="tests.test_controlled_configuration_refusals" name="test_a_controlled_deployment_refuses_each_weakening[no source trust profile]" time="0.036" /><testcase classname="tests.test_controlled_configuration_refusals" name="test_a_local_environment_is_not_held_to_the_controlled_requirements" time="0.009" /><testcase classname="tests.test_controlled_configuration_refusals" name="test_background_runtime_refuses_dev_auth_even_outside_http_api" time="0.005" /><testcase classname="tests.test_conversations" name="test_the_message_limit_is_checked_without_reading_the_whole_conversation" time="8.432" /><testcase classname="tests.test_embedding_migration" name="test_retiring_is_allowed_once_the_switch_holds" time="0.000" /><testcase classname="tests.test_engineering_readiness" name="test_score_is_weighted_and_evidence_capped" time="0.000" /><testcase classname="tests.test_entitlement_gate" name="test_a_past_due_subscription_pays_for_nothing" time="0.189" /><testcase classname="tests.test_environment_drift" name="test_blocked_reason_counts_every_state" time="0.000" /><testcase classname="tests.test_evaluation_validity" name="test_rare_event_uncertainty_blocks_tiny_zero_failure_campaign" time="0.001" /><testcase classname="tests.test_full_ssot_packager" name="test_deterministic_zip_roundtrip_preserves_executable_mode" time="0.001" /><testcase classname="tests.test_gate_parity" name="test_the_quality_gate_lints_every_directory_that_holds_korpus_code" time="0.001" /><testcase classname="tests.test_gcp_production_contract" name="test_live_postgres_gate_removal_is_killed" time="0.007" /><testcase classname="tests.test_inference_budget" name="test_invalid_budget_is_rejected" time="0.000" /><testcase classname="tests.test_ingestion" name="test_classification_cannot_be_weaker_than_access_tier" time="0.138" /><testcase classname="tests.test_intra_span_contradiction" name="test_an_unrelated_eligible_span_does_not_veto_the_answer" time="0.001" /><testcase classname="tests.test_learning_course_domain" name="test_lesson_refuses_dangling_block_binding" time="0.001" /><testcase classname="tests.test_learning_repository" name="test_learning_repository_retirement_state_machine" time="0.112" /><testcase classname="tests.test_mathematical_integrity_hardening" name="test_production_reliability_requires_discrete_positive_request_counts[True]" time="0.003" /><testcase classname="tests.test_metamorphic_security_v060" name="test_control_classifier_does_not_turn_benign_normative_text_into_attack" time="0.000" /><testcase classname="tests.test_model_egress" name="test_a_disabled_posture_stops_the_composer_before_it_calls_out" time="0.000" /><testcase classname="tests.test_nginx_security_headers" name="test_header_invariant_can_fail_on_cloudrun_refusal_location" time="0.001" /><testcase classname="tests.test_object_store_integrity" name="test_listing_reports_content_addresses_and_ignores_working_files" time="0.003" /><testcase classname="tests.test_pec_integration" name="test_controller_cannot_turn_insufficient_evidence_into_an_answer" time="0.167" /><testcase classname="tests.test_pec_replay" name="test_oracle_nonbaseline_compute_requires_baseline_failure_and_recovery" time="0.000" /><testcase classname="tests.test_pec_replay" name="test_oracle_requires_original_query_stop_baseline" time="0.000" /><testcase classname="tests.test_pec_training" name="test_tree_learns_observable_sufficiency_boundary_deterministically" time="0.008" /><testcase classname="tests.test_repository_seams" name="test_the_schema_module_does_not_import_what_reads_it" time="0.002" /><testcase classname="tests.test_request_audit_context" name="test_policy_decision_id_is_deterministic_and_binds_policy_inputs" time="0.000" /><testcase classname="tests.test_retention_planning" name="test_a_document_past_its_period_without_delete_permission_awaits_a_decision" time="0.001" /><testcase classname="tests.test_row_mapping" name="test_clearance_widens_the_classifications_it_may_read[1-expected1]" time="0.000" /><testcase classname="tests.test_service_objectives" name="test_an_unfinished_search_fails_the_objective" time="0.768" /><testcase classname="tests.test_state_machine" name="test_review_state_machine_has_no_path_out_of_rejected" time="0.000" /><testcase classname="tests.test_tenancy_api" name="test_another_account_gets_404_for_a_conversation_it_does_not_own" time="0.250" /><testcase classname="tests.test_undecodable_text_refusal" name="test_the_undecodable_text_is_not_silently_repaired" time="0.000" /><testcase classname="tests.test_url_policy" name="test_https_policy_refuses_ambiguous_or_credential_bearing_urls[https://user@example.com]" time="0.001" /></testsuite></testsuites>