<?xml version="1.0" encoding="utf-8"?><testsuites name="pytest tests"><testsuite name="pytest" errors="0" failures="0" skipped="0" tests="38" time="7.887" timestamp="2026-08-22T14:09:09.007862+00:00" hostname="82f6faa9f1e1"><testcase classname="tests.test_assurance_calculus" name="test_weighted_score_is_bounded_for_every_corner_of_the_hypercube" time="0.019" /><testcase classname="tests.test_billing_events" name="test_malformed_payloads_are_refused_and_change_nothing[{&quot;type&quot;: &quot;subscription.activated&quot;, &quot;data&quot;: {}}]" time="0.427" /><testcase classname="tests.test_branch_cycle2_policy_control_v050" name="test_query_variant_refusal_shapes[hello?]" time="0.005" /><testcase classname="tests.test_browser_oidc" name="test_browser_oidc_callback_keeps_tokens_http_only_and_enforces_csrf" time="0.770" /><testcase classname="tests.test_controlled_configuration_refusals" name="test_a_controlled_deployment_refuses_each_weakening[authentication disabled]" time="0.009" /><testcase classname="tests.test_controlled_configuration_refusals" name="test_a_controlled_deployment_refuses_each_weakening[browser authentication off]" time="0.006" /><testcase classname="tests.test_controlled_configuration_refusals" name="test_the_base_controlled_configuration_is_accepted" time="0.007" /><testcase classname="tests.test_corpus_release_identity" name="test_a_version_that_changes_changes_the_release_id" time="0.554" /><testcase classname="tests.test_deployment_rendering_refusals" name="test_a_container_that_loosens_its_own_context_is_reported[&lt;lambda&gt;-privilege escalation]" time="0.005" /><testcase classname="tests.test_deployment_rendering_refusals" name="test_a_patch_the_renderer_cannot_apply_is_refused[operations2-replace on absent path]" time="0.011" /><testcase classname="tests.test_doctrine_catalog" name="test_a_duplicate_id_is_refused" time="0.002" /><testcase classname="tests.test_document_intake_refusals" name="test_a_missing_file_is_refused" time="0.001" /><testcase classname="tests.test_embedding_coverage" name="test_a_stale_vector_outranks_a_missing_one" time="0.000" /><testcase classname="tests.test_entitlement_projection_refusals" name="test_a_subject_that_maps_to_no_role_is_refused" time="0.001" /><testcase classname="tests.test_entitlement_projection_refusals" name="test_a_token_that_does_not_belong_here_is_refused[claims0-no active entitlement]" time="0.001" /><testcase classname="tests.test_environment_drift" name="test_matching_digests_are_in_sync" time="0.000" /><testcase classname="tests.test_gate_negative_controls" name="test_the_assurance_aggregator_can_fail_on_each_predicate[tests_not_mostly_skipped]" time="0.001" /><testcase classname="tests.test_gate_negative_controls" name="test_the_passing_artifacts_actually_pass" time="0.001" /><testcase classname="tests.test_gate_parity" name="test_every_mutant_cites_a_test_that_exists" time="0.260" /><testcase classname="tests.test_gate_parity" name="test_the_web_gate_runs_its_own_negative_controls" time="0.001" /><testcase classname="tests.test_gcp_canary_metrics" name="test_canary_metrics_do_not_treat_client_errors_as_success_samples" time="0.000" /><testcase classname="tests.test_gcp_production_contract" name="test_uptime_absence_detector_mutation_is_killed" time="0.008" /><testcase classname="tests.test_gcp_production_inputs" name="test_unsafe_external_input_is_refused[DATABASE_DISK_AUTOSIZE_LIMIT_GB-unbounded]" time="0.010" /><testcase classname="tests.test_learning_repository" name="test_learning_repository_detects_draft_version_inconsistency_on_publish" time="0.325" /><testcase classname="tests.test_mathematical_integrity_hardening" name="test_embedding_coverage_rejects_impossible_count_snapshots[10--1-0-0]" time="0.001" /><testcase classname="tests.test_mathematical_integrity_hardening" name="test_provenance_schema_version_is_a_strict_integer[True]" time="0.001" /><testcase classname="tests.test_model_egress" name="test_local_model_egress_refuses_credentials_fragments_and_fixed_query" time="0.000" /><testcase classname="tests.test_reference_set" name="test_a_retrieval_case_names_every_version_that_holds_its_sentence" time="0.010" /><testcase classname="tests.test_repository_seams" name="test_the_projection_carries_every_access_predicate_it_is_supposed_to" time="0.036" /><testcase classname="tests.test_requirement_registry" name="test_every_requirement_has_a_unique_id" time="0.000" /><testcase classname="tests.test_s3_object_store" name="test_s3_healthcheck_requires_versioning_and_object_lock_when_retention_enabled" time="0.097" /><testcase classname="tests.test_semantic_integration" name="test_postgres_rls_migration_is_default_deny_when_context_is_absent" time="0.000" /><testcase classname="tests.test_service_objectives" name="test_a_healthy_measurement_meets_every_objective" time="0.897" /><testcase classname="tests.test_source_signature_refusals" name="test_a_signature_over_altered_metadata_is_refused" time="0.001" /><testcase classname="tests.test_tenancy_threats" name="test_a_denial_is_not_a_silent_pass" time="0.369" /><testcase classname="tests.test_tevv_admissibility" name="test_a_declared_corpus_with_enough_observations_is_admissible" time="0.000" /><testcase classname="tests.test_v060_branch_closure2" name="test_clamd_scan_protocol_ok_malware_unexpected_and_unavailable" time="0.003" /><testcase classname="tests.test_validity_boundaries" name="test_the_candidate_query_alone_excludes_an_invalid_version[effective_from-asked_on1]" time="3.562" /></testsuite></testsuites>