<?xml version="1.0" encoding="utf-8"?><testsuites name="pytest tests"><testsuite name="pytest" errors="0" failures="0" skipped="0" tests="43" time="6.143" timestamp="2026-08-22T14:05:41.852174+00:00" hostname="82f6faa9f1e1"><testcase classname="tests.test_admission_register" name="test_a_ground_cleared_with_no_evidence_at_all_is_refused" time="0.036" /><testcase classname="tests.test_answers" name="test_instruction_like_source_sentence_is_never_emitted" time="1.127" /><testcase classname="tests.test_assurance_aggregation" name="test_a_tool_reporting_pass_with_a_nonzero_exit_code_is_rejected" time="0.001" /><testcase classname="tests.test_assurance_aggregation" name="test_coverage_below_policy_fails[0.96-0.1]" time="0.001" /><testcase classname="tests.test_authority_ranking" name="test_the_running_configuration_cites_one_span_per_version" time="1.167" /><testcase classname="tests.test_conversations" name="test_an_empty_or_oversized_question_is_refused" time="0.375" /><testcase classname="tests.test_coverage_risk_weights_v060" name="test_risk_weights_are_applied_after_canonical_source_path_normalization" time="0.001" /><testcase classname="tests.test_doctrine_catalog" name="test_an_ingestible_entry_must_have_a_source_uri" time="0.001" /><testcase classname="tests.test_entitlement_projection_refusals" name="test_a_string_groups_claim_is_treated_as_one_group" time="0.004" /><testcase classname="tests.test_entitlement_projection_refusals" name="test_the_canonical_digest_ignores_key_order" time="0.001" /><testcase classname="tests.test_evidence_registry" name="test_a_mitigated_finding_may_rest_on_documents" time="0.000" /><testcase classname="tests.test_final_release_authorization" name="test_final_release_rejects_artifact_digest_substitution" time="0.005" /><testcase classname="tests.test_gate_negative_controls" name="test_the_operational_gate_can_fail_on_each_predicate[critical_mutation_score]" time="0.001" /><testcase classname="tests.test_gate_parity" name="test_production_snapshot_wrapper_is_never_used_by_the_promotion_target" time="0.002" /><testcase classname="tests.test_gcp_canary_metrics" name="test_canary_policy_rejects_non_discrete_or_nonfinite_controls[window_seconds-nan]" time="0.000" /><testcase classname="tests.test_gcp_production_contract" name="test_private_services_access_mutation_is_killed" time="0.011" /><testcase classname="tests.test_gcp_traffic_snapshot" name="test_traffic_snapshot_ignores_zero_percent_tagged_candidate" time="0.000" /><testcase classname="tests.test_infrastructure_hardening" name="test_unknown_environment_cannot_bypass_controlled_profile" time="0.010" /><testcase classname="tests.test_mathematical_integrity_hardening" name="test_admission_register_schema_version_is_a_strict_integer[1]" time="0.001" /><testcase classname="tests.test_mathematical_integrity_hardening" name="test_gcp_identity_refresh_skew_is_discrete_nonnegative[True]" time="0.000" /><testcase classname="tests.test_mathematical_integrity_hardening" name="test_gcp_identity_refresh_skew_is_discrete_nonnegative[inf]" time="0.000" /><testcase classname="tests.test_mathematical_integrity_hardening" name="test_gcp_identity_timeout_is_finite_positive[nan]" time="0.000" /><testcase classname="tests.test_model_egress" name="test_local_only_refuses_public_and_link_local_ip_literals" time="0.000" /><testcase classname="tests.test_numeric_integrity" name="test_one_consistent_decimal_separator_is_not_flagged" time="0.000" /><testcase classname="tests.test_offline_pack" name="test_route_is_fail_closed_when_offline_export_is_disabled" time="0.954" /><testcase classname="tests.test_operations" name="test_js_divergence_rejects_undefined_inputs[left0-right0]" time="0.001" /><testcase classname="tests.test_package_build_identity" name="test_gitless_package_cannot_claim_an_invented_commit" time="0.003" /><testcase classname="tests.test_package_mode_integrity" name="test_package_verifier_refuses_lost_executable_mode" time="0.011" /><testcase classname="tests.test_package_zip_safety" name="test_nested_distribution_manifest_is_not_an_unbound_blind_spot" time="0.006" /><testcase classname="tests.test_production_hard_predicates" name="test_all_twelve_hard_predicates_have_software_execution_or_admission_paths" time="0.001" /><testcase classname="tests.test_recovery_measurement" name="test_recovery_provenance_counts_are_discrete_and_finite[backup_bytes]" time="0.000" /><testcase classname="tests.test_repository_register" name="test_a_secret_outside_the_secrets_directory_is_not_flagged" time="0.006" /><testcase classname="tests.test_requirement_registry" name="test_the_load_bearing_requirements_survived_the_move[compose.api.read_only_root]" time="0.000" /><testcase classname="tests.test_risk_rules" name="test_an_unrecognised_query_is_unclassified_not_standard" time="0.000" /><testcase classname="tests.test_row_mapping" name="test_clearance_widens_the_classifications_it_may_read[3-expected2]" time="0.000" /><testcase classname="tests.test_search_index" name="test_contextual_candidate_fill_recovers_title_vocabulary_without_mutating_evidence" time="1.274" /><testcase classname="tests.test_status_document_matches_the_registers" name="test_the_document_is_not_stale" time="0.007" /><testcase classname="tests.test_support_gate" name="test_an_empty_claim_has_no_support" time="0.000" /><testcase classname="tests.test_table_integrity" name="test_two_tables_separated_by_prose_are_judged_separately" time="0.000" /><testcase classname="tests.test_tenancy_threats" name="test_t12_an_unbounded_webhook_body_is_refused_before_it_is_parsed" time="0.472" /><testcase classname="tests.test_tevv_attestation_boundary" name="test_tevv_policy_does_not_coerce_malformed_numeric_thresholds[maximum_citation_failures-False]" time="0.331" /><testcase classname="tests.test_url_policy" name="test_external_https_policy_refuses_non_global_literal_destinations[https://10.0.0.1/v1]" time="0.001" /><testcase classname="tests.test_url_policy" name="test_external_https_policy_refuses_non_global_literal_destinations[https://[::1]/v1]" time="0.001" /></testsuite></testsuites>