<?xml version="1.0" encoding="utf-8"?><testsuites name="pytest tests"><testsuite name="pytest" errors="0" failures="0" skipped="0" tests="153" time="7.428" timestamp="2026-08-16T19:30:08.538658+00:00" hostname="e5c69951a373"><testcase classname="tests.test_engineering_readiness" name="test_score_is_weighted_and_evidence_capped" time="0.017" /><testcase classname="tests.test_engineering_readiness" name="test_missing_criterion_is_zero_not_skip" time="0.000" /><testcase classname="tests.test_engineering_readiness" name="test_stale_source_zeroes_dimension" time="0.000" /><testcase classname="tests.test_engineering_readiness" name="test_unknown_criterion_is_rejected" time="0.000" /><testcase classname="tests.test_engineering_readiness" name="test_target_score_never_authorizes_production" time="0.000" /><testcase classname="tests.test_engineering_readiness" name="test_invalid_evidence_class_is_rejected" time="0.000" /><testcase classname="tests.test_readiness_evidence_builder" name="test_current_report_requires_exact_source_and_release" time="0.005" /><testcase classname="tests.test_readiness_evidence_builder" name="test_missing_report_never_becomes_pass" time="0.003" /><testcase classname="tests.test_readiness_evidence_builder" name="test_historical_migration_carry_requires_baseline_binding" time="0.002" /><testcase classname="tests.test_readiness_evidence_builder" name="test_local_load_carry_requires_complete_successful_phases_and_binding" time="0.002" /><testcase classname="tests.test_evidence_fusion" name="test_compatible_observations_merge_without_conflict" time="0.000" /><testcase classname="tests.test_evidence_fusion" name="test_conflicting_values_remain_explicit_and_fail_closed" time="0.000" /><testcase classname="tests.test_evidence_fusion" name="test_conflicting_outcomes_remain_explicit" time="0.000" /><testcase classname="tests.test_evidence_fusion" name="test_cross_identity_merge_is_rejected" time="0.000" /><testcase classname="tests.test_evidence_fusion" name="test_cross_claim_merge_is_rejected" time="0.000" /><testcase classname="tests.test_inference_budget" name="test_empty_history_can_start" time="0.000" /><testcase classname="tests.test_inference_budget" name="test_new_evidence_allows_stable_decision_to_continue" time="0.000" /><testcase classname="tests.test_inference_budget" name="test_fixpoint_stops_recursive_review" time="0.000" /><testcase classname="tests.test_inference_budget" name="test_decision_change_without_new_evidence_can_continue_once" time="0.000" /><testcase classname="tests.test_inference_budget" name="test_cycle_budget_is_hard_stop" time="0.000" /><testcase classname="tests.test_inference_budget" name="test_evidence_budget_is_hard_stop" time="0.000" /><testcase classname="tests.test_inference_budget" name="test_conflict_budget_is_hard_stop" time="0.000" /><testcase classname="tests.test_inference_budget" name="test_invalid_budget_is_rejected" time="0.000" /><testcase classname="tests.test_assurance_calculus" name="test_policy_refuses_weights_that_do_not_sum_to_one" time="0.000" /><testcase classname="tests.test_assurance_calculus" name="test_evidence_class_cannot_claim_execution_without_execution" time="0.000" /><testcase classname="tests.test_assurance_calculus" name="test_evidence_join_refuses_cross_source_aggregation" time="0.000" /><testcase classname="tests.test_assurance_calculus" name="test_conflicting_evidence_join_fails_closed" time="0.000" /><testcase classname="tests.test_assurance_calculus" name="test_stronger_same_identity_evidence_dominates_weaker" time="0.000" /><testcase classname="tests.test_assurance_calculus" name="test_unexecuted_evidence_caps_dimension_even_when_claimed_score_is_100" time="0.000" /><testcase classname="tests.test_assurance_calculus" name="test_stale_dimension_evidence_contributes_zero" time="0.000" /><testcase classname="tests.test_assurance_calculus" name="test_high_weighted_score_cannot_compensate_for_missing_mandatory_gate" time="0.000" /><testcase classname="tests.test_assurance_calculus" name="test_independent_attested_redteam_can_close_its_gate" time="0.000" /><testcase classname="tests.test_assurance_calculus" name="test_release_binding_is_required_even_for_independent_attestation" time="0.000" /><testcase classname="tests.test_assurance_calculus" name="test_maximum_single_dimension_effect_is_exactly_weight_times_100" time="0.000" /><testcase classname="tests.test_assurance_calculus" name="test_weighted_score_is_bounded_for_every_corner_of_the_hypercube" time="0.000" /><testcase classname="tests.test_assurance_calculus" name="test_weighted_score_refuses_wrong_arity_and_out_of_range_values" time="0.000" /><testcase classname="tests.test_assurance_calculus" name="test_unknown_outcome_is_information_bottom_not_a_conflict" time="0.000" /><testcase classname="tests.test_assurance_calculus" name="test_pass_and_fail_are_incomparable_under_dominance" time="0.000" /><testcase classname="tests.test_regression_carry_forward" name="test_diff_records_classifies_added_removed_and_modified_without_overlap" time="0.000" /><testcase classname="tests.test_regression_carry_forward" name="test_diff_records_is_deterministic" time="0.000" /><testcase classname="tests.test_resilience_and_audit_scope" name="test_one_subject_cannot_take_the_whole_service" time="0.000" /><testcase classname="tests.test_resilience_and_audit_scope" name="test_the_per_subject_share_is_returned_when_the_work_finishes" time="0.001" /><testcase classname="tests.test_resilience_and_audit_scope" name="test_a_rejected_subject_does_not_leak_its_slot" time="0.000" /><testcase classname="tests.test_resilience_and_audit_scope" name="test_the_subject_table_does_not_grow_without_bound" time="0.001" /><testcase classname="tests.test_resilience_and_audit_scope" name="test_a_default_share_leaves_room_for_someone_else" time="0.000" /><testcase classname="tests.test_resilience_and_audit_scope" name="test_healthcheck_fails_on_a_corrupt_database" time="0.068" /><testcase classname="tests.test_resilience_and_audit_scope" name="test_an_auditor_reads_the_events_of_one_request" time="0.258" /><testcase classname="tests.test_resilience_and_audit_scope" name="test_the_trace_scope_excludes_other_requests" time="0.254" /><testcase classname="tests.test_resilience_and_audit_scope" name="test_reading_the_audit_requires_the_audit_permission" time="0.151" /><testcase classname="tests.test_resilience_and_audit_scope" name="test_a_malformed_trace_id_is_refused" time="0.135" /><testcase classname="tests.test_access_oracles" name="test_the_outsider_cannot_see_the_document_at_all" time="0.173" /><testcase classname="tests.test_access_oracles" name="test_an_unentitled_reviewer_cannot_take_an_order_out_of_force" time="0.183" /><testcase classname="tests.test_access_oracles" name="test_the_entitled_reviewer_can_still_rescind" time="0.195" /><testcase classname="tests.test_access_oracles" name="test_the_near_duplicate_probe_is_not_a_graded_content_oracle[corpus-document0-reader0]" time="0.171" /><testcase classname="tests.test_access_oracles" name="test_the_near_duplicate_probe_is_not_a_graded_content_oracle[clearance-document1-reader1]" time="0.172" /><testcase classname="tests.test_access_oracles" name="test_the_near_duplicate_probe_is_not_a_graded_content_oracle[classification-document2-reader2]" time="0.158" /><testcase classname="tests.test_access_oracles" name="test_the_near_duplicate_probe_is_not_a_graded_content_oracle[compartment-document3-reader3]" time="0.165" /><testcase classname="tests.test_access_oracles" name="test_the_exact_duplicate_check_does_not_confirm_unreadable_content" time="0.163" /><testcase classname="tests.test_access_oracles" name="test_the_near_duplicate_probe_still_finds_a_duplicate_the_caller_may_see" time="0.248" /><testcase classname="tests.test_repository_access_refusals" name="test_an_entitled_identity_reads_the_document" time="0.080" /><testcase classname="tests.test_repository_access_refusals" name="test_listing_hides_documents_from_a_corpus_the_identity_does_not_hold" time="0.086" /><testcase classname="tests.test_repository_access_refusals" name="test_get_document_returns_the_row_and_leaves_the_decision_to_the_caller" time="0.091" /><testcase classname="tests.test_repository_access_refusals" name="test_a_document_that_does_not_exist_is_absent_rather_than_an_error" time="0.061" /><testcase classname="tests.test_repository_access_refusals" name="test_near_duplicate_search_is_scoped_to_the_corpora_the_identity_holds" time="0.117" /><testcase classname="tests.test_repository_access_refusals" name="test_near_duplicate_search_finds_the_version_for_an_entitled_identity" time="0.100" /><testcase classname="tests.test_repository_access_refusals" name="test_a_malformed_fingerprint_is_refused[]" time="0.079" /><testcase classname="tests.test_repository_access_refusals" name="test_a_malformed_fingerprint_is_refused[zz]" time="0.083" /><testcase classname="tests.test_repository_access_refusals" name="test_a_malformed_fingerprint_is_refused[gggggggggggggggg]" time="0.074" /><testcase classname="tests.test_repository_access_refusals" name="test_a_malformed_fingerprint_is_refused[ababababababababab]" time="0.076" /><testcase classname="tests.test_repository_access_refusals" name="test_a_malformed_fingerprint_is_refused[ABCDEF0123456789]" time="0.074" /><testcase classname="tests.test_repository_access_refusals" name="test_a_similarity_threshold_outside_the_supported_range_is_refused[0.0]" time="0.084" /><testcase classname="tests.test_repository_access_refusals" name="test_a_similarity_threshold_outside_the_supported_range_is_refused[0.49]" time="0.067" /><testcase classname="tests.test_repository_access_refusals" name="test_a_similarity_threshold_outside_the_supported_range_is_refused[1.01]" time="0.082" /><testcase classname="tests.test_repository_access_refusals" name="test_a_similarity_threshold_outside_the_supported_range_is_refused[-1.0]" time="0.093" /><testcase classname="tests.test_repository_access_refusals" name="test_identical_bytes_under_a_different_revision_are_a_different_version" time="0.100" /><testcase classname="tests.test_repository_access_refusals" name="test_a_hash_lookup_is_scoped_to_the_document_when_one_is_given" time="0.124" /><testcase classname="tests.test_repository_access_refusals" name="test_a_hash_lookup_is_scoped_to_the_corpus_when_one_is_given" time="0.124" /><testcase classname="tests.test_repository_access_refusals" name="test_bytes_nobody_uploaded_are_not_found" time="0.116" /><testcase classname="tests.test_repository_access_refusals" name="test_a_reviewer_cannot_transition_a_version_from_another_corpus" time="0.097" /><testcase classname="tests.test_repository_access_refusals" name="test_a_version_cannot_be_queued_against_a_document_in_another_corpus" time="0.107" /><testcase classname="tests.test_repository_access_refusals" name="test_listing_hides_a_document_above_the_readers_clearance" time="0.115" /><testcase classname="tests.test_learning_course_domain" name="test_lesson_refuses_dangling_block_binding" time="0.001" /><testcase classname="tests.test_learning_course_domain" name="test_course_version_refuses_duplicate_lesson_identity_across_modules" time="0.000" /><testcase classname="tests.test_learning_course_domain" name="test_publication_validation_passes_exact_effective_source_binding" time="0.000" /><testcase classname="tests.test_learning_course_domain" name="test_publication_validation_fails_closed_on_missing_source" time="0.000" /><testcase classname="tests.test_learning_course_domain" name="test_publication_validation_rejects_unapproved_source" time="0.000" /><testcase classname="tests.test_learning_course_domain" name="test_publication_validation_rejects_unbound_block" time="0.000" /><testcase classname="tests.test_learning_course_domain" name="test_publication_validation_rejects_dangling_prerequisite" time="0.000" /><testcase classname="tests.test_learning_course_domain" name="test_publication_validation_detects_prerequisite_cycle_deterministically" time="0.000" /><testcase classname="tests.test_learning_course_domain" name="test_source_effectiveness_respects_rescission_and_window" time="0.000" /><testcase classname="tests.test_learning_course_domain" name="test_lesson_refuses_duplicate_source_binding_identity" time="0.000" /><testcase classname="tests.test_learning_course_domain" name="test_lesson_refuses_duplicate_block_identity" time="0.000" /><testcase classname="tests.test_learning_course_domain" name="test_lesson_refuses_duplicate_block_ordinal" time="0.000" /><testcase classname="tests.test_learning_course_domain" name="test_lesson_refuses_duplicate_objective_identity" time="0.000" /><testcase classname="tests.test_learning_course_domain" name="test_module_refuses_duplicate_lesson_identity" time="0.000" /><testcase classname="tests.test_learning_course_domain" name="test_module_refuses_duplicate_lesson_ordinal" time="0.000" /><testcase classname="tests.test_learning_course_domain" name="test_course_version_refuses_duplicate_module_identity" time="0.001" /><testcase classname="tests.test_learning_course_domain" name="test_course_version_refuses_duplicate_module_ordinal" time="0.000" /><testcase classname="tests.test_learning_course_domain" name="test_course_version_refuses_duplicate_objective_identity_across_lessons" time="0.001" /><testcase classname="tests.test_learning_course_domain" name="test_course_publication_refuses_missing_review_identity" time="0.000" /><testcase classname="tests.test_learning_course_domain" name="test_publication_validation_rejects_self_prerequisite" time="0.000" /><testcase classname="tests.test_learning_course_domain" name="test_publication_validation_rejects_source_document_mismatch" time="0.000" /><testcase classname="tests.test_learning_course_domain" name="test_publication_validation_rejects_evidence_span_mismatch" time="0.000" /><testcase classname="tests.test_learning_repository" name="test_learning_repository_round_trip_and_publish" time="0.127" /><testcase classname="tests.test_learning_repository" name="test_learning_repository_refuses_source_less_block" time="0.117" /><testcase classname="tests.test_learning_repository" name="test_learning_repository_refuses_rescinded_source" time="0.126" /><testcase classname="tests.test_learning_repository" name="test_published_learning_history_cannot_be_deleted" time="0.318" /><testcase classname="tests.test_learning_repository" name="test_draft_learning_version_can_be_deleted" time="0.113" /><testcase classname="tests.test_learning_repository" name="test_serving_lane_revalidates_published_source_state" time="0.124" /><testcase classname="tests.test_learning_repository" name="test_serving_lane_invalidates_content_after_source_expiry" time="0.111" /><testcase classname="tests.test_learning_repository" name="test_learning_repository_course_lookup_is_explicit" time="0.079" /><testcase classname="tests.test_learning_repository" name="test_learning_repository_refuses_version_for_unknown_course" time="0.092" /><testcase classname="tests.test_learning_repository" name="test_learning_repository_normalizes_duplicate_version_constraint" time="0.098" /><testcase classname="tests.test_learning_repository" name="test_learning_repository_missing_publication_is_none" time="0.073" /><testcase classname="tests.test_learning_repository" name="test_learning_repository_validate_missing_version_fails_closed" time="0.085" /><testcase classname="tests.test_learning_repository" name="test_learning_repository_serving_refuses_missing_and_draft" time="0.087" /><testcase classname="tests.test_learning_repository" name="test_learning_repository_publish_requires_nonblank_reviewer" time="0.076" /><testcase classname="tests.test_learning_repository" name="test_learning_repository_publish_refuses_missing_and_nondraft" time="0.094" /><testcase classname="tests.test_learning_repository" name="test_learning_repository_detects_publication_version_inconsistency" time="0.095" /><testcase classname="tests.test_learning_repository" name="test_learning_repository_detects_draft_version_inconsistency_on_publish" time="0.097" /><testcase classname="tests.test_learning_repository" name="test_learning_repository_retirement_state_machine" time="0.089" /><testcase classname="tests.test_learning_repository" name="test_learning_repository_delete_missing_draft_is_false" time="0.070" /><testcase classname="tests.test_learning_repository" name="test_learning_repository_round_trips_prerequisite_edges" time="0.103" /><testcase classname="tests.test_learning_repository" name="test_empty_learning_source_projection_short_circuits" time="0.087" /><testcase classname="tests.test_release_state_machine" name="test_release_identity_digest_is_deterministic_and_domain_separated" time="0.000" /><testcase classname="tests.test_release_state_machine" name="test_release_identity_rejects_non_sha_digests" time="0.000" /><testcase classname="tests.test_release_state_machine" name="test_promotion_must_be_sequential" time="0.000" /><testcase classname="tests.test_release_state_machine" name="test_draft_to_integrated_does_not_require_assurance_gate_yet" time="0.000" /><testcase classname="tests.test_release_state_machine" name="test_verified_requires_verifier_and_exact_source_bound_gate" time="0.000" /><testcase classname="tests.test_release_state_machine" name="test_candidate_requires_mutation_negative_control" time="0.000" /><testcase classname="tests.test_release_state_machine" name="test_production_authorization_requires_independent_verifier" time="0.000" /><testcase classname="tests.test_release_state_machine" name="test_full_gate_set_and_independent_verifier_authorize_production" time="0.000" /><testcase classname="tests.test_release_state_machine" name="test_authorized_release_cannot_move_back_to_candidate" time="0.000" /><testcase classname="tests.test_release_state_machine" name="test_withdrawal_is_the_only_general_safety_escape" time="0.000" /><testcase classname="tests.test_release_state_machine" name="test_withdrawal_cannot_be_smuggled_through_generic_promotion_api" time="0.000" /><testcase classname="tests.test_package_zip_safety" name="test_valid_archive_remains_accepted" time="0.005" /><testcase classname="tests.test_package_zip_safety" name="test_parent_traversal_is_rejected_before_extraction" time="0.002" /><testcase classname="tests.test_package_zip_safety" name="test_duplicate_name_is_rejected" time="0.002" /><testcase classname="tests.test_package_zip_safety" name="test_casefold_alias_is_rejected" time="0.002" /><testcase classname="tests.test_package_zip_safety" name="test_symlink_entry_is_rejected" time="0.001" /><testcase classname="tests.test_package_zip_safety" name="test_backslash_alias_is_rejected" time="0.001" /><testcase classname="tests.test_package_mode_integrity" name="test_package_verifier_accepts_preserved_executable_mode" time="0.002" /><testcase classname="tests.test_package_mode_integrity" name="test_package_verifier_refuses_lost_executable_mode" time="0.002" /><testcase classname="tests.test_package_build_identity" name="test_clean_source_package_build_identity_passes" time="0.002" /><testcase classname="tests.test_package_build_identity" name="test_stale_source_manifest_binding_is_rejected" time="0.002" /><testcase classname="tests.test_package_build_identity" name="test_gitless_package_cannot_claim_an_invented_commit" time="0.001" /><testcase classname="tests.test_manifest_generation" name="test_manifest_uses_only_git_tracked_files_in_worktree" time="0.008" /><testcase classname="tests.test_manifest_generation" name="test_manifest_uses_archive_files_without_git" time="0.003" /><testcase classname="tests.test_manifest_generation" name="test_distribution_manifest_includes_untracked_package_artifacts" time="0.001" /><testcase classname="tests.test_manifest_generation" name="test_git_bundle_is_distribution_artifact_not_source" time="0.002" /><testcase classname="tests.test_manifest_generation" name="test_manifest_binds_posix_mode" time="0.009" /><testcase classname="tests.test_manifest_generation" name="test_manifest_root_changes_when_only_mode_changes" time="0.008" /><testcase classname="tests.test_system_manifest_exclusions" name="test_generated_handoff_evidence_is_not_part_of_system_manifest_or_source_digest" time="0.002" /></testsuite></testsuites>