<?xml version="1.0" encoding="utf-8"?><testsuites name="pytest tests"><testsuite name="pytest" errors="0" failures="0" skipped="0" tests="38" time="6.155" timestamp="2026-08-23T16:01:32.000937+00:00" hostname="fc66179f4b93"><testcase classname="tests.test_access_control" name="test_public_identity_cannot_request_restricted_corpus" time="0.458" /><testcase classname="tests.test_assurance_calculus" name="test_independent_attested_redteam_can_close_its_gate" time="0.001" /><testcase classname="tests.test_branch_cycle2_resilience_v050" name="test_ingestion_transition_refusal_matrix" time="0.001" /><testcase classname="tests.test_currency_lower_bound" name="test_the_candidate_sql_excludes_an_unbounded_version" time="0.518" /><testcase classname="tests.test_deployment_rendering_refusals" name="test_a_directory_without_a_kustomization_is_refused" time="0.001" /><testcase classname="tests.test_deterministic_branch_matrix_v050" name="test_config_policy_auth_and_controlled_matrix" time="0.001" /><testcase classname="tests.test_deterministic_plasticity_v060" name="test_bounds_saturate_instead_of_overshooting" time="0.001" /><testcase classname="tests.test_environment_drift" name="test_an_observation_without_a_timestamp_is_refused" time="0.000" /><testcase classname="tests.test_evaluation_validity" name="test_100_percent_accuracy_is_not_enough_without_independence" time="0.004" /><testcase classname="tests.test_evidence_fusion" name="test_cross_identity_merge_is_rejected" time="0.000" /><testcase classname="tests.test_evidence_provenance" name="test_gate_rejects_evidence_from_a_foreign_tree" time="0.001" /><testcase classname="tests.test_external_redteam_admissibility" name="test_declared_pass_cannot_hide_missing_attack_family" time="0.000" /><testcase classname="tests.test_foreign_supersession" name="test_the_victim_stays_answerable_after_the_attempt" time="0.523" /><testcase classname="tests.test_gate_negative_controls" name="test_the_operational_gate_can_fail_on_each_predicate[eval_pass_rate]" time="0.001" /><testcase classname="tests.test_gate_parity" name="test_the_requirements_register_is_current" time="1.284" /><testcase classname="tests.test_gcp_container_vulnerability_gate" name="test_non_successful_discovery_fails_closed[SCANNING]" time="0.001" /><testcase classname="tests.test_github_actions_policy" name="test_mutable_runner_label_is_rejected" time="0.003" /><testcase classname="tests.test_github_actions_policy" name="test_repository_github_workflows_satisfy_policy" time="0.064" /><testcase classname="tests.test_mathematical_integrity_hardening" name="test_inference_cycle_budget_cannot_be_disabled_by_non_integer_math[inf]" time="0.001" /><testcase classname="tests.test_mathematical_integrity_hardening" name="test_operational_release_gate_rejects_mathematically_invalid_evidence[eval-path2-False]" time="0.001" /><testcase classname="tests.test_model_egress" name="test_the_permissive_posture_is_the_shipped_default" time="0.000" /><testcase classname="tests.test_operational_policies" name="test_an_external_clause_is_not_counted_as_a_failure" time="1.222" /><testcase classname="tests.test_pec_audit_trace_v097" name="test_audit_trace_rejects_profile_phase_drift" time="0.000" /><testcase classname="tests.test_pec_hosted_evidence_v097" name="test_hosted_evidence_rejects_source_drift" time="0.000" /><testcase classname="tests.test_release_eval_corpus_v2" name="test_release_eval_rows_have_unique_ids_and_required_safety_fields" time="0.111" /><testcase classname="tests.test_repository_access_refusals" name="test_a_similarity_threshold_outside_the_supported_range_is_refused[1.01]" time="0.094" /><testcase classname="tests.test_repository_register" name="test_an_oversized_file_is_detected" time="0.023" /><testcase classname="tests.test_repository_register" name="test_full_ssot_allows_only_oversized_lineage_archive" time="0.051" /><testcase classname="tests.test_repository_seams" name="test_a_reader_with_no_compartments_still_gets_the_compartment_predicate" time="0.001" /><testcase classname="tests.test_rescission_and_clock" name="test_withdrawal_requires_the_approval_permission" time="0.322" /><testcase classname="tests.test_retriever_scope" name="test_out_of_scope_evidence_stops_the_answer[kwargs0-corpus_out_of_scope]" time="0.283" /><testcase classname="tests.test_row_mapping" name="test_a_document_survives_the_round_trip" time="0.000" /><testcase classname="tests.test_source_signature_refusals" name="test_a_signature_over_a_different_source_hash_is_refused" time="0.005" /><testcase classname="tests.test_structured_evidence_and_fuzz" name="test_text_html_json_parser_seeded_fuzz_is_bounded" time="0.013" /><testcase classname="tests.test_table_integrity" name="test_a_block_of_text_rows_without_digits_is_not_a_table" time="0.000" /><testcase classname="tests.test_tenancy_api" name="test_the_openapi_document_describes_the_new_surface" time="0.349" /><testcase classname="tests.test_tenancy_audit_events" name="test_a_rejected_event_is_recorded_with_the_reason_it_was_rejected" time="0.276" /><testcase classname="tests.test_tevv_attestation_boundary" name="test_tevv_policy_does_not_coerce_malformed_numeric_thresholds[minimum_pass_rate-1.0]" time="0.238" /></testsuite></testsuites>