<?xml version="1.0" encoding="utf-8"?><testsuites name="pytest tests"><testsuite name="pytest" errors="0" failures="0" skipped="0" tests="42" time="8.512" timestamp="2026-08-23T16:01:47.326342+00:00" hostname="fc66179f4b93"><testcase classname="tests.test_account_domain" name="test_a_disabled_account_cannot_use_protected_functionality" time="0.358" /><testcase classname="tests.test_account_domain" name="test_the_profile_keeps_only_what_a_person_recognises_themselves_by" time="0.000" /><testcase classname="tests.test_admission_cannot_be_self_granted" name="test_an_unparseable_signature_date_is_refused[yesterday]" time="0.017" /><testcase classname="tests.test_assurance_aggregation" name="test_invalid_coverage_policy_threshold_cannot_make_the_gate_easier" time="0.001" /><testcase classname="tests.test_assurance_calculus" name="test_evidence_join_refuses_cross_source_aggregation" time="0.000" /><testcase classname="tests.test_audit_key_rotation" name="test_events_signed_before_a_rotation_still_verify" time="0.001" /><testcase classname="tests.test_audit_names_governing_version" name="test_an_abstention_records_the_same_fields" time="0.758" /><testcase classname="tests.test_break_glass" name="test_someone_without_authority_cannot_approve" time="0.001" /><testcase classname="tests.test_browser_session_refusals" name="test_an_envelope_that_could_not_be_valid_is_refused_at_seal[session--1]" time="0.001" /><testcase classname="tests.test_coverage_risk_closeout_v080" name="test_invalid_trace_id_is_rejected" time="0.000" /><testcase classname="tests.test_deterministic_branch_matrix_v050" name="test_config_policy_browser_model_semantic_and_runtime_matrix" time="0.002" /><testcase classname="tests.test_engineering_readiness" name="test_missing_criterion_is_zero_not_skip" time="0.001" /><testcase classname="tests.test_entitlement_gate" name="test_without_an_active_subscription_the_paid_corpus_is_denied" time="0.308" /><testcase classname="tests.test_evidence_registry" name="test_a_present_test_resolves" time="0.003" /><testcase classname="tests.test_evidence_registry" name="test_only_a_test_or_a_ci_job_counts_as_executable[.gitlab-ci.yml::api:test-True]" time="0.000" /><testcase classname="tests.test_external_production_evidence_staging" name="test_no_external_evidence_is_a_noop" time="0.000" /><testcase classname="tests.test_external_redteam_admissibility" name="test_signed_internal_report_cannot_claim_external_independence" time="2.910" /><testcase classname="tests.test_gcp_governance_bundle" name="test_oidc_binding_mismatch_fails_closed" time="0.008" /><testcase classname="tests.test_gcp_production_contract" name="test_terraform_pin_downgrade_is_killed" time="0.025" /><testcase classname="tests.test_gcp_production_inputs" name="test_unsafe_external_input_is_refused[WIF_PROVIDER-projects/x/locations/global/workloadIdentityPools/p/providers/q]" time="0.001" /><testcase classname="tests.test_gcs_object_store" name="test_gcs_object_round_trip_is_content_addressed_and_create_only" time="0.000" /><testcase classname="tests.test_learning_repository" name="test_learning_repository_refuses_version_for_unknown_course" time="0.150" /><testcase classname="tests.test_mathematical_integrity_hardening" name="test_gcp_metadata_token_ttl_is_strict_positive_integer[-1]" time="0.002" /><testcase classname="tests.test_mathematical_integrity_hardening" name="test_tuning_simplex_step_is_finite[nan]" time="0.001" /><testcase classname="tests.test_numeric_integrity" name="test_an_ordinary_passage_carries_no_suspicion" time="0.001" /><testcase classname="tests.test_oidc_assurance_refusals" name="test_an_unreadable_auth_time_is_refused[overrides0-auth_time claim is invalid]" time="0.001" /><testcase classname="tests.test_pec_external_assurance_v097" name="test_external_assurance_accepts_trusted_independent_receipt" time="0.000" /><testcase classname="tests.test_pec_integration" name="test_controller_abstain_is_terminal_even_when_first_pass_has_eligible_evidence" time="0.576" /><testcase classname="tests.test_pec_research" name="test_nested_selection_never_sees_outer_validation" time="0.959" /><testcase classname="tests.test_recovery_measurement" name="test_recovery_provenance_counts_are_discrete_and_finite[audit_event_rows]" time="0.000" /><testcase classname="tests.test_release_adaptation_automation_v050" name="test_coverage_ratchet_accepts_only_when_both_floors_hold" time="0.001" /><testcase classname="tests.test_repository_access_refusals" name="test_a_malformed_fingerprint_is_refused[ABCDEF0123456789]" time="0.219" /><testcase classname="tests.test_repository_access_refusals" name="test_an_entitled_identity_reads_the_document" time="0.218" /><testcase classname="tests.test_service_objectives" name="test_no_measurement_is_unmeasured_and_not_a_pass" time="1.144" /><testcase classname="tests.test_source_signature_refusals" name="test_a_signature_after_the_key_expired_is_refused" time="0.001" /><testcase classname="tests.test_span_lookup" name="test_the_answer_citation_resolves_to_a_span_that_contains_the_quote" time="0.407" /><testcase classname="tests.test_supply_chain_attestation_v097" name="test_in_toto_subject_rejects_wrong_artifact_name" time="0.000" /><testcase classname="tests.test_tenancy_threats" name="test_t12b_chunked_oversize_stops_at_the_first_excess_chunk" time="0.001" /><testcase classname="tests.test_tevv_admissibility" name="test_tevv_observation_floor_is_a_positive_integer[True]" time="0.001" /><testcase classname="tests.test_v060_plasticity_contract_closure" name="test_policy_refuses_every_invalid_boundary[updates9-healthy_error_rate]" time="0.001" /><testcase classname="tests.test_v5_security_kernel" name="test_clamd_fails_closed_on_empty_or_unexpected_response" time="0.001" /><testcase classname="tests.test_validity_boundaries" name="test_the_closed_interval_holds_at_both_ends[as_of2-True]" time="0.001" /></testsuite></testsuites>