<?xml version="1.0" encoding="utf-8"?><testsuites name="pytest tests"><testsuite name="pytest" errors="0" failures="0" skipped="0" tests="45" time="5.455" timestamp="2026-08-23T16:16:51.732322+00:00" hostname="fc66179f4b93"><testcase classname="tests.test_architecture" name="test_the_application_layer_reaches_infrastructure_only_through_ports" time="0.345" /><testcase classname="tests.test_audit_anchor_semantics" name="test_a_burst_of_appends_leaves_the_chain_valid" time="1.153" /><testcase classname="tests.test_billing_events" name="test_a_subscription_cannot_be_started_on_an_unknown_plan" time="0.180" /><testcase classname="tests.test_branch_cycle2_policy_control_v050" name="test_query_variant_refusal_shapes[]" time="0.000" /><testcase classname="tests.test_branch_cycle2_ratchet_v050" name="test_tuning_validation_ratchet" time="0.001" /><testcase classname="tests.test_browser_oidc" name="test_oidc_authorization_url_uses_state_nonce_and_s256_pkce" time="0.075" /><testcase classname="tests.test_citation_alignment" name="test_a_claim_with_no_reference_at_all_is_unsupported" time="0.001" /><testcase classname="tests.test_controlled_configuration_refusals" name="test_a_controlled_deployment_refuses_each_weakening[reviewer registry without a digest]" time="0.031" /><testcase classname="tests.test_controlled_configuration_refusals" name="test_a_controlled_deployment_refuses_each_weakening[schema created by the application]" time="0.012" /><testcase classname="tests.test_controlled_configuration_refusals" name="test_a_controlled_deployment_refuses_each_weakening[tls mode that only encrypts]" time="0.008" /><testcase classname="tests.test_corpus_backup_drill" name="test_a_tampered_backup_is_refused_before_it_is_decrypted" time="1.161" /><testcase classname="tests.test_deterministic_branch_matrix_v050" name="test_assurance_validation_and_ceiling_matrix" time="0.003" /><testcase classname="tests.test_document_intake_refusals" name="test_a_plain_text_document_is_extracted" time="0.039" /><testcase classname="tests.test_document_intake_refusals" name="test_a_whitespace_only_document_is_refused" time="0.038" /><testcase classname="tests.test_durable_ingestion_jobs" name="test_durable_job_submission_is_non_parsing_and_worker_completes" time="0.376" /><testcase classname="tests.test_evidence_registry" name="test_a_selector_on_a_non_test_file_is_refused" time="0.000" /><testcase classname="tests.test_external_gate_campaign" name="test_campaign_preserves_independence_as_a_proof_property" time="0.000" /><testcase classname="tests.test_gate_negative_controls" name="test_the_assurance_aggregator_can_fail_on_each_predicate[tests_outcome]" time="0.000" /><testcase classname="tests.test_gate_parity" name="test_no_lock_file_pins_a_package_with_a_known_advisory_recorded_here" time="0.001" /><testcase classname="tests.test_gcp_container_vulnerability_gate" name="test_package_effective_severity_dominates_top_level" time="0.000" /><testcase classname="tests.test_gcp_production_contract" name="test_migration_compatibility_admission_removal_is_killed" time="0.010" /><testcase classname="tests.test_image_pinning" name="test_a_malformed_digest_is_not_a_digest[pgvector/pgvector:0.8.5@sha256:AAAAAAAAAAAAAAAAAAAAAAAAAAAAAAAAAAAAAAAAAAAAAAAAAAAAAAAAAAAAAAAA]" time="0.000" /><testcase classname="tests.test_intra_span_contradiction" name="test_the_scan_covers_eligible_spans_not_only_cited_ones" time="0.001" /><testcase classname="tests.test_malformed_pdf_containment" name="test_the_construction_guard_is_not_what_catches_it" time="0.012" /><testcase classname="tests.test_manifest_generation" name="test_manifest_root_changes_when_only_mode_changes" time="0.045" /><testcase classname="tests.test_mathematical_integrity_hardening" name="test_non_normative_authority_cannot_reach_the_weakest_normative_rank" time="0.000" /><testcase classname="tests.test_mathematical_integrity_hardening" name="test_operational_release_gate_rejects_mathematically_invalid_evidence[scale-path6-False]" time="0.001" /><testcase classname="tests.test_numeric_integrity" name="test_us_grouped_decimal_range_preserves_magnitude" time="0.000" /><testcase classname="tests.test_object_store_integrity" name="test_a_key_that_is_not_a_content_address_is_refused[not-a-key]" time="0.001" /><testcase classname="tests.test_openai_model_adapter" name="test_composition_root_selects_openai_without_leaking_provider_into_application" time="0.006" /><testcase classname="tests.test_operational_policies" name="test_a_scanner_that_never_started_fails_the_policy" time="1.192" /><testcase classname="tests.test_operations" name="test_js_divergence_rejects_undefined_inputs[left1-right1]" time="0.001" /><testcase classname="tests.test_operations" name="test_js_divergence_rejects_undefined_inputs[left2-right2]" time="0.000" /><testcase classname="tests.test_operations" name="test_operational_gate_passes_encoded_engineering_predicates_only" time="0.001" /><testcase classname="tests.test_pec_act_hardening" name="test_controlled_contextual_retrieval_cannot_run_outside_pec_governance" time="0.000" /><testcase classname="tests.test_pec_canary_admission_v097" name="test_canary_accepts_exact_revision_and_policy" time="0.000" /><testcase classname="tests.test_regression_receipt_identity_v097" name="test_regression_receipt_identity_rejects_duplicate_nodeids" time="0.000" /><testcase classname="tests.test_release_state_machine" name="test_promotion_must_be_sequential" time="0.000" /><testcase classname="tests.test_repository_register" name="test_an_unparseable_contract_is_recorded" time="0.010" /><testcase classname="tests.test_retrieval_metamorphic" name="test_candidate_permutation_is_equivariant_for_unique_texts" time="0.001" /><testcase classname="tests.test_source_signature_refusals" name="test_a_correctly_signed_version_is_accepted" time="0.001" /><testcase classname="tests.test_supply_chain_evidence_boundary" name="test_scanner_summary_requires_every_declared_scanner_exit_zero" time="0.000" /><testcase classname="tests.test_supply_chain_evidence_boundary" name="test_supply_chain_manifest_from_another_source_tree_is_rejected" time="0.001" /><testcase classname="tests.test_telemetry_status" name="test_metrics_remain_available_regardless_of_trace_export" time="0.002" /><testcase classname="tests.test_tenancy_api" name="test_the_entitlement_endpoint_says_whether_it_is_enforced" time="0.332" /></testsuite></testsuites>