<?xml version="1.0" encoding="utf-8"?><testsuites name="pytest tests"><testsuite name="pytest" errors="0" failures="0" skipped="0" tests="35" time="4.960" timestamp="2026-08-23T16:00:20.037412+00:00" hostname="fc66179f4b93"><testcase classname="tests.test_access_oracles" name="test_the_near_duplicate_probe_is_not_a_graded_content_oracle[clearance-document1-reader1]" time="0.656" /><testcase classname="tests.test_account_administration" name="test_only_an_administrator_may_switch_a_person_off" time="0.367" /><testcase classname="tests.test_assurance_calculus" name="test_weighted_score_refuses_wrong_arity_and_out_of_range_values" time="0.001" /><testcase classname="tests.test_audit_export" name="test_a_batch_that_skips_the_cursor_is_refused" time="0.001" /><testcase classname="tests.test_audit_key_rotation" name="test_the_new_key_signs_and_the_old_one_no_longer_can" time="0.001" /><testcase classname="tests.test_audit_reader_seam" name="test_events_written_through_the_repository_verify_through_the_reader" time="0.439" /><testcase classname="tests.test_browser_session_refusals" name="test_a_session_issued_in_the_future_is_refused" time="0.007" /><testcase classname="tests.test_browser_session_refusals" name="test_an_envelope_that_could_not_be_valid_is_refused_at_seal[-600]" time="0.005" /><testcase classname="tests.test_controlled_configuration_refusals" name="test_a_controlled_deployment_refuses_each_weakening[bearer jwt instead of oidc]" time="0.043" /><testcase classname="tests.test_currency_lower_bound" name="test_the_projection_ignores_an_unbounded_version_already_in_the_database" time="0.828" /><testcase classname="tests.test_deployment_rendering_refusals" name="test_a_container_that_loosens_its_own_context_is_reported[&lt;lambda&gt;-requests/limits]" time="0.007" /><testcase classname="tests.test_doctrine_catalog" name="test_the_baseline_entry_is_actually_clean" time="0.001" /><testcase classname="tests.test_entitlement_gate" name="test_a_free_corpus_needs_no_subscription" time="0.253" /><testcase classname="tests.test_entitlement_projection_refusals" name="test_a_denied_subject_cannot_also_carry_an_explicit_grant" time="0.001" /><testcase classname="tests.test_entitlement_projection_refusals" name="test_malformed_scope_names_are_refused[corpora-value1]" time="0.001" /><testcase classname="tests.test_evaluation_validity" name="test_missing_required_cohort_cannot_be_hidden_by_aggregate_volume" time="0.005" /><testcase classname="tests.test_external_redteam_admissibility" name="test_all_required_families_and_no_blocking_findings_pass_content_recomputation" time="0.000" /><testcase classname="tests.test_gate_negative_controls" name="test_the_operational_gate_can_fail_on_each_predicate[scale_local_p95]" time="0.001" /><testcase classname="tests.test_gcp_traffic_snapshot" name="test_invalid_traffic_snapshot_fails_closed[payload1]" time="0.000" /><testcase classname="tests.test_liqpay_billing" name="test_http_callback_rejects_signed_wrong_amount" time="0.501" /><testcase classname="tests.test_mathematical_integrity_hardening" name="test_oidc_auth_time_requires_finite_numericdate[1]" time="0.001" /><testcase classname="tests.test_mathematical_integrity_hardening" name="test_standalone_coverage_threshold_parser_rejects_non_probability_policy" time="0.000" /><testcase classname="tests.test_military_knowledge" name="test_revision_diff_ignores_only_unicode_whitespace_representation" time="0.001" /><testcase classname="tests.test_oidc" name="test_oidc_rejects_symmetric_or_insecure_configuration" time="0.000" /><testcase classname="tests.test_package_zip_safety" name="test_compression_ratio_budget_is_enforced" time="0.002" /><testcase classname="tests.test_pec_external_assurance_v097" name="test_external_assurance_rejects_open_blocking_findings" time="0.000" /><testcase classname="tests.test_reference_set" name="test_refusal_cases_were_verified_absent_rather_than_assumed_absent" time="0.002" /><testcase classname="tests.test_reliability_degradation" name="test_database_down_is_a_503_not_a_500" time="0.372" /><testcase classname="tests.test_repository_access_refusals" name="test_a_malformed_fingerprint_is_refused[]" time="0.302" /><testcase classname="tests.test_repository_register" name="test_a_todo_implement_comment_is_detected" time="0.015" /><testcase classname="tests.test_resilience" name="test_admission_controller_is_bounded_and_recovers" time="0.002" /><testcase classname="tests.test_retriever_scope" name="test_one_out_of_scope_row_stops_an_otherwise_valid_batch" time="0.521" /><testcase classname="tests.test_tevv_attestation_boundary" name="test_trusted_tevv_summary_cannot_hide_ledger_leakage_failure" time="0.331" /><testcase classname="tests.test_v060_plasticity_contract_closure" name="test_validator_refuses_even_correctly_rehashed_policy_escapes[proposed0-candidate budget]" time="0.001" /><testcase classname="tests.test_v060_risk_weighted_branch_closure" name="test_reviewer_grant_refuses_non_review_stage_inverted_window_and_expired_edges" time="0.001" /></testsuite></testsuites>