<?xml version="1.0" encoding="utf-8"?><testsuites name="pytest tests"><testsuite name="pytest" errors="0" failures="0" skipped="0" tests="39" time="7.048" timestamp="2026-08-23T16:19:40.159987+00:00" hostname="fc66179f4b93"><testcase classname="tests.test_access_oracles" name="test_the_near_duplicate_probe_still_finds_a_duplicate_the_caller_may_see" time="0.951" /><testcase classname="tests.test_anchor_delivery_backlog" name="test_one_pass_clears_a_backlog_larger_than_the_batch" time="3.347" /><testcase classname="tests.test_answer_composition" name="test_an_opening_that_introduces_a_negation_is_refused[\u0431\u0435\u0437]" time="0.001" /><testcase classname="tests.test_answers" name="test_a_retrieval_deadline_abstains_rather_than_answering_from_a_partial_search" time="0.334" /><testcase classname="tests.test_audit_names_governing_version" name="test_the_event_records_the_thresholds_that_were_applied" time="0.545" /><testcase classname="tests.test_branch_cycle2_extraction_v050" name="test_make_spans_bounds_empty_and_section_matrix" time="0.002" /><testcase classname="tests.test_ci_production_evidence_plumbing" name="test_postgres_job_materializes_network_load_evidence_as_fixture" time="0.033" /><testcase classname="tests.test_citation_alignment" name="test_partially_valid_references_earn_nothing_for_that_claim" time="0.000" /><testcase classname="tests.test_controlled_configuration_refusals" name="test_every_controlled_environment_name_carries_the_same_refusals[controlled]" time="0.014" /><testcase classname="tests.test_conversation_retention" name="test_the_boundary_keeps_rather_than_deletes" time="0.000" /><testcase classname="tests.test_entitlement_projection_refusals" name="test_a_token_that_does_not_belong_here_is_refused[claims2-no active entitlement]" time="0.001" /><testcase classname="tests.test_evidence_provenance" name="test_gate_without_a_digest_cannot_pass" time="0.000" /><testcase classname="tests.test_gate_parity" name="test_every_document_lookup_is_followed_by_an_access_decision" time="0.226" /><testcase classname="tests.test_gate_parity" name="test_the_bootstrap_produces_a_corpus_that_can_actually_answer" time="0.000" /><testcase classname="tests.test_gcp_container_vulnerability_gate" name="test_complete_clean_scan_passes" time="0.000" /><testcase classname="tests.test_gcp_identity" name="test_metadata_access_token_is_cached_and_uses_required_flavor_header" time="0.001" /><testcase classname="tests.test_gcp_production_contract" name="test_worker_pool_autoscaling_mutation_is_killed" time="0.008" /><testcase classname="tests.test_http_audit_anchor" name="test_remote_anchor_fails_closed_on_outage_and_forbids_reset" time="0.001" /><testcase classname="tests.test_learning_repository" name="test_learning_repository_course_lookup_is_explicit" time="0.167" /><testcase classname="tests.test_learning_repository" name="test_learning_repository_round_trips_prerequisite_edges" time="0.322" /><testcase classname="tests.test_liqpay_billing" name="test_http_checkout_and_callback_are_one_fail_closed_flow" time="0.459" /><testcase classname="tests.test_mathematical_integrity_hardening" name="test_circuit_failure_threshold_is_a_discrete_count[1.5]" time="0.001" /><testcase classname="tests.test_mathematical_integrity_hardening" name="test_junit_counts_reject_non_integer_cardinalities[Infinity]" time="0.001" /><testcase classname="tests.test_metamorphic_security_v060" name="test_canonical_control_text_is_idempotent_for_supported_unicode_carriers" time="0.001" /><testcase classname="tests.test_numeric_integrity" name="test_a_thousands_separator_is_not_a_split_number" time="0.000" /><testcase classname="tests.test_object_store_integrity" name="test_an_object_larger_than_the_limit_is_refused_on_read" time="0.004" /><testcase classname="tests.test_observability" name="test_admission_gauge_returns_to_zero_after_answer" time="0.294" /><testcase classname="tests.test_offline_trust" name="test_key_rotation_accepts_current_key_and_rejects_retired_key" time="0.002" /><testcase classname="tests.test_package_build_identity" name="test_clean_source_package_build_identity_passes" time="0.002" /><testcase classname="tests.test_pec_audit_trace_v097" name="test_audit_trace_rejects_revision_drift" time="0.000" /><testcase classname="tests.test_pec_evidence_receipt_v097" name="test_evidence_receipt_rejects_malformed_artifact_digest" time="0.000" /><testcase classname="tests.test_predictive_evidence_control" name="test_empty_and_single_candidate_state_edges_are_finite" time="0.000" /><testcase classname="tests.test_production_hard_predicates" name="test_hosted_builder_cannot_be_inferred_from_workflow_presence" time="0.000" /><testcase classname="tests.test_row_mapping" name="test_clearance_widens_the_classifications_it_may_read[0-expected0]" time="0.000" /><testcase classname="tests.test_table_integrity" name="test_a_table_that_kept_its_shape_is_not_flagged" time="0.000" /><testcase classname="tests.test_tevv_admissibility" name="test_tevv_width_policy_is_a_finite_probability_scale[True]" time="0.000" /><testcase classname="tests.test_url_policy" name="test_generic_http_parser_rejects_non_http_and_fragments" time="0.000" /><testcase classname="tests.test_v060_plasticity_contract_closure" name="test_policy_refuses_every_invalid_boundary[updates0-candidate-budget]" time="0.000" /><testcase classname="tests.test_validity_boundaries" name="test_a_version_takes_effect_on_the_day_it_names" time="0.001" /></testsuite></testsuites>