<?xml version="1.0" encoding="utf-8"?><testsuites name="pytest tests"><testsuite name="pytest" errors="0" failures="0" skipped="1" tests="33" time="5.431" timestamp="2026-08-23T16:19:40.094009+00:00" hostname="fc66179f4b93"><testcase classname="tests.test_access_oracles" name="test_an_unentitled_reviewer_cannot_take_an_order_out_of_force" time="0.700" /><testcase classname="tests.test_admission_register" name="test_every_ground_the_register_clears_cites_evidence_that_exists" time="0.018" /><testcase classname="tests.test_answers" name="test_partial_support_is_not_reported_as_full_coverage" time="0.590" /><testcase classname="tests.test_audit_export" name="test_the_batch_digest_changes_when_any_event_changes" time="0.001" /><testcase classname="tests.test_audit_key_rotation" name="test_a_key_id_that_is_unsafe_in_a_row_or_a_command_is_refused[has space]" time="0.001" /><testcase classname="tests.test_citation_alignment" name="test_every_claim_backed_by_a_carried_citation_is_full_coverage" time="0.001" /><testcase classname="tests.test_configuration_typos" name="test_every_settings_field_is_reachable_by_its_prefixed_name" time="0.007" /><testcase classname="tests.test_configuration_typos" name="test_variables_outside_the_namespace_are_ignored" time="0.000" /><testcase classname="tests.test_conversation_retention" name="test_the_script_refuses_to_apply_a_policy_nobody_declared" time="2.289" /><testcase classname="tests.test_current_truth_hardening_v094" name="test_release_claims_use_portable_mutation_evidence" time="0.001" /><testcase classname="tests.test_deployment_overlays" name="test_missing_workloads_are_reported" time="0.007" /><testcase classname="tests.test_deterministic_plasticity_v060" name="test_one_healthy_window_does_not_chase_recall" time="0.001" /><testcase classname="tests.test_durable_ingestion_jobs" name="test_job_lease_is_exclusive" time="0.380" /><testcase classname="tests.test_evidence_provenance" name="test_digest_ignores_documentation_so_the_gate_stays_signal" time="0.004" /><testcase classname="tests.test_gate_parity" name="test_no_job_reaches_a_relaxed_runner" time="0.001" /><testcase classname="tests.test_gcp_governance_bundle" name="test_valid_bundle_is_content_addressed" time="0.009" /><testcase classname="tests.test_gcp_identity" name="test_metadata_identity_fails_closed_on_outage" time="0.001" /><testcase classname="tests.test_gcp_live_postgres_gate" name="test_force_rls_mutation_is_killed" time="0.003" /><testcase classname="tests.test_handoff_contract" name="test_partial_release_evidence_is_refused" time="0.002" /><testcase classname="tests.test_leakage_measurement" name="test_the_gate_fails_when_the_metric_had_nothing_to_measure" time="0.000" /><testcase classname="tests.test_local_production_preflight" name="test_stale_green_report_is_rejected" time="0.004" /><testcase classname="tests.test_mathematical_integrity_hardening" name="test_retrieval_runtime_limits_are_discrete_and_finite[timeout_ms-True]" time="0.001" /><testcase classname="tests.test_mathematical_integrity_hardening" name="test_retrieval_runtime_limits_are_discrete_and_finite[timeout_ms-nan]" time="0.000" /><testcase classname="tests.test_noninterference_measurement" name="test_the_withheld_set_is_not_empty_for_a_subject_who_cannot_see_everything" time="0.801" /><testcase classname="tests.test_offline_trust" name="test_revocation_is_fail_closed" time="0.002" /><testcase classname="tests.test_oidc_assurance_refusals" name="test_a_missing_acr_is_refused_when_one_is_required" time="0.001" /><testcase classname="tests.test_postgres_integration" name="test_postgres_migrated_search_rls_access_and_audit" time="0.000"><skipped type="pytest.skip" message="KORPUS_POSTGRES_TEST_URL is not configured">/mnt/data/KORPUS_v0.9.7_WORKTREE_2026-08-23/apps/api/tests/test_postgres_integration.py:36: KORPUS_POSTGRES_TEST_URL is not configured</skipped></testcase><testcase classname="tests.test_requirement_registry" name="test_the_load_bearing_requirements_survived_the_move[dockerfile.api.hashed_lock]" time="0.001" /><testcase classname="tests.test_risk_rules" name="test_every_rule_matches_its_own_examples[temporal.comparison:0]" time="0.001" /><testcase classname="tests.test_structured_evidence_and_fuzz" name="test_numeric_unit_conflicts_are_detected_across_exactly_convertible_units" time="0.001" /><testcase classname="tests.test_tenancy_api" name="test_the_account_endpoint_creates_on_first_call_and_is_stable" time="0.340" /><testcase classname="tests.test_training_progression" name="test_progression_is_prerequisite_aware_and_fail_closed" time="0.002" /><testcase classname="tests.test_v5_security_kernel" name="test_parser_sandbox_setting_selects_isolated_parser" time="0.001" /></testsuite></testsuites>