<?xml version="1.0" encoding="utf-8"?><testsuites name="pytest tests"><testsuite name="pytest" errors="0" failures="0" skipped="0" tests="39" time="6.573" timestamp="2026-08-23T16:00:56.483437+00:00" hostname="fc66179f4b93"><testcase classname="tests.test_attestation_signatures" name="test_altering_the_signer_name_after_signing_is_refused" time="0.031" /><testcase classname="tests.test_audit" name="test_committed_audit_anchor_failure_is_recoverable_without_replaying_event" time="0.611" /><testcase classname="tests.test_browser_oidc" name="test_oidc_authorization_endpoint_preserves_provider_query_without_shadowing_flow" time="0.085" /><testcase classname="tests.test_corpus_release_manifest" name="test_the_signer_is_recorded_as_an_assertion" time="1.388" /><testcase classname="tests.test_coverage_risk_closeout_v080" name="test_unsellable_liqpay_plan_is_rejected_before_checkout_generation" time="0.001" /><testcase classname="tests.test_deterministic_branch_matrix_v050" name="test_deployment_patch_branch_matrix" time="0.002" /><testcase classname="tests.test_evidence_provenance" name="test_malformed_provenance_is_not_provenance[None]" time="0.000" /><testcase classname="tests.test_full_ssot_packager" name="test_full_ssot_preserves_web_distribution_and_lineage" time="0.000" /><testcase classname="tests.test_gate_negative_controls" name="test_the_assurance_aggregator_can_fail_on_each_predicate[coverage_line]" time="0.000" /><testcase classname="tests.test_gate_negative_controls" name="test_the_operational_gate_can_fail_on_each_predicate[reports_present]" time="0.001" /><testcase classname="tests.test_gate_parity" name="test_audit_closure_csv_generator_uses_canonical_lf_lines" time="0.001" /><testcase classname="tests.test_gate_parity" name="test_ci_pythonpath_contains_repository_root_for_scripts_package_imports" time="0.032" /><testcase classname="tests.test_manifest_generation" name="test_manifest_binds_posix_mode" time="0.040" /><testcase classname="tests.test_mathematical_integrity_hardening" name="test_embedding_resource_bounds_reject_nonfinite_or_nondiscrete_values[dimensions-True]" time="0.001" /><testcase classname="tests.test_mathematical_integrity_hardening" name="test_junit_counts_reject_impossible_outcome_cardinality" time="0.002" /><testcase classname="tests.test_mathematical_integrity_hardening" name="test_oidc_freshness_cannot_be_disabled_by_nonfinite_policy[clock_skew_seconds-inf]" time="0.001" /><testcase classname="tests.test_pec_act_hardening" name="test_dataset_audit_rejects_group_partition_leakage" time="1.311" /><testcase classname="tests.test_pec_cohort_v097" name="test_complete_cohort_passes_only_exact_set" time="0.001" /><testcase classname="tests.test_pec_observability" name="test_pec_metrics_are_low_cardinality_and_context_local" time="0.001" /><testcase classname="tests.test_pec_training_lineage_v097" name="test_training_lineage_accepts_exact_binding" time="0.000" /><testcase classname="tests.test_predictive_evidence_control" name="test_evidence_state_fingerprint_is_deterministic_and_query_sensitive" time="0.001" /><testcase classname="tests.test_quote_provenance" name="test_an_answer_quotes_only_text_that_exists_in_the_document" time="0.719" /><testcase classname="tests.test_repository_access_refusals" name="test_a_version_cannot_be_queued_against_a_document_in_another_corpus" time="0.182" /><testcase classname="tests.test_requirement_registry" name="test_every_requirement_names_a_subject_and_states_something" time="0.001" /><testcase classname="tests.test_rescission_and_clock" name="test_withdrawal_is_recorded_in_the_audit_chain" time="0.494" /><testcase classname="tests.test_retention_planning" name="test_the_governance_profile_refuses_delete_together_with_legal_hold" time="0.001" /><testcase classname="tests.test_retrieval_metamorphic" name="test_unicode_normalization_is_semantics_preserving" time="0.001" /><testcase classname="tests.test_s3_object_store" name="test_s3_store_rejects_unsafe_prefix_and_bounded_reads" time="0.170" /><testcase classname="tests.test_semantic_integration" name="test_embedding_provider_configuration_is_fail_closed" time="0.000" /><testcase classname="tests.test_supply_chain_evidence_boundary" name="test_container_scan_marker_requires_both_image_scans_exit_zero" time="0.000" /><testcase classname="tests.test_table_integrity" name="test_samples_are_bounded" time="0.000" /><testcase classname="tests.test_tenancy_api" name="test_a_disabled_account_is_refused_everywhere" time="0.329" /><testcase classname="tests.test_tenancy_threats" name="test_t11_a_restricted_deployment_does_not_send_the_question_anywhere" time="0.001" /><testcase classname="tests.test_tevv_admissibility" name="test_tevv_width_policy_is_a_finite_probability_scale[0.0]" time="0.000" /><testcase classname="tests.test_tevv_admissibility" name="test_wilson_counts_are_discrete_observations[1.0-2]" time="0.000" /><testcase classname="tests.test_tevv_admissibility" name="test_wilson_parameter_cannot_create_an_invalid_interval[True]" time="0.003" /><testcase classname="tests.test_tevv_attestation_boundary" name="test_trusted_tevv_wrong_evidence_schema_fails_closed" time="0.290" /><testcase classname="tests.test_undated_source_limitation" name="test_a_dated_source_carries_no_such_notice" time="0.564" /><testcase classname="tests.test_v060_plasticity_contract_closure" name="test_policy_refuses_every_invalid_boundary[updates3-timeout_step_ms]" time="0.001" /></testsuite></testsuites>