<?xml version="1.0" encoding="utf-8"?><testsuites name="pytest tests"><testsuite name="pytest" errors="0" failures="0" skipped="0" tests="37" time="5.404" timestamp="2026-08-23T16:36:05.693109+00:00" hostname="fc66179f4b93"><testcase classname="tests.test_account_administration" name="test_an_unknown_account_is_a_404_not_a_500" time="0.440" /><testcase classname="tests.test_adaptation_cli_v060" name="test_cli_refuses_malformed_or_unbounded_state" time="1.111" /><testcase classname="tests.test_admission_cannot_be_self_granted" name="test_an_unparseable_signature_date_is_refused[]" time="0.017" /><testcase classname="tests.test_assurance_aggregation" name="test_absent_quality_evidence_is_a_failure_not_a_pass" time="0.001" /><testcase classname="tests.test_audit_export" name="test_a_sequence_gap_inside_the_batch_is_refused" time="0.001" /><testcase classname="tests.test_audit_export" name="test_payloads_are_excluded_unless_asked_for" time="0.000" /><testcase classname="tests.test_auth" name="test_controlled_environment_requires_remote_audit_anchor" time="0.012" /><testcase classname="tests.test_authority_ranking" name="test_one_version_is_selected_once_however_many_spans_match" time="0.001" /><testcase classname="tests.test_billing_events" name="test_malformed_payloads_are_refused_and_change_nothing[{&quot;id&quot;: &quot;x&quot;}]" time="0.153" /><testcase classname="tests.test_branch_cycle2_policy_control_v050" name="test_auth_dev_oidc_and_bearer_refusal_matrix" time="0.001" /><testcase classname="tests.test_break_glass" name="test_one_person_cannot_break_glass_alone" time="0.000" /><testcase classname="tests.test_corpus_release_identity" name="test_the_release_id_equals_the_definition_it_replaced" time="0.620" /><testcase classname="tests.test_deployment_rendering_refusals" name="test_a_pod_that_loosens_its_own_context_is_reported[&lt;lambda&gt;-no containers]" time="0.006" /><testcase classname="tests.test_embedding_migration" name="test_a_plan_that_cannot_be_executed_is_refused[overrides3]" time="0.000" /><testcase classname="tests.test_evidence_provenance" name="test_gate_script_exits_nonzero_on_foreign_evidence" time="1.220" /><testcase classname="tests.test_evidence_registry" name="test_closure_claimed_on_prose_alone_is_rejected" time="0.000" /><testcase classname="tests.test_evidence_registry" name="test_only_a_test_or_a_ci_job_counts_as_executable[apps/api/tests/test_x.py::test_y-True]" time="0.000" /><testcase classname="tests.test_gate_negative_controls" name="test_the_assurance_aggregator_can_fail_on_each_predicate[mutation]" time="0.001" /><testcase classname="tests.test_gate_negative_controls" name="test_the_operational_gate_can_fail_on_each_predicate[scale_candidate_bound]" time="0.001" /><testcase classname="tests.test_gcp_production_contract" name="test_migration_direct_vpc_mutation_is_killed" time="0.008" /><testcase classname="tests.test_import_graph" name="test_cycle_detector_negative_control" time="0.001" /><testcase classname="tests.test_inference_security_gate" name="test_inference_security_profile_rejects_missing_test_target" time="0.000" /><testcase classname="tests.test_manifest_generation" name="test_manifest_uses_archive_files_without_git" time="0.009" /><testcase classname="tests.test_mathematical_integrity_hardening" name="test_admission_wait_timeout_is_finite[inf]" time="0.001" /><testcase classname="tests.test_mathematical_integrity_hardening" name="test_gcp_metadata_access_token_is_not_string_coerced[None]" time="0.001" /><testcase classname="tests.test_mathematical_integrity_hardening" name="test_object_store_size_limit_is_a_discrete_finite_count[nan]" time="0.001" /><testcase classname="tests.test_openai_model_adapter" name="test_openai_malformed_output_contributes_nothing" time="0.001" /><testcase classname="tests.test_parser_sandbox_path" name="test_a_relative_pythonpath_is_resolved_before_the_worker_sees_it" time="0.001" /><testcase classname="tests.test_pec_audit_trace_v097" name="test_audit_trace_is_deterministic_under_input_order" time="0.000" /><testcase classname="tests.test_readiness_policy_v2" name="test_evidence_class_registry_is_strictly_ordered" time="0.000" /><testcase classname="tests.test_rescission_and_clock" name="test_an_approved_order_can_be_withdrawn" time="0.506" /><testcase classname="tests.test_risk_rules" name="test_the_deciding_rule_travels_with_the_class" time="0.001" /><testcase classname="tests.test_service_objectives" name="test_subject_throttling_under_rated_load_fails_capacity_objective" time="1.036" /><testcase classname="tests.test_source_signature_refusals" name="test_a_key_belonging_to_another_issuer_is_refused" time="0.001" /><testcase classname="tests.test_status_document_matches_the_registers" name="test_the_document_never_claims_production_authorization" time="0.000" /><testcase classname="tests.test_tevv_admissibility" name="test_wilson_parameter_cannot_create_an_invalid_interval[nan]" time="0.000" /><testcase classname="tests.test_tevv_ledger_boundary" name="test_failure_counts_come_from_rows_not_top_level_claims" time="0.001" /></testsuite></testsuites>