<?xml version="1.0" encoding="utf-8"?><testsuites name="pytest tests"><testsuite name="pytest" errors="0" failures="0" skipped="0" tests="30" time="2.816" timestamp="2026-08-23T16:02:08.911792+00:00" hostname="fc66179f4b93"><testcase classname="tests.test_access_oracles" name="test_the_outsider_cannot_see_the_document_at_all" time="0.938" /><testcase classname="tests.test_account_administration" name="test_an_operator_can_disable_an_account_without_a_database_shell" time="0.380" /><testcase classname="tests.test_answer_paths_are_bounded" name="test_every_answer_path_goes_through_the_shared_bound" time="0.042" /><testcase classname="tests.test_answers" name="test_approved_document_produces_exact_claim_bound_citation" time="0.505" /><testcase classname="tests.test_assurance_aggregation" name="test_non_probability_coverage_cannot_satisfy_release_threshold[1.01]" time="0.001" /><testcase classname="tests.test_audit_key_rotation" name="test_a_key_id_that_is_unsafe_in_a_row_or_a_command_is_refused[semi;colon]" time="0.005" /><testcase classname="tests.test_boundary_coverage_v5" name="test_local_object_store_full_lifecycle_and_fail_closed_paths" time="0.026" /><testcase classname="tests.test_branch_cycle2_ratchet_v050" name="test_pdf_ocr_renderer_and_image_loop_edges" time="0.002" /><testcase classname="tests.test_controlled_configuration_refusals" name="test_a_controlled_deployment_refuses_each_weakening[session cookie without host prefix]" time="0.013" /><testcase classname="tests.test_controlled_configuration_refusals" name="test_every_controlled_environment_name_carries_the_same_refusals[production]" time="0.007" /><testcase classname="tests.test_coverage_risk_closeout_v080" name="test_malformed_scanner_record_container_fails_closed" time="0.000" /><testcase classname="tests.test_deterministic_plasticity_v060" name="test_proposal_digest_commits_observation_state_and_policy" time="0.001" /><testcase classname="tests.test_document_intake_refusals" name="test_invalid_json_is_refused" time="0.022" /><testcase classname="tests.test_entitlement_gate" name="test_a_subscription_whose_plan_vanished_entitles_nothing" time="0.001" /><testcase classname="tests.test_evidence_provenance" name="test_malformed_provenance_is_not_provenance[block3]" time="0.000" /><testcase classname="tests.test_gcp_canary_metrics" name="test_canary_metrics_reject_server_error_rate" time="0.001" /><testcase classname="tests.test_inference_security_gate" name="test_repository_inference_security_profile_has_executable_scope" time="0.001" /><testcase classname="tests.test_infrastructure_hardening" name="test_malformed_host_header_is_rejected_before_routing" time="0.236" /><testcase classname="tests.test_mathematical_integrity_hardening" name="test_embedding_resource_bounds_reject_nonfinite_or_nondiscrete_values[max_response_bytes-nan]" time="0.001" /><testcase classname="tests.test_mathematical_integrity_hardening" name="test_embedding_switch_cannot_treat_more_than_100_percent_as_complete" time="0.000" /><testcase classname="tests.test_mathematical_integrity_hardening" name="test_gcp_identity_timeout_is_finite_positive[True]" time="0.001" /><testcase classname="tests.test_mathematical_integrity_hardening" name="test_object_store_size_limit_is_a_discrete_finite_count[inf]" time="0.001" /><testcase classname="tests.test_mathematical_integrity_hardening" name="test_operational_release_gate_rejects_mathematically_invalid_evidence[eval-path1-false]" time="0.001" /><testcase classname="tests.test_military_readiness_runner" name="test_aggregate_status_preserves_fail_and_unknown" time="0.001" /><testcase classname="tests.test_oidc" name="test_oidc_verifier_pins_algorithm_issuer_audience_and_kid" time="0.103" /><testcase classname="tests.test_regression_receipt_identity_v097" name="test_regression_receipt_identity_accepts_exact_freeze" time="0.001" /><testcase classname="tests.test_repository_access_refusals" name="test_near_duplicate_search_finds_the_version_for_an_entitled_identity" time="0.264" /><testcase classname="tests.test_requirement_registry" name="test_the_load_bearing_requirements_survived_the_move[backup.streams_to_stdout]" time="0.001" /><testcase classname="tests.test_status_document_matches_the_registers" name="test_the_open_grounds_count_excludes_the_can_go_red_ground" time="0.000" /><testcase classname="tests.test_url_policy" name="test_https_policy_refuses_ambiguous_or_credential_bearing_urls[https://example.com\\@evil.example/]" time="0.001" /></testsuite></testsuites>