<?xml version="1.0" encoding="utf-8"?><testsuites name="pytest tests"><testsuite name="pytest" errors="0" failures="0" skipped="0" tests="37" time="5.646" timestamp="2026-08-23T15:59:06.784902+00:00" hostname="fc66179f4b93"><testcase classname="tests.test_assurance_aggregation" name="test_missing_gate_reports_fail_the_aggregate" time="0.042" /><testcase classname="tests.test_assurance_aggregation" name="test_non_probability_coverage_cannot_satisfy_release_threshold[-0.01]" time="0.001" /><testcase classname="tests.test_assurance_calculus" name="test_policy_refuses_weights_that_do_not_sum_to_one" time="0.001" /><testcase classname="tests.test_audit_reader_seam" name="test_readiness_reports_the_schema_revision_the_migrations_declare" time="0.406" /><testcase classname="tests.test_builtin_security_gate" name="test_high_confidence_secret_is_destroyed" time="0.003" /><testcase classname="tests.test_calibration" name="test_controlled_settings_accept_valid_profile" time="0.015" /><testcase classname="tests.test_controlled_configuration_refusals" name="test_a_controlled_deployment_refuses_each_weakening[dev authentication]" time="0.009" /><testcase classname="tests.test_coverage_risk_closeout_v080" name="test_missing_billing_runtime_dependency_returns_503" time="0.000" /><testcase classname="tests.test_decision_sensitivity" name="test_boundary_state_fails_closed_if_gate_and_feature_logic_diverge" time="0.001" /><testcase classname="tests.test_deployment_rendering_refusals" name="test_a_patch_the_renderer_cannot_apply_is_refused[operations0-malformed JSON pointer]" time="0.015" /><testcase classname="tests.test_deterministic_plasticity_v060" name="test_safety_has_priority_and_may_bypass_cooldown" time="0.001" /><testcase classname="tests.test_deterministic_plasticity_v060" name="test_safety_thresholds_saturate" time="0.001" /><testcase classname="tests.test_environment_drift" name="test_the_script_refuses_a_stale_observation_instead_of_comparing_it" time="2.692" /><testcase classname="tests.test_external_production_evidence_staging" name="test_complete_group_is_staged_but_not_declared_valid" time="0.001" /><testcase classname="tests.test_gate_parity" name="test_every_lock_file_is_audited_for_known_vulnerabilities" time="0.006" /><testcase classname="tests.test_governance_boundaries" name="test_only_normative_classes_may_govern_an_answer" time="0.000" /><testcase classname="tests.test_learning_repository" name="test_learning_repository_validate_missing_version_fails_closed" time="0.448" /><testcase classname="tests.test_mathematical_integrity_hardening" name="test_gcp_metadata_token_ttl_is_strict_positive_integer[True]" time="0.002" /><testcase classname="tests.test_mathematical_integrity_hardening" name="test_liqpay_amount_parser_is_total_and_bounded[True]" time="0.001" /><testcase classname="tests.test_mathematical_integrity_hardening" name="test_plasticity_runtime_budgets_are_discrete_positive_counts[1.5]" time="0.001" /><testcase classname="tests.test_mathematical_integrity_hardening" name="test_retrieval_runtime_limits_are_discrete_and_finite[timeout_ms-inf]" time="0.001" /><testcase classname="tests.test_military_knowledge" name="test_graph_fails_closed_when_all_evidence_is_stale" time="0.001" /><testcase classname="tests.test_openai_model_adapter" name="test_openai_provider_requires_explicit_model_name" time="0.011" /><testcase classname="tests.test_pec_audit_trace_v097" name="test_audit_trace_rejects_duplicate_event_ids" time="0.001" /><testcase classname="tests.test_pec_contextual_benchmark" name="test_contextual_benchmark_refuses_evidence_mutation" time="0.001" /><testcase classname="tests.test_pec_research" name="test_information_gain_is_vector_not_weighted_scalar" time="0.000" /><testcase classname="tests.test_predictive_evidence_control" name="test_shadow_mode_never_changes_runtime_action" time="0.002" /><testcase classname="tests.test_readiness_evidence_builder" name="test_current_report_requires_exact_source_and_release" time="0.002" /><testcase classname="tests.test_recovery_measurement" name="test_a_duration_without_provenance_is_not_a_measurement[engine_version]" time="0.001" /><testcase classname="tests.test_requirement_registry" name="test_duplicate_ids_are_actually_detected" time="0.000" /><testcase classname="tests.test_retriever_scope" name="test_out_of_scope_evidence_stops_the_answer[kwargs2-reader_not_cleared]" time="0.517" /><testcase classname="tests.test_source_signature_refusals" name="test_an_inverted_validity_interval_is_refused" time="0.001" /><testcase classname="tests.test_supply_chain_evidence_boundary" name="test_source_sbom_must_cover_every_locked_component" time="0.000" /><testcase classname="tests.test_tenancy_audit_events" name="test_every_state_change_appends_its_own_audit_event" time="0.466" /><testcase classname="tests.test_tevv_attestation_boundary" name="test_pretrusted_signed_production_like_tevv_evidence_can_clear_environment_boundary" time="0.279" /><testcase classname="tests.test_tevv_attestation_boundary" name="test_tevv_policy_does_not_coerce_malformed_numeric_thresholds[minimum_observations-1.5]" time="0.304" /><testcase classname="tests.test_tevv_ledger_boundary" name="test_duplicate_observation_ids_fail_closed" time="0.002" /></testsuite></testsuites>