<?xml version="1.0" encoding="utf-8"?><testsuites name="pytest tests"><testsuite name="pytest" errors="0" failures="0" skipped="3" tests="167" time="14.793" timestamp="2026-09-06T12:10:48.938677+03:00" hostname="neuro7-ASUS-TUF-Gaming-F17-FX707ZC4-FX707ZC4"><testcase classname="tests.test_access_oracles" name="test_the_near_duplicate_probe_is_not_a_graded_content_oracle[compartment-document3-reader3]" time="0.142" /><testcase classname="tests.test_admission_register" name="test_a_ground_cleared_with_no_evidence_at_all_is_refused" time="0.001" /><testcase classname="tests.test_anchor_delivery_backlog" name="test_an_empty_outbox_closes_nothing_when_the_anchor_is_already_at_the_head" time="0.093" /><testcase classname="tests.test_anchor_delivery_backlog" name="test_one_pass_clears_a_backlog_larger_than_the_batch" time="1.227" /><testcase classname="tests.test_answer_quality_ratchet" name="test_the_shipped_configuration_is_readable_and_two_sided" time="0.000" /><testcase classname="tests.test_answers" name="test_a_retrieval_deadline_abstains_rather_than_answering_from_a_partial_search" time="0.094" /><testcase classname="tests.test_anthropic_adapter_contract_v060" name="test_oversized_material_is_refused_before_anthropic_transport" time="0.001" /><testcase classname="tests.test_anthropic_adapter_contract_v060" name="test_query_planner_transport_contract_covers_subject_and_no_subject_paths" time="0.000" /><testcase classname="tests.test_architecture" name="test_the_layering_check_can_fail" time="0.009" /><testcase classname="tests.test_assurance_aggregation" name="test_declared_but_unexecuted_tooling_cannot_pass" time="0.000" /><testcase classname="tests.test_assurance_aggregation" name="test_missing_gate_reports_fail_the_aggregate" time="0.000" /><testcase classname="tests.test_assurance_calculus" name="test_policy_refuses_weights_that_do_not_sum_to_one" time="0.000" /><testcase classname="tests.test_assurance_trust" name="test_runtime_trust_root_is_refused_on_unprotected_ci" time="0.001" /><testcase classname="tests.test_audit" name="test_committed_audit_anchor_failure_is_recoverable_without_replaying_event" time="0.093" /><testcase classname="tests.test_audit_ledger_attribution" name="test_the_label_is_not_part_of_what_is_signed" time="0.000" /><testcase classname="tests.test_billing_plan_lifecycle" name="test_a_retired_plan_leaves_the_catalogue_but_stays_readable" time="0.085" /><testcase classname="tests.test_boundary_coverage_v5" name="test_embedding_provider_rejects_ambiguous_or_untyped_envelopes[payload3]" time="0.001" /><testcase classname="tests.test_boundary_coverage_v5" name="test_s3_path_download_inventory_and_cleanup" time="0.071" /><testcase classname="tests.test_branch_integration" name="test_the_real_registry_is_green_on_the_real_repository" time="0.006"><skipped type="pytest.skip" message="жодної з 23 названих реєстром гілок у цьому дереві немає: реєстр описує канонічне робоче дерево, і вирок «запис про гілку, яка вже влита або зникла» був би твердженням про інший предмет">/home/neuro7/Desktop/Ядро основний проект Корпус/apps/api/tests/test_branch_integration.py:131: жодної з 23 названих реєстром гілок у цьому дереві немає: реєстр описує канонічне робоче дерево, і вирок «запис про гілку, яка вже влита або зникла» був би твердженням про інший предмет</skipped></testcase><testcase classname="tests.test_browser_auth_refusal_paths" name="test_a_return_path_that_could_leave_the_origin_collapses_to_root[//evil.example/takeover]" time="0.001" /><testcase classname="tests.test_browser_auth_refusal_paths" name="test_a_return_path_that_could_leave_the_origin_collapses_to_root[]" time="0.000" /><testcase classname="tests.test_browser_auth_refusal_paths" name="test_login_and_callback_are_not_found_when_browser_auth_is_off" time="0.157" /><testcase classname="tests.test_browser_oidc" name="test_logout_cookie_deletions_preserve_secure_prefix_requirements" time="0.125" /><testcase classname="tests.test_builtin_security_gate" name="test_high_confidence_secret_is_destroyed" time="0.006" /><testcase classname="tests.test_candidate_visibility_equivalence" name="test_assigned_compartment_is_admitted_but_partial_assignment_is_not" time="0.006" /><testcase classname="tests.test_canonical_state" name="test_age_is_measured_between_two_dates_and_missing_one_is_unknown" time="0.000" /><testcase classname="tests.test_citation_fragments" name="test_segmentation_of_a_headless_span_yields_a_headless_first_sentence" time="0.000" /><testcase classname="tests.test_clean_source_release_boundary" name="test_only_formal_production_promotion_requires_the_release_tag" time="0.001" /><testcase classname="tests.test_competency_repository" name="test_duplicate_framework_revision_is_refused_atomically" time="0.082" /><testcase classname="tests.test_configuration_typos" name="test_the_app_refuses_to_start_on_an_unrecognised_variable" time="0.004" /><testcase classname="tests.test_conversation_retention" name="test_the_boundary_keeps_rather_than_deletes" time="0.000" /><testcase classname="tests.test_corpus_snapshot_contract" name="test_corpus_read_token_rejects_noncanonical_authorization_scope[zzzzzzzzzzzzzzzzzzzzzzzzzzzzzzzzzzzzzzzzzzzzzzzzzzzzzzzzzzzzzzzz]" time="0.001" /><testcase classname="tests.test_corpus_snapshot_contract" name="test_snapshot_token_cannot_be_reused_for_another_historical_date" time="0.103" /><testcase classname="tests.test_coverage_closure_v097" name="test_gcp_id_token_cache_invalid_payload_marker_and_close" time="0.002" /><testcase classname="tests.test_coverage_closure_v097" name="test_release_claim_status_branches[{&quot;release&quot;: &quot;v0.9.7&quot;, &quot;status&quot;: &quot;PASS&quot;}-.json-UNBOUND_EVIDENCE]" time="0.001" /><testcase classname="tests.test_coverage_closure_v097" name="test_source_digest_inclusion_git_and_archive_validation" time="0.004" /><testcase classname="tests.test_coverage_risk_closeout_v080" name="test_missing_billing_runtime_dependency_returns_503" time="0.000" /><testcase classname="tests.test_current_truth_hardening_v094" name="test_a_digest_recorded_for_another_path_does_not_vouch_for_this_one" time="0.002" /><testcase classname="tests.test_declared_subject_token_space" name="test_the_nominative_still_works" time="0.001" /><testcase classname="tests.test_deployment_debt" name="test_a_list_of_failures_is_measured_by_its_length" time="0.000" /><testcase classname="tests.test_deterministic_plasticity_v060" name="test_overload_reduces_work_without_relaxing_safety" time="0.001" /><testcase classname="tests.test_deterministic_plasticity_v060" name="test_safety_has_priority_and_may_bypass_cooldown" time="0.001" /><testcase classname="tests.test_doctrine_catalog" name="test_a_stale_probe_is_refused" time="0.005" /><testcase classname="tests.test_doctrine_catalog" name="test_an_ingestible_entry_must_have_a_source_uri" time="0.005" /><testcase classname="tests.test_doctrine_catalog" name="test_required_attachments_as_a_string_no_longer_disables_the_rule" time="0.006" /><testcase classname="tests.test_doctrine_catalog" name="test_the_same_moment_written_differently[2026-08-29T10:00:00-True]" time="0.000" /><testcase classname="tests.test_doctrine_catalog" name="test_unverified_provenance_must_require_a_second_source" time="0.004" /><testcase classname="tests.test_document_references" name="test_abbreviations_resolve_by_path_suffix" time="0.000" /><testcase classname="tests.test_egress_material_ceiling" name="test_restricted_material_never_reaches_an_external_composer" time="0.209" /><testcase classname="tests.test_embedding_backfill_cli" name="test_component_boundary_binds_governance_and_closes_resources" time="0.002" /><testcase classname="tests.test_embedding_provider_admission" name="test_a_model_id_that_is_not_one_is_refused[\u043c\u043e\u0434\u0435\u043b\u044c]" time="0.001" /><testcase classname="tests.test_engineering_readiness" name="test_criterion_results_that_are_not_an_object_are_refused[7]" time="0.000" /><testcase classname="tests.test_engineering_readiness" name="test_dimension_evidence_that_is_not_an_object_is_refused[True]" time="0.000" /><testcase classname="tests.test_entitlement_projection_refusals" name="test_the_canonical_digest_ignores_key_order" time="0.001" /><testcase classname="tests.test_entitlement_revocation" name="test_settings_still_accept_a_profile_path" time="0.005" /><testcase classname="tests.test_evaluation_validity" name="test_a_non_finite_measurement_is_refused_before_it_is_sorted[nan]" time="0.000" /><testcase classname="tests.test_evaluation_validity" name="test_single_hard_failure_is_conjunctive_release_failure" time="0.002" /><testcase classname="tests.test_evidence_bases" name="test_a_process_without_a_corpus_is_not_a_base" time="0.001" /><testcase classname="tests.test_evidence_provenance" name="test_gate_without_a_digest_cannot_pass" time="0.000" /><testcase classname="tests.test_evidence_provenance" name="test_malformed_provenance_is_not_provenance[None]" time="0.000" /><testcase classname="tests.test_evidence_registry" name="test_a_mitigated_finding_may_rest_on_documents" time="0.000" /><testcase classname="tests.test_evidence_source_binding" name="test_absence_and_mismatch_are_named_apart[12345-assurance evidence source digest is missing or malformed]" time="0.000" /><testcase classname="tests.test_evidence_source_binding" name="test_the_two_computations_agree_exactly_when_the_surface_is_clean" time="7.683" /><testcase classname="tests.test_evidence_stores" name="test_this_registry_carries_no_number_that_ages_silently" time="0.001" /><testcase classname="tests.test_exact_environment_evidence" name="test_wrong_python_patch_version_prevents_exact_environment_claim" time="0.000" /><testcase classname="tests.test_external_gate_campaign" name="test_campaign_marks_satisfied_predicate_pass_before_capability_diagnosis" time="0.000" /><testcase classname="tests.test_external_redteam_admissibility" name="test_open_blocking_finding_refuses_promotion[CRITICAL]" time="0.000" /><testcase classname="tests.test_extraction_type_confusion" name="test_a_declared_mime_type_that_the_extension_contradicts_is_refused[order.txt-application/pdf-PDF MIME type requires .pdf]" time="0.006" /><testcase classname="tests.test_extraction_type_confusion" name="test_a_detector_verdict_that_agrees_admits_the_file[order.html-text/html]" time="0.002" /><testcase classname="tests.test_gate_closure" name="test_gate_reddens_on_every_defect_separately" time="0.038" /><testcase classname="tests.test_gate_closure" name="test_the_selftest_shortcut_needs_the_selftest_gate_to_be_covered" time="0.008" /><testcase classname="tests.test_gate_negative_controls" name="test_the_operational_gate_can_fail_on_each_predicate[reports_present]" time="0.000" /><testcase classname="tests.test_gate_parity" name="test_canonical_formatting_is_a_gate_because_the_mutants_depend_on_it" time="0.000" /><testcase classname="tests.test_gate_parity" name="test_ci_pythonpath_contains_repository_root_for_scripts_package_imports" time="0.035" /><testcase classname="tests.test_gate_parity" name="test_production_snapshot_wrapper_is_never_used_by_the_promotion_target" time="0.006" /><testcase classname="tests.test_gate_parity" name="test_the_assurance_runner_resolves_closure_evidence_only_after_producing_it" time="0.000" /><testcase classname="tests.test_gate_parity" name="test_the_bootstrap_produces_a_corpus_that_can_actually_answer" time="0.000" /><testcase classname="tests.test_gate_parity" name="test_the_postgres_job_measures_coverage_so_the_union_can_exist" time="0.002" /><testcase classname="tests.test_gcp_canary_metrics" name="test_canary_policy_rejects_non_discrete_or_nonfinite_controls[window_seconds-nan]" time="0.000" /><testcase classname="tests.test_gcp_container_vulnerability_gate" name="test_complete_clean_scan_passes" time="0.000" /><testcase classname="tests.test_gcp_migration_compatibility" name="test_mutated_baseline_history_is_rejected" time="0.011" /><testcase classname="tests.test_gcp_migration_compatibility" name="test_raw_sql_future_migration_is_rejected_by_default" time="0.012" /><testcase classname="tests.test_gcp_production_contract" name="test_monthly_pitr_schedule_removal_is_killed" time="0.007" /><testcase classname="tests.test_gcp_production_contract" name="test_worker_pool_autoscaling_mutation_is_killed" time="0.004" /><testcase classname="tests.test_gcp_traffic_snapshot" name="test_traffic_snapshot_ignores_zero_percent_tagged_candidate" time="0.000" /><testcase classname="tests.test_gcs_audit_anchor" name="test_a_payload_whose_sequence_contradicts_its_object_name_is_refused" time="0.000" /><testcase classname="tests.test_handoff_liveness_probe" name="test_a_poisoned_or_failed_report_is_never_rebound[report0]" time="0.000" /><testcase classname="tests.test_hard_predicate_guards" name="test_a_predicate_in_the_release_path_blocks_until_production_is_satisfied" time="0.000" /><testcase classname="tests.test_http_audit_anchor" name="test_remote_anchor_fails_closed_on_outage_and_forbids_reset" time="0.000" /><testcase classname="tests.test_ingestion_queue_ownership" name="test_the_reaper_dead_letters_only_an_expired_lease_with_attempts_exhausted" time="0.080" /><testcase classname="tests.test_input_contract_refusals" name="test_a_fingerprint_of_a_text_without_tokens_is_the_zero_fingerprint" time="0.000" /><testcase classname="tests.test_installed_units" name="test_gate_reddens_on_every_defect_separately" time="0.035" /><testcase classname="tests.test_lane_head_binding" name="test_a_lane_measured_on_this_tree_is_bound" time="0.000" /><testcase classname="tests.test_learning_course_domain" name="test_course_version_refuses_duplicate_module_ordinal" time="0.001" /><testcase classname="tests.test_learning_course_domain" name="test_publication_validation_rejects_evidence_span_mismatch" time="0.000" /><testcase classname="tests.test_learning_course_domain" name="test_source_effectiveness_respects_rescission_and_window" time="0.000" /><testcase classname="tests.test_learning_repository" name="test_empty_learning_source_projection_short_circuits" time="0.057" /><testcase classname="tests.test_learning_repository" name="test_learning_repository_validate_missing_version_fails_closed" time="0.058" /><testcase classname="tests.test_liqpay_billing" name="test_yearly_checkout_declares_yearly_recurrence" time="0.097" /><testcase classname="tests.test_manifest_generation" name="test_distribution_manifest_includes_untracked_package_artifacts" time="0.002" /><testcase classname="tests.test_mathematical_integrity_hardening" name="test_embedding_resource_bounds_reject_nonfinite_or_nondiscrete_values[dimensions-True]" time="0.000" /><testcase classname="tests.test_mathematical_integrity_hardening" name="test_gcp_identity_refresh_skew_is_discrete_nonnegative[True]" time="0.000" /><testcase classname="tests.test_mathematical_integrity_hardening" name="test_gcp_metadata_token_ttl_is_strict_positive_integer[1.5]" time="0.001" /><testcase classname="tests.test_mathematical_integrity_hardening" name="test_junit_counts_reject_impossible_outcome_cardinality" time="0.001" /><testcase classname="tests.test_mathematical_integrity_hardening" name="test_oidc_auth_time_requires_finite_numericdate[True]" time="0.000" /><testcase classname="tests.test_mathematical_integrity_hardening" name="test_plasticity_runtime_budgets_are_discrete_positive_counts[1.5]" time="0.000" /><testcase classname="tests.test_mathematical_integrity_hardening" name="test_retrieval_runtime_limits_are_discrete_and_finite[timeout_ms-inf]" time="0.000" /><testcase classname="tests.test_mcp_stdio_loop" name="test_blank_lines_are_skipped_without_a_parse_error" time="0.000" /><testcase classname="tests.test_metamorphic_invariants" name="test_a_gold_retrievable_flag_that_is_not_boolean_is_reported[1]" time="0.000" /><testcase classname="tests.test_metamorphic_invariants" name="test_a_planner_permission_flag_that_is_not_boolean_is_reported[0]" time="0.000" /><testcase classname="tests.test_metamorphic_invariants" name="test_a_transformation_nobody_validated_is_reported" time="0.000" /><testcase classname="tests.test_metamorphic_security_v060" name="test_canonical_control_text_is_idempotent_for_supported_unicode_carriers" time="0.000" /><testcase classname="tests.test_mission_assurance_v2" name="test_claim_counts_that_contradict_each_other_are_refused[0-1]" time="0.000" /><testcase classname="tests.test_mission_assurance_v2" name="test_claim_counts_that_contradict_each_other_are_refused[2-3]" time="0.000" /><testcase classname="tests.test_model_egress" name="test_local_only_refuses_public_and_link_local_ip_literals" time="0.000" /><testcase classname="tests.test_mutation_sandbox_scope" name="test_the_sandbox_excludes_run_artefacts" time="0.199" /><testcase classname="tests.test_noninterference_measurement" name="test_an_answer_naming_a_withheld_identifier_is_recognised_as_a_leak" time="0.284" /><testcase classname="tests.test_observability" name="test_admission_gauge_returns_to_zero_after_answer" time="0.127" /><testcase classname="tests.test_offline_trust" name="test_key_rotation_accepts_current_key_and_rejects_retired_key" time="0.001" /><testcase classname="tests.test_oidc_assurance_refusals" name="test_a_verifier_that_could_not_verify_anything_is_refused_at_construction[overrides5-explicitly pinned]" time="0.000" /><testcase classname="tests.test_operational_competency" name="test_competency_bound_course_requires_exact_framework_revision" time="0.001" /><testcase classname="tests.test_operational_policies" name="test_a_stale_scan_fails" time="0.056" /><testcase classname="tests.test_package_build_identity" name="test_clean_source_package_build_identity_passes" time="0.002" /><testcase classname="tests.test_package_mode_integrity" name="test_package_verifier_refuses_lost_executable_mode" time="0.004" /><testcase classname="tests.test_pec_act_hardening" name="test_dataset_audit_rejects_group_partition_leakage" time="0.031" /><testcase classname="tests.test_pec_cli_paths" name="test_controller_verifier_fails_on_promoted_oracle_mismatch" time="0.174" /><testcase classname="tests.test_pec_cohort_v097" name="test_complete_cohort_passes_only_exact_set" time="0.000" /><testcase classname="tests.test_pec_evidence_receipt_v097" name="test_evidence_receipt_rejects_malformed_artifact_digest" time="0.000" /><testcase classname="tests.test_pec_promotion_bindings" name="test_a_nested_binding_that_is_not_a_mapping_is_missing_not_empty[receipt1]" time="0.000" /><testcase classname="tests.test_pec_replay_admission" name="test_a_truthy_value_is_not_a_boolean_flag[1.0-authorization_ok]" time="0.000" /><testcase classname="tests.test_pec_training_lineage_v097" name="test_training_lineage_rejects_source_revision_drift" time="0.000" /><testcase classname="tests.test_plasticity_gate_policy_binding_v060" name="test_executable_reference_model_exhausts_the_release_grid" time="0.944" /><testcase classname="tests.test_postgres_rls_claim_forgery" name="test_the_application_login_cannot_touch_the_context_table" time="0.000"><skipped type="pytest.skip" message="KORPUS_POSTGRES_TEST_URL / KORPUS_TEST_DATABASE_ADMIN_URL / KORPUS_AUTHZ_DATABASE_URL are not configured">/home/neuro7/Desktop/Ядро основний проект Корпус/apps/api/tests/test_postgres_rls_claim_forgery.py:98: KORPUS_POSTGRES_TEST_URL / KORPUS_TEST_DATABASE_ADMIN_URL / KORPUS_AUTHZ_DATABASE_URL are not configured</skipped></testcase><testcase classname="tests.test_postgres_rls_policy_state" name="test_security_definer_routines_keep_a_hardened_search_path" time="0.000"><skipped type="pytest.skip" message="least-privilege PostgreSQL app URL is required">/home/neuro7/Desktop/Ядро основний проект Корпус/apps/api/tests/test_postgres_rls_policy_state.py:50: least-privilege PostgreSQL app URL is required</skipped></testcase><testcase classname="tests.test_predictive_evidence_control" name="test_support_check_names_why_a_feature_could_not_be_judged[0.8-unsupported_non_numeric_feature:top1_score]" time="0.000" /><testcase classname="tests.test_printed_decimal_parsing" name="test_a_value_that_does_not_start_with_a_digit_is_refused[.5]" time="0.000" /><testcase classname="tests.test_printed_decimal_parsing" name="test_a_value_that_does_not_start_with_a_digit_is_refused[\u22125]" time="0.000" /><testcase classname="tests.test_provenance_without_git" name="test_an_unusable_manifest_is_not_read_as_an_empty_tracked_set[\u0431\u0438\u0442\u0438\u0439 json]" time="0.001" /><testcase classname="tests.test_public_env_parity" name="test_gate_reddens_on_every_defect_separately" time="0.031" /><testcase classname="tests.test_quote_provenance" name="test_an_answer_quotes_only_text_that_exists_in_the_document" time="0.290" /><testcase classname="tests.test_readiness_evidence_builder" name="test_current_report_requires_exact_source_and_release" time="0.002" /><testcase classname="tests.test_readiness_policy_v2" name="test_gate_dependency_graph_is_acyclic" time="0.000" /><testcase classname="tests.test_recovery_measurement" name="test_a_duration_without_provenance_is_not_a_measurement[engine_version]" time="0.000" /><testcase classname="tests.test_reliability_degradation" name="test_a_crashed_worker_leaves_no_zombie_running_job" time="0.081" /><testcase classname="tests.test_report_input_binding" name="test_a_report_about_a_corpus_that_is_gone_cannot_be_judged" time="0.015" /><testcase classname="tests.test_repository_access_refusals" name="test_a_version_cannot_be_queued_against_a_document_in_another_corpus" time="0.105" /><testcase classname="tests.test_repository_access_refusals" name="test_listing_hides_a_document_above_the_readers_clearance" time="0.109" /><testcase classname="tests.test_required_arguments_are_supplied" name="test_the_pipeline_supplies_every_required_argument" time="0.276" /><testcase classname="tests.test_requirement_registry" name="test_the_register_reads_as_a_document" time="0.000" /><testcase classname="tests.test_retriever_scope" name="test_out_of_scope_evidence_stops_the_answer[kwargs1-reader_not_cleared]" time="0.132" /><testcase classname="tests.test_review_transition_refusals" name="test_an_approved_version_is_rescinded_once_and_not_twice" time="0.137" /><testcase classname="tests.test_routes_permissions" name="test_ingest_rejects_empty_file" time="0.106" /><testcase classname="tests.test_row_mapping" name="test_clearance_widens_the_classifications_it_may_read[3-expected2]" time="0.000" /><testcase classname="tests.test_search_index" name="test_contextual_candidate_fill_recovers_title_vocabulary_without_mutating_evidence" time="0.188" /><testcase classname="tests.test_subject_inflection" name="test_a_neighbouring_role_is_not_the_role" time="0.000" /><testcase classname="tests.test_supply_chain_evidence_boundary" name="test_source_sbom_must_cover_every_locked_component" time="0.000" /><testcase classname="tests.test_supply_chain_inventory_metadata" name="test_publisher_fallback_never_claims_package_is_installed" time="0.000" /><testcase classname="tests.test_support_gate" name="test_an_empty_claim_has_no_support" time="0.000" /><testcase classname="tests.test_table_integrity" name="test_a_table_that_kept_its_shape_is_not_flagged" time="0.000" /><testcase classname="tests.test_table_integrity" name="test_samples_are_bounded" time="0.000" /><testcase classname="tests.test_tenancy_api" name="test_a_disabled_account_is_refused_everywhere" time="0.204" /><testcase classname="tests.test_tenancy_threats" name="test_t11_a_restricted_deployment_does_not_send_the_question_anywhere" time="0.000" /><testcase classname="tests.test_tevv_admissibility" name="test_tevv_width_policy_is_a_finite_probability_scale[1.1]" time="0.000" /><testcase classname="tests.test_token_issuance_refusals" name="test_a_lifetime_outside_the_configured_bound_is_refused[1000000]" time="0.004" /><testcase classname="tests.test_training_and_infra_edges" name="test_grouped_validation_refuses_fewer_than_two_folds[0]" time="0.000" /><testcase classname="tests.test_url_policy" name="test_generic_http_parser_rejects_non_http_and_fragments" time="0.000" /><testcase classname="tests.test_verifier_resistance" name="test_unknown_and_problem_leave_by_different_exit_codes" time="0.001" /></testsuite></testsuites>