<?xml version="1.0" encoding="utf-8"?><testsuites name="pytest tests"><testsuite name="pytest" errors="0" failures="0" skipped="1" tests="187" time="7.429" timestamp="2026-09-06T08:06:30.706442+03:00" hostname="neuro7-ASUS-TUF-Gaming-F17-FX707ZC4-FX707ZC4"><testcase classname="tests.test_access_oracles" name="test_the_near_duplicate_probe_is_not_a_graded_content_oracle[classification-document2-reader2]" time="0.127" /><testcase classname="tests.test_account_domain" name="test_identity_claims_carrying_authorization_are_refused_not_filtered" time="0.000" /><testcase classname="tests.test_admission_cannot_be_self_granted" name="test_an_unparseable_signature_date_is_refused[]" time="0.017" /><testcase classname="tests.test_admission_register" name="test_the_verdict_can_be_true_when_every_ground_is_properly_cleared" time="0.004" /><testcase classname="tests.test_admission_subject_share" name="test_the_spike_refusals_name_a_cause_and_the_cause_is_the_declared_ceiling" time="0.000" /><testcase classname="tests.test_answer_adjudication" name="test_a_single_supporting_axis_is_not_a_ground" time="0.000" /><testcase classname="tests.test_anthropic_adapter_contract_v060" name="test_repeated_anthropic_failure_opens_circuit" time="0.000" /><testcase classname="tests.test_audit_anchor_semantics" name="test_the_verification_endpoint_reports_pending_delivery" time="0.126" /><testcase classname="tests.test_audit_export" name="test_a_continuous_batch_is_accepted" time="0.000" /><testcase classname="tests.test_audit_export" name="test_a_sequence_gap_inside_the_batch_is_refused" time="0.000" /><testcase classname="tests.test_audit_reader_seam" name="test_a_trace_id_that_is_not_a_trace_id_is_refused[00000000000000000000000000000000000000000000000000000000000000000000000000000000000000000000000000000000000000000000000000000000000000000000000000000000000000000000000000000000000000000000000000000000]" time="0.047" /><testcase classname="tests.test_billing_events" name="test_an_event_without_a_usable_timestamp_applies_but_never_advances_the_order[not-a-timestamp]" time="0.095" /><testcase classname="tests.test_billing_plan_lifecycle" name="test_an_unknown_plan_reads_as_absent" time="0.047" /><testcase classname="tests.test_boundary_coverage_v5" name="test_embedding_provider_rejects_ambiguous_or_untyped_envelopes[payload1]" time="0.000" /><testcase classname="tests.test_branch_consolidation" name="test_an_empty_string_is_absence_too" time="0.000" /><testcase classname="tests.test_branch_cycle2_extraction_v050" name="test_docx_archive_bounds_and_body_presence" time="0.001" /><testcase classname="tests.test_break_glass" name="test_a_formality_is_not_a_reason[\u0442\u0435\u0440\u043c\u0456\u043d\u043e\u0432\u043e]" time="0.000" /><testcase classname="tests.test_break_glass" name="test_a_formality_is_not_a_reason[]" time="0.000" /><testcase classname="tests.test_break_glass" name="test_a_grant_expires" time="0.000" /><testcase classname="tests.test_break_glass" name="test_a_grant_that_widens_nothing_is_refused" time="0.000" /><testcase classname="tests.test_build_provenance" name="test_editing_a_material_digest_breaks_the_signature" time="0.033" /><testcase classname="tests.test_builtin_security_gate" name="test_shell_true_is_destroyed" time="0.003" /><testcase classname="tests.test_calibration" name="test_finite_sample_risk_bound_is_monotone_and_fail_closed" time="0.004" /><testcase classname="tests.test_citation_alignment" name="test_the_aligned_path_reports_coverage_by_claim" time="0.189" /><testcase classname="tests.test_citation_fragments" name="test_when_only_a_fragment_can_be_shown_the_reader_is_told" time="0.228" /><testcase classname="tests.test_clean_source_release_boundary" name="test_release_evidence_verification_cannot_be_skipped_by_an_environment_variable" time="0.000" /><testcase classname="tests.test_config_and_readiness_refusals" name="test_cache_limits_must_be_positive[512--1.0]" time="0.000" /><testcase classname="tests.test_controlled_configuration_refusals" name="test_a_controlled_deployment_refuses_each_weakening[placeholder audit key]" time="0.005" /><testcase classname="tests.test_controlled_configuration_refusals" name="test_a_controlled_deployment_refuses_each_weakening[wildcard trusted host]" time="0.005" /><testcase classname="tests.test_conversation_retention" name="test_the_report_names_what_it_would_delete" time="0.001" /><testcase classname="tests.test_conversations" name="test_a_conversation_will_not_grow_without_limit" time="1.413" /><testcase classname="tests.test_conversations" name="test_purging_an_account_removes_its_history_and_nobody_elses" time="0.093" /><testcase classname="tests.test_corpus_backup_drill" name="test_a_backup_signed_with_another_key_is_refused" time="0.316" /><testcase classname="tests.test_corpus_snapshot_contract" name="test_corpus_read_token_rejects_noncanonical_authorization_scope[BBBBBBBBBBBBBBBBBBBBBBBBBBBBBBBBBBBBBBBBBBBBBBBBBBBBBBBBBBBBBBBB]" time="0.000" /><testcase classname="tests.test_corpus_snapshot_contract" name="test_release_identity_digest_commits_every_member_field[canonical_title-Changed title]" time="0.000" /><testcase classname="tests.test_coverage_closure_v097" name="test_binding_is_read_from_the_canonical_provenance_envelope" time="0.001" /><testcase classname="tests.test_coverage_closure_v097" name="test_military_knowledge_validation_publication_and_neighborhood_branches" time="0.001" /><testcase classname="tests.test_declared_coverage" name="test_function_words_are_not_evidence_of_coverage" time="0.000" /><testcase classname="tests.test_declared_subject_token_space" name="test_the_declared_subject_is_reachable_from_the_question[\u041e\u0431\u043e\u0432'\u044f\u0437\u043a\u0438: \u0411\u0435\u0437\u043f\u043e\u0441\u0435\u0440\u0435\u0434\u043d\u0456 \u043a\u043e\u043c\u0430\u043d\u0434\u0438\u0440\u0438 (\u0421\u0442\u0430\u0442\u0443\u0442, \u0441\u0442.104)-\u042f\u043a\u0456 \u043e\u0431\u043e\u0432'\u044f\u0437\u043a\u0438 \u043c\u0430\u0454 \u0431\u0435\u0437\u043f\u043e\u0441\u0435\u0440\u0435\u0434\u043d\u0456 \u043a\u043e\u043c\u0430\u043d\u0434\u0438\u0440\u0438?]" time="0.000" /><testcase classname="tests.test_deployment_overlays" name="test_the_validator_script_reports_every_variant" time="0.563" /><testcase classname="tests.test_deployment_rendering_refusals" name="test_a_container_that_loosens_its_own_context_is_reported[&lt;lambda&gt;-capabilities must be dropped]" time="0.003" /><testcase classname="tests.test_deployment_rendering_refusals" name="test_a_pod_that_loosens_its_own_context_is_reported[&lt;lambda&gt;-no containers]" time="0.002" /><testcase classname="tests.test_deterministic_plasticity_v060" name="test_validator_rejects_digest_tampering_and_safety_relaxation" time="0.001" /><testcase classname="tests.test_doctrine_catalog" name="test_a_floor_key_cannot_be_removed_or_untyped_in_silence[\u043a\u043b\u044e\u0447 \u0437\u043d\u0438\u0436\u0435\u043d\u043e-1-was lowered from]" time="0.030" /><testcase classname="tests.test_doctrine_catalog" name="test_an_unrecognised_legal_status_is_refused[None]" time="0.004" /><testcase classname="tests.test_doctrine_catalog" name="test_the_gate_entry_point_applies_the_mandatory_evidence_rule" time="0.050" /><testcase classname="tests.test_doctrine_catalog" name="test_the_same_moment_written_differently[\u043d\u0435 \u0434\u0430\u0442\u0430-False]" time="0.000" /><testcase classname="tests.test_document_intake_refusals" name="test_script_and_style_content_never_becomes_indexable_text" time="0.003" /><testcase classname="tests.test_document_references" name="test_a_named_file_that_does_not_exist_is_a_failure" time="0.000" /><testcase classname="tests.test_embedding_backfill_cli" name="test_missing_configuration_fails_closed_before_external_components" time="0.002" /><testcase classname="tests.test_embedding_backfill_cli" name="test_numeric_cli_contracts_are_bounded" time="0.000" /><testcase classname="tests.test_embedding_migration" name="test_a_migration_is_planned_as_resumable_batches" time="0.000" /><testcase classname="tests.test_embedding_migration" name="test_rollback_is_checked_before_it_is_needed" time="0.000" /><testcase classname="tests.test_engineering_readiness" name="test_a_dimension_policy_that_is_not_an_object_is_refused[None]" time="0.000" /><testcase classname="tests.test_engineering_readiness" name="test_a_dimension_whose_criteria_are_empty_or_repeated_is_refused[criteria0]" time="0.000" /><testcase classname="tests.test_engineering_readiness" name="test_a_dimension_whose_criteria_are_empty_or_repeated_is_refused[criteria1]" time="0.000" /><testcase classname="tests.test_entitlement_gate" name="test_a_disabled_account_entitles_nothing_however_much_it_paid" time="0.099" /><testcase classname="tests.test_entitlement_projection_refusals" name="test_a_valid_subject_is_projected_through_the_profile" time="0.000" /><testcase classname="tests.test_environment_drift" name="test_script_reports_a_deleted_artefact_as_unobserved" time="0.077" /><testcase classname="tests.test_evidence_bases" name="test_relative_evidence_base_paths_bind_to_the_runtime_root" time="0.001" /><testcase classname="tests.test_evidence_class_order_has_no_effect" name="test_the_flags_do_change_the_ceiling" time="0.000" /><testcase classname="tests.test_evidence_provenance" name="test_malformed_provenance_is_not_provenance[block5]" time="0.000" /><testcase classname="tests.test_evidence_provenance" name="test_stamp_requires_a_generator" time="0.000" /><testcase classname="tests.test_evidence_registry" name="test_a_deleted_test_inside_an_existing_file_is_reported" time="0.002" /><testcase classname="tests.test_evidence_registry" name="test_only_a_test_or_a_ci_job_counts_as_executable[apps/api/tests/test_x.py::test_y-True]" time="0.000" /><testcase classname="tests.test_evidence_stores" name="test_a_record_about_a_store_that_is_gone_is_refused" time="0.000" /><testcase classname="tests.test_extraction" name="test_normalisation_keeps_the_column_gap_a_flattened_table_leaves" time="0.000" /><testcase classname="tests.test_extraction" name="test_plain_text_extraction_and_chunking" time="0.005" /><testcase classname="tests.test_extraction_type_confusion" name="test_a_detector_verdict_that_agrees_admits_the_file[order.json-application/json]" time="0.001" /><testcase classname="tests.test_extraction_type_confusion" name="test_an_overlap_that_is_not_smaller_than_the_window_would_never_advance" time="0.000" /><testcase classname="tests.test_extraction_type_confusion" name="test_the_markup_check_does_not_admit_anything_that_is_not_html[script.html-(function(){var x=1;})();\n(function(){var x=1;})();\n(function(){var x=1;})();\n(function(){var x=1;})();\n(function(){var x=1;})();\n(function(){var x=1;})();\n(function(){var x=1;})();\n(function(){var x=1;})();\n(function(){var x=1;})();\n(function(){var x=1;})();\n(function(){var x=1;})();\n(function(){var x=1;})();\n(function(){var x=1;})();\n(function(){var x=1;})();\n(function(){var x=1;})();\n(function(){var x=1;})();\n(function(){var x=1;})();\n(function(){var x=1;})();\n(function(){var x=1;})();\n(function(){var x=1;})();\n(function(){var x=1;})();\n(function(){var x=1;})();\n(function(){var x=1;})();\n(function(){var x=1;})();\n(function(){var x=1;})();\n(function(){var x=1;})();\n(function(){var x=1;})();\n(function(){var x=1;})();\n(function(){var x=1;})();\n(function(){var x=1;})();\n(function(){var x=1;})();\n(function(){var x=1;})();\n(function(){var x=1;})();\n(function(){var x=1;})();\n(function(){var x=1;})();\n(function(){var x=1;})();\n(function(){var x=1;})();\n(function(){var x=1;})();\n(function(){var x=1;})();\n(function(){var x=1;})();\n]" time="0.001" /><testcase classname="tests.test_full_ssot_packager" name="test_zip_tree_creates_the_declared_output_directory" time="0.001" /><testcase classname="tests.test_gate_closure" name="test_the_real_tree_has_no_unregistered_gap" time="0.005" /><testcase classname="tests.test_gate_negative_controls" name="test_the_operational_gate_can_fail_on_each_predicate[scale_metric_provenance]" time="0.000" /><testcase classname="tests.test_gate_parity" name="test_every_script_is_reachable_from_a_runner" time="0.382" /><testcase classname="tests.test_gate_parity" name="test_the_quality_gate_type_checks_scripts_as_well_as_the_application" time="0.000" /><testcase classname="tests.test_gate_parity" name="test_the_type_check_is_run_from_inside_scripts_not_from_the_root" time="0.000" /><testcase classname="tests.test_gcp_canary_metrics" name="test_canary_policy_rejects_non_discrete_or_nonfinite_controls[minimum_samples-1.5]" time="0.000" /><testcase classname="tests.test_gcp_candidate_probe" name="test_probe_requires_exact_ready_payload" time="0.000" /><testcase classname="tests.test_gcp_container_vulnerability_gate" name="test_no_discovery_fails_closed" time="0.000" /><testcase classname="tests.test_gcp_container_vulnerability_gate" name="test_non_successful_discovery_fails_closed[FINISHED_UNSUPPORTED]" time="0.000" /><testcase classname="tests.test_gcp_live_postgres_gate" name="test_missing_identity_visibility_mutation_is_killed" time="0.002" /><testcase classname="tests.test_gcp_production_contract" name="test_canary_metric_admission_removal_is_killed" time="0.006" /><testcase classname="tests.test_gcp_production_contract" name="test_cloud_armor_detachment_mutation_is_killed" time="0.004" /><testcase classname="tests.test_gcp_production_contract" name="test_daily_assurance_schedule_removal_is_killed" time="0.004" /><testcase classname="tests.test_gcp_production_contract" name="test_production_sequence_mutation_is_killed" time="0.004" /><testcase classname="tests.test_gcp_production_inputs" name="test_unsafe_external_input_is_refused[DOMAIN-HTTPS://evil]" time="0.000" /><testcase classname="tests.test_gcp_traffic_snapshot" name="test_invalid_traffic_snapshot_fails_closed[payload2]" time="0.000" /><testcase classname="tests.test_gcp_traffic_snapshot" name="test_invalid_traffic_snapshot_fails_closed[payload3]" time="0.000" /><testcase classname="tests.test_gcs_audit_anchor" name="test_a_prefix_that_could_escape_the_anchor_namespace_is_refused" time="0.000" /><testcase classname="tests.test_gcs_audit_anchor" name="test_a_racing_writer_that_wrote_the_same_hash_is_accepted" time="0.000" /><testcase classname="tests.test_gcs_object_store" name="test_gcs_put_path_checks_size_and_hash" time="0.001" /><testcase classname="tests.test_governance_boundaries" name="test_an_approver_cannot_assign_a_tier_above_their_own_clearance" time="0.170" /><testcase classname="tests.test_handoff_contract" name="test_complete_release_evidence_from_another_digest_is_stale" time="0.001" /><testcase classname="tests.test_handoff_liveness_probe" name="test_a_poisoned_or_failed_report_is_never_rebound[report1]" time="0.000" /><testcase classname="tests.test_handoff_liveness_probe" name="test_a_valid_stale_binding_is_rebound_only_in_memory" time="0.000" /><testcase classname="tests.test_inference_budget" name="test_conflict_budget_is_hard_stop" time="0.000" /><testcase classname="tests.test_infrastructure_hardening" name="test_readiness_rejects_anchor_reset_without_replayable_outbox" time="0.095" /><testcase classname="tests.test_ingestion_mode_exclusivity" name="test_the_synchronous_route_is_closed_in_a_durable_deployment" time="0.094" /><testcase classname="tests.test_input_contract_refusals" name="test_a_parser_request_that_is_not_an_object_is_refused[\u043d\u0435 \u043e\u0431'\u0454\u043a\u0442]" time="0.001" /><testcase classname="tests.test_installed_units" name="test_a_comment_is_not_a_difference" time="0.000" /><testcase classname="tests.test_learning_assessment" name="test_exact_grading_marks_only_exact_correct_set_as_mastered" time="0.000" /><testcase classname="tests.test_learning_course_domain" name="test_publication_validation_passes_exact_effective_source_binding" time="0.001" /><testcase classname="tests.test_learning_course_domain" name="test_publication_validation_rejects_unapproved_source" time="0.000" /><testcase classname="tests.test_learning_repository" name="test_learning_repository_normalizes_duplicate_version_constraint" time="0.071" /><testcase classname="tests.test_math_kernel_v097" name="test_finite_number_is_total_for_unrepresentable_integer" time="0.000" /><testcase classname="tests.test_math_kernel_v097" name="test_replay_validator_rejects_nan_measurement_and_fractional_rank" time="0.000" /><testcase classname="tests.test_mathematical_integrity_hardening" name="test_attestation_without_independence_is_impossible" time="0.000" /><testcase classname="tests.test_mathematical_integrity_hardening" name="test_circuit_failure_threshold_is_a_discrete_count[nan]" time="0.000" /><testcase classname="tests.test_mathematical_integrity_hardening" name="test_gcs_metadata_size_rejects_noncanonical_counts_before_download[1.5_1]" time="0.000" /><testcase classname="tests.test_mathematical_integrity_hardening" name="test_local_preflight_backend_does_not_treat_false_as_zero_failures" time="0.000" /><testcase classname="tests.test_mathematical_integrity_hardening" name="test_object_store_size_limit_is_a_discrete_finite_count[True]" time="0.001" /><testcase classname="tests.test_mathematical_integrity_hardening" name="test_production_reliability_requires_discrete_positive_request_counts[1.5]" time="0.000" /><testcase classname="tests.test_mcp_server" name="test_the_margin_is_computed_from_the_servers_own_thresholds" time="0.000" /><testcase classname="tests.test_mcp_stdio_loop" name="test_malformed_json_gets_a_parse_error_and_the_loop_continues" time="0.000" /><testcase classname="tests.test_metamorphic_invariants" name="test_an_authority_rank_that_is_not_a_strict_integer_is_reported[None]" time="0.000" /><testcase classname="tests.test_military_knowledge" name="test_revision_diff_is_exact_hash_bound_and_deterministic" time="0.000" /><testcase classname="tests.test_mission_assurance_v2" name="test_a_hard_failure_bound_outside_the_open_unit_interval_is_refused[-0.1]" time="0.000" /><testcase classname="tests.test_near_duplicate_governance" name="test_near_duplicate_requires_explicit_metadata_acknowledgement" time="0.188" /><testcase classname="tests.test_noninterference_measurement" name="test_an_answer_quoting_withheld_text_is_recognised_as_a_leak" time="0.274" /><testcase classname="tests.test_object_store_integrity" name="test_a_key_that_is_not_a_content_address_is_refused[ab/cd/../../../../etc/passwd]" time="0.001" /><testcase classname="tests.test_object_store_integrity" name="test_a_malformed_source_hash_is_refused[92DB58481FD7CFE654A406A081347B89FBA18714F7EB4F9AFDD4E981F07BFB04]" time="0.001" /><testcase classname="tests.test_object_store_integrity" name="test_an_object_larger_than_the_limit_is_refused_on_write" time="0.001" /><testcase classname="tests.test_offline_pack" name="test_a_corpus_list_that_cannot_be_normalised_is_refused_at_the_boundary[corpora1-duplicate corpus identifier]" time="0.111" /><testcase classname="tests.test_oidc_assurance_refusals" name="test_an_authentication_older_than_policy_is_refused" time="0.001" /><testcase classname="tests.test_oidc_assurance_refusals" name="test_any_recognised_second_factor_satisfies_the_requirement[amr2]" time="0.000" /><testcase classname="tests.test_openai_model_adapter" name="test_repeated_provider_failure_opens_process_scoped_circuit" time="0.000" /><testcase classname="tests.test_pec_audit_trace_v097" name="test_audit_trace_is_deterministic_under_input_order" time="0.000" /><testcase classname="tests.test_pec_integration" name="test_stale_profile_falls_back_to_baseline_and_calls_planner" time="0.195" /><testcase classname="tests.test_pec_oracle_boundaries" name="test_a_resource_vector_that_is_not_finite_and_non_negative_is_refused[values0]" time="0.001" /><testcase classname="tests.test_pec_oracle_boundaries" name="test_an_empty_resource_vector_is_refused" time="0.000" /><testcase classname="tests.test_pec_protocol_gates" name="test_promotion_refuses_any_nonpass_required_receipt" time="0.000" /><testcase classname="tests.test_pec_replay_admission" name="test_a_latency_that_is_not_a_finite_non_negative_number_is_refused[-0.001]" time="0.001" /><testcase classname="tests.test_pec_replay_admission" name="test_a_resource_count_must_be_a_non_negative_integer[1.5-candidate_count]" time="0.001" /><testcase classname="tests.test_pec_replay_admission" name="test_a_resource_count_must_be_a_non_negative_integer[3-planner_calls]" time="0.001" /><testcase classname="tests.test_pec_state_and_telemetry_admission" name="test_the_support_bound_family_collapses_to_one_label[state_below_support:0.42]" time="0.000" /><testcase classname="tests.test_pec_training_lineage_v097" name="test_training_lineage_requires_receipt_digest_shape" time="0.000" /><testcase classname="tests.test_permission_contract" name="test_account_management_is_held_by_no_ordinary_role" time="0.000" /><testcase classname="tests.test_policy" name="test_role_permissions_are_fail_closed" time="0.000" /><testcase classname="tests.test_postgres_rls_policy_state" name="test_the_application_login_may_execute_readers_but_never_the_binder" time="0.000"><skipped type="pytest.skip" message="least-privilege PostgreSQL app URL is required">/home/neuro7/Desktop/Ядро основний проект Корпус/apps/api/tests/test_postgres_rls_policy_state.py:50: least-privilege PostgreSQL app URL is required</skipped></testcase><testcase classname="tests.test_printed_decimal_parsing" name="test_printed_quantities_parse_to_the_number_a_reader_would_say[123-123]" time="0.001" /><testcase classname="tests.test_production_promotion_plumbing" name="test_production_release_script_requires_runtime_release_trust" time="0.000" /><testcase classname="tests.test_production_reliability" name="test_production_like_strings_without_attestations_cannot_promote_reliability" time="0.001" /><testcase classname="tests.test_public_deployment_script" name="test_public_api_is_loopback_only_and_resource_bounded" time="0.001" /><testcase classname="tests.test_query_planner_boundary" name="test_a_broken_planner_leaves_the_search_where_it_was" time="0.000" /><testcase classname="tests.test_readiness_policy_v2" name="test_evidence_class_registry_is_strictly_ordered" time="0.000" /><testcase classname="tests.test_recovery_measurement" name="test_an_unmeasured_identified_loss_is_not_zero" time="0.000" /><testcase classname="tests.test_regression_receipt_identity_v097" name="test_regression_receipt_identity_rejects_collection_mix" time="0.000" /><testcase classname="tests.test_regression_shard_contract" name="test_collection_manifest_rejects_source_drift" time="0.003" /><testcase classname="tests.test_repository_integrity_and_contention" name="test_a_database_error_during_the_probe_reads_as_unhealthy[OperationalError]" time="0.053" /><testcase classname="tests.test_repository_integrity_and_contention" name="test_a_reader_whose_corpora_do_not_intersect_reaches_no_query_at_all" time="0.048" /><testcase classname="tests.test_repository_seams" name="test_an_unsupported_dialect_refuses_rather_than_returning_a_broken_statement" time="0.000" /><testcase classname="tests.test_request_audit_context" name="test_session_binding_never_contains_raw_credential" time="0.000" /><testcase classname="tests.test_requirement_registry" name="test_a_predicate_that_raises_fails_its_own_requirement" time="0.000" /><testcase classname="tests.test_rescission_and_clock" name="test_an_approved_order_can_be_withdrawn" time="0.315" /><testcase classname="tests.test_research_parameter_admission" name="test_a_confidence_parameter_at_the_closed_ends_is_refused[0.0]" time="0.000" /><testcase classname="tests.test_respan_from_source" name="test_an_empty_source_yields_no_spans_rather_than_one_empty_span" time="0.000" /><testcase classname="tests.test_retrieval_properties" name="test_irrelevant_documents_do_not_displace_exact_relevant_document" time="0.005" /><testcase classname="tests.test_retrieval_properties" name="test_score_bounds_hold_over_seeded_random_inputs" time="0.146" /><testcase classname="tests.test_retrieval_supersession_cost" name="test_the_plan_is_read_from_a_statement_that_actually_parses" time="0.002" /><testcase classname="tests.test_risk_rules" name="test_a_rephrased_operational_question_is_still_operational[\u0427\u0438 \u043c\u043e\u0436\u0443 \u044f \u0432\u0438\u0457\u0445\u0430\u0442\u0438 \u0431\u0435\u0437 \u043f\u0438\u0441\u044c\u043c\u043e\u0432\u043e\u0433\u043e \u043f\u0456\u0434\u0442\u0432\u0435\u0440\u0434\u0436\u0435\u043d\u043d\u044f?]" time="0.000" /><testcase classname="tests.test_risk_rules" name="test_every_rule_states_why_it_exists" time="0.000" /><testcase classname="tests.test_risk_rules" name="test_no_rule_fires_on_its_own_counterexamples[operational.permission_question:not:0]" time="0.000" /><testcase classname="tests.test_risk_rules" name="test_the_deciding_rule_travels_with_the_class" time="0.000" /><testcase classname="tests.test_runtime_factory" name="test_runtime_factories_share_configuration_and_do_not_recreate_defaults" time="0.005" /><testcase classname="tests.test_security_acceptances" name="test_a_named_acceptance_removes_the_finding" time="0.001" /><testcase classname="tests.test_service_objectives" name="test_subject_throttling_under_rated_load_fails_capacity_objective" time="0.029" /><testcase classname="tests.test_serving_freshness" name="test_one_stale_worker_is_enough_to_lose_the_claim" time="0.000" /><testcase classname="tests.test_slsa_provenance" name="test_slsa_statement_binds_artifact_and_every_required_material" time="0.001" /><testcase classname="tests.test_source_manifest_evidence" name="test_invalid_manifest_never_emits_a_supported_report" time="0.003" /><testcase classname="tests.test_source_signature_refusals" name="test_a_key_belonging_to_another_issuer_is_refused" time="0.001" /><testcase classname="tests.test_span_hygiene_backend" name="test_the_backend_follows_the_form_of_the_string[postgresql://user@host/korpus-psql]" time="0.000" /><testcase classname="tests.test_span_hygiene_backend" name="test_the_selftest_covers_both_the_rule_and_the_subject" time="0.028" /><testcase classname="tests.test_supply_chain_inventory_metadata" name="test_unknown_version_stays_unresolved_instead_of_reusing_adjacent_license" time="0.000" /><testcase classname="tests.test_tevv_admissibility" name="test_a_wide_interval_is_refused_even_on_a_real_corpus" time="0.000" /><testcase classname="tests.test_tevv_admissibility" name="test_tevv_width_policy_is_a_finite_probability_scale[inf]" time="0.000" /><testcase classname="tests.test_tevv_admissibility" name="test_wilson_parameter_cannot_create_an_invalid_interval[nan]" time="0.000" /><testcase classname="tests.test_tevv_attestation_boundary" name="test_tevv_policy_does_not_coerce_malformed_numeric_thresholds[minimum_null_controls-1]" time="0.752" /><testcase classname="tests.test_tevv_ledger_boundary" name="test_signed_summary_counters_without_observation_ledger_are_not_evidence" time="0.000" /><testcase classname="tests.test_training_and_infra_edges" name="test_grouped_validation_refuses_fewer_than_two_folds[-3]" time="0.000" /><testcase classname="tests.test_undated_source_limitation" name="test_the_notice_counts_citations_not_versions" time="0.193" /><testcase classname="tests.test_url_policy" name="test_loopback_http_policy_is_exact_not_prefix_based" time="0.000" /><testcase classname="tests.test_v060_risk_weighted_branch_closure" name="test_resilience_parameter_and_half_open_single_probe_boundaries" time="0.000" /><testcase classname="tests.test_validate_recipe_liveness_coverage" name="test_the_gate_that_measures_git_state_keeps_git_in_its_probe_copy" time="0.015" /><testcase classname="tests.test_worker_service" name="test_supervisor_rejects_invalid_poll_interval" time="0.000" /><testcase classname="tests.test_worker_service" name="test_worker_service_fails_health_when_worker_exits" time="0.003" /><testcase classname="tests.test_worker_supervisor_liveness" name="test_the_health_endpoint_turns_503_when_the_worker_is_gone" time="0.004" /></testsuite></testsuites>