<?xml version="1.0" encoding="utf-8"?><testsuites name="pytest tests"><testsuite name="pytest" errors="0" failures="0" skipped="0" tests="112" time="3.489" timestamp="2026-08-29T10:46:03.750936+03:00" hostname="neuro7-ASUS-TUF-Gaming-F17-FX707ZC4-FX707ZC4"><testcase classname="tests.test_account_administration" name="test_the_listing_can_answer_whether_it_is_actually_off" time="0.181" /><testcase classname="tests.test_answer_analysis_limits" name="test_confinement_over_nothing_returns_two_empty_lists" time="0.000" /><testcase classname="tests.test_answer_analysis_limits" name="test_two_claims_that_contradict_each_other_stop_the_answer" time="0.000" /><testcase classname="tests.test_answer_composition" name="test_an_opening_that_introduces_a_negation_is_refused[\u043d\u0435]" time="0.000" /><testcase classname="tests.test_answers" name="test_required_retrieval_dependency_outage_abstains_fail_closed" time="0.075" /><testcase classname="tests.test_api_contract" name="test_openapi_contract_cli_runs_with_make_pythonpath" time="0.799" /><testcase classname="tests.test_assurance_calculus" name="test_high_weighted_score_cannot_compensate_for_missing_mandatory_gate" time="0.000" /><testcase classname="tests.test_attestation_signatures" name="test_a_signature_over_a_different_document_is_refused" time="0.001" /><testcase classname="tests.test_audit" name="test_audit_chain_and_external_anchor_verify" time="0.174" /><testcase classname="tests.test_audit_reader_seam" name="test_a_gap_in_the_sequence_is_reported_rather_than_verified_around" time="0.090" /><testcase classname="tests.test_audit_reader_seam" name="test_a_trace_id_that_is_not_a_trace_id_is_refused[trace id with spaces]" time="0.049" /><testcase classname="tests.test_auth" name="test_controlled_environment_requires_oidc" time="0.004" /><testcase classname="tests.test_billing_events" name="test_an_event_naming_a_subscription_this_system_never_created_is_refused[12345]" time="0.083" /><testcase classname="tests.test_billing_events" name="test_an_oversized_payload_is_refused_before_it_is_parsed" time="0.043" /><testcase classname="tests.test_branch_cycle2_storage_pdf_v050" name="test_local_store_cleanup_collision_bounds_and_escape" time="0.003" /><testcase classname="tests.test_browser_auth_refusal_paths" name="test_a_return_path_that_could_leave_the_origin_collapses_to_root[///evil.example]" time="0.000" /><testcase classname="tests.test_browser_session_refusals" name="test_a_sealed_session_opens_with_its_payload" time="0.000" /><testcase classname="tests.test_controlled_configuration_refusals" name="test_a_controlled_deployment_refuses_each_weakening[wildcard cors]" time="0.005" /><testcase classname="tests.test_controlled_configuration_refusals" name="test_direct_tls_transport_still_requires_peer_verification" time="0.004" /><testcase classname="tests.test_conversation_retention" name="test_an_impossible_window_is_refused_rather_than_clamped" time="0.000" /><testcase classname="tests.test_conversations" name="test_an_archived_conversation_takes_no_more_questions" time="0.078" /><testcase classname="tests.test_coverage_closure_v097" name="test_pec_research_ablation_replay_information_and_judgment_branches" time="0.000" /><testcase classname="tests.test_coverage_risk_closeout_v080" name="test_tenant_auth_subject_rejects_control_whitespace" time="0.000" /><testcase classname="tests.test_deployment_rendering_refusals" name="test_an_empty_document_set_is_a_violation_not_a_clean_result" time="0.002" /><testcase classname="tests.test_deterministic_branch_matrix_v050" name="test_retrieval_scoring_validation_and_edge_matrix" time="0.000" /><testcase classname="tests.test_deterministic_plasticity_v060" name="test_same_state_and_observation_are_byte_identical_decisions" time="0.000" /><testcase classname="tests.test_document_intake_refusals" name="test_a_pdf_exceeding_the_page_limit_is_refused" time="0.002" /><testcase classname="tests.test_document_intake_refusals" name="test_a_zero_byte_file_is_refused" time="0.000" /><testcase classname="tests.test_egress_material_ceiling" name="test_permits_material_is_a_ceiling_not_a_floor" time="0.000" /><testcase classname="tests.test_embedding_migration" name="test_a_plan_that_cannot_be_executed_is_refused[overrides0]" time="0.000" /><testcase classname="tests.test_embedding_migration" name="test_a_plan_that_cannot_be_executed_is_refused[overrides2]" time="0.000" /><testcase classname="tests.test_embedding_migration" name="test_the_switch_is_allowed_at_complete_coverage" time="0.000" /><testcase classname="tests.test_entitlement_projection_refusals" name="test_a_token_that_does_not_belong_here_is_refused[claims5-audience mismatch]" time="0.000" /><testcase classname="tests.test_entitlement_projection_refusals" name="test_malformed_scope_names_are_refused[compartments-value2]" time="0.000" /><testcase classname="tests.test_evaluation_validity" name="test_system_identity_fingerprint_changes_with_harness" time="0.002" /><testcase classname="tests.test_evidence_registry" name="test_only_a_test_or_a_ci_job_counts_as_executable[apps/api/tests/test_x.py-True]" time="0.000" /><testcase classname="tests.test_full_ssot_packager" name="test_safe_extractor_refuses_unsafe_archive_before_write" time="0.001" /><testcase classname="tests.test_gate_negative_controls" name="test_the_operational_gate_can_fail_on_each_predicate[citation_integrity]" time="0.000" /><testcase classname="tests.test_gate_parity" name="test_ci_secret_scan_is_bound_to_the_pipeline_revision" time="0.000" /><testcase classname="tests.test_gate_parity" name="test_runtime_lock_satisfies_every_declared_runtime_dependency" time="0.010" /><testcase classname="tests.test_gcp_candidate_probe" name="test_probe_rejects_non_run_app_targets" time="0.000" /><testcase classname="tests.test_gcp_container_vulnerability_gate" name="test_non_successful_discovery_fails_closed[PENDING]" time="0.000" /><testcase classname="tests.test_gcp_migration_compatibility" name="test_additive_future_migration_is_allowed" time="0.009" /><testcase classname="tests.test_gcp_production_contract" name="test_deep_readiness_monitor_removal_is_killed" time="0.006" /><testcase classname="tests.test_gcp_production_contract" name="test_tls_expiry_alert_mutation_is_killed" time="0.003" /><testcase classname="tests.test_gcp_slo_contract" name="test_alert_delivery_mutation_is_killed" time="0.001" /><testcase classname="tests.test_gcp_traffic_rollback" name="test_empty_previous_traffic_is_not_applicable" time="0.001" /><testcase classname="tests.test_gcp_traffic_snapshot" name="test_invalid_traffic_snapshot_fails_closed[payload4]" time="0.000" /><testcase classname="tests.test_inference_budget" name="test_fixpoint_stops_recursive_review" time="0.000" /><testcase classname="tests.test_ingestion_mode_exclusivity" name="test_each_mode_opens_exactly_one_of_the_two_paths[durable_async]" time="0.101" /><testcase classname="tests.test_learning_repository" name="test_learning_repository_delete_missing_draft_is_false" time="0.060" /><testcase classname="tests.test_learning_repository" name="test_serving_lane_revalidates_published_source_state" time="0.068" /><testcase classname="tests.test_liqpay_billing" name="test_deployment_plan_bootstrap_is_idempotent" time="0.091" /><testcase classname="tests.test_load_probe_contract" name="test_http_error_body_preserves_the_server_admission_reason" time="0.001" /><testcase classname="tests.test_math_kernel_v097" name="test_contextual_benchmark_rejects_coerced_flags_and_fractional_rank" time="0.000" /><testcase classname="tests.test_math_kernel_v097" name="test_replay_outcome_rejects_invalid_latency[-0.01]" time="0.000" /><testcase classname="tests.test_mathematical_integrity_hardening" name="test_admission_wait_timeout_is_finite[-0.1]" time="0.000" /><testcase classname="tests.test_mathematical_integrity_hardening" name="test_embedding_resource_bounds_reject_nonfinite_or_nondiscrete_values[timeout_seconds-inf]" time="0.000" /><testcase classname="tests.test_mathematical_integrity_hardening" name="test_gcs_metadata_size_rejects_noncanonical_counts_before_download[NaN]" time="0.000" /><testcase classname="tests.test_mathematical_integrity_hardening" name="test_local_preflight_coverage_cannot_pass_impossible_percentages[inf]" time="0.000" /><testcase classname="tests.test_mathematical_integrity_hardening" name="test_oidc_auth_time_requires_finite_numericdate[inf]" time="0.000" /><testcase classname="tests.test_mathematical_integrity_hardening" name="test_plan_money_domain_rejects_coerced_non_integer_types[1.0]" time="0.000" /><testcase classname="tests.test_mathematical_integrity_hardening" name="test_plan_money_domain_rejects_coerced_non_integer_types[True]" time="0.000" /><testcase classname="tests.test_mathematical_integrity_hardening" name="test_readiness_criteria_reject_truthy_non_booleans[false]" time="0.000" /><testcase classname="tests.test_mathematical_integrity_hardening" name="test_retrieval_runtime_limits_are_discrete_and_finite[candidate_budget-True]" time="0.000" /><testcase classname="tests.test_object_store_integrity" name="test_healthcheck_reports_a_writable_store" time="0.000" /><testcase classname="tests.test_observability" name="test_metrics_are_low_cardinality_and_exported" time="0.001" /><testcase classname="tests.test_oidc" name="test_oidc_multi_audience_requires_azp_and_rejects_wrong_authorized_party" time="0.022" /><testcase classname="tests.test_oidc_assurance_refusals" name="test_a_usable_verifier_is_accepted" time="0.000" /><testcase classname="tests.test_oidc_assurance_refusals" name="test_a_verifier_that_could_not_verify_anything_is_refused_at_construction[overrides4-explicitly pinned]" time="0.000" /><testcase classname="tests.test_openai_response_admission" name="test_duplicate_query_ids_inside_one_partition_are_rejected" time="0.000" /><testcase classname="tests.test_package_mode_integrity" name="test_package_verifier_accepts_preserved_executable_mode" time="0.003" /><testcase classname="tests.test_pec_contextual_benchmark" name="test_contextual_benchmark_fails_if_baseline_gold_is_lost" time="0.000" /><testcase classname="tests.test_pec_oracle_boundaries" name="test_outcomes_from_two_queries_cannot_be_compared" time="0.000" /><testcase classname="tests.test_pec_replay_admission" name="test_a_quality_metric_value_must_be_finite[1.0]" time="0.000" /><testcase classname="tests.test_pec_replay_admission" name="test_a_retrieved_span_rank_is_one_based[1]" time="0.000" /><testcase classname="tests.test_pec_state_and_telemetry_admission" name="test_an_eligible_count_that_is_not_a_non_negative_integer_is_refused[None]" time="0.000" /><testcase classname="tests.test_permission_contract" name="test_nothing_named_is_unreachable" time="0.355" /><testcase classname="tests.test_production_assurance" name="test_production_assurance_requires_every_gate_and_external_evidence_class" time="0.000" /><testcase classname="tests.test_readiness_evidence_builder" name="test_dimension_pass_requires_nonempty_all_true_criteria" time="0.001" /><testcase classname="tests.test_recovery_measurement" name="test_a_duration_without_provenance_is_not_a_measurement[backup_bytes]" time="0.000" /><testcase classname="tests.test_recovery_measurement" name="test_a_report_with_no_duration_is_incomplete" time="0.000" /><testcase classname="tests.test_recovery_measurement" name="test_an_unrecognised_scale_class_is_not_believed" time="0.000" /><testcase classname="tests.test_release_state_machine" name="test_authorized_release_cannot_move_back_to_candidate" time="0.000" /><testcase classname="tests.test_release_state_machine" name="test_release_identity_digest_is_deterministic_and_domain_separated" time="0.000" /><testcase classname="tests.test_reliability_degradation" name="test_object_store_unavailable_is_a_503_not_a_500" time="0.077" /><testcase classname="tests.test_repository_integrity_and_contention" name="test_an_empty_id_list_short_circuits_before_the_query" time="0.049" /><testcase classname="tests.test_research_parameter_admission" name="test_a_risk_limit_that_is_not_a_rate_is_refused[-0.1]" time="0.000" /><testcase classname="tests.test_research_parameter_admission" name="test_a_risk_limit_that_is_not_a_rate_is_refused[1.5]" time="0.000" /><testcase classname="tests.test_resilience_and_audit_scope" name="test_healthcheck_fails_on_a_corrupt_database" time="0.046" /><testcase classname="tests.test_resilience_and_audit_scope" name="test_the_per_subject_share_is_returned_when_the_work_finishes" time="0.000" /><testcase classname="tests.test_risk_rules" name="test_every_rule_matches_its_own_examples[operational.obligation:1]" time="0.000" /><testcase classname="tests.test_risk_rules" name="test_every_rule_matches_its_own_examples[operational.permission_question:2]" time="0.000" /><testcase classname="tests.test_risk_rules" name="test_no_rule_fires_on_its_own_counterexamples[temporal.validity:not:0]" time="0.000" /><testcase classname="tests.test_routes_permissions" name="test_document_and_audit_routes_are_denied_without_permissions" time="0.086" /><testcase classname="tests.test_table_integrity" name="test_table_damage_reaches_the_reviewer_through_the_extraction_quality_gate" time="0.000" /><testcase classname="tests.test_tenancy_api" name="test_an_inactive_subscription_is_refused_before_retrieval_runs" time="0.141" /><testcase classname="tests.test_tenancy_threats" name="test_t03_a_canceled_subscription_cannot_be_resurrected" time="0.115" /><testcase classname="tests.test_tevv_admissibility" name="test_a_corpus_that_declares_itself_synthetic_is_refused" time="0.000" /><testcase classname="tests.test_tevv_admissibility" name="test_wilson_counts_are_discrete_observations[True-1]" time="0.000" /><testcase classname="tests.test_tevv_admissibility" name="test_wilson_parameter_cannot_create_an_invalid_interval[0.0]" time="0.000" /><testcase classname="tests.test_token_issuance_refusals" name="test_a_lifetime_outside_the_configured_bound_is_refused[-1]" time="0.004" /><testcase classname="tests.test_undecodable_text_refusal" name="test_valid_text_still_passes[\u0437\u0432\u0438\u0447\u0430\u0439\u043d\u0438\u0439 \u0442\u0435\u043a\u0441\u0442]" time="0.000" /><testcase classname="tests.test_url_policy" name="test_external_https_policy_refuses_non_global_literal_destinations[https://169.254.169.254/latest/meta-data]" time="0.000" /><testcase classname="tests.test_url_policy" name="test_https_policy_refuses_ambiguous_or_credential_bearing_urls[http://example.com]" time="0.000" /><testcase classname="tests.test_v060_branch_closure2" name="test_clamd_response_reader_handles_eof_newline_and_maximum" time="0.000" /><testcase classname="tests.test_v060_branch_closure2" name="test_external_redteam_structure_duplicate_family_and_blocking_matrix" time="0.000" /><testcase classname="tests.test_v060_plasticity_contract_closure" name="test_policy_refuses_every_invalid_boundary[updates7-sample/cooldown]" time="0.000" /><testcase classname="tests.test_v5_security_kernel" name="test_injection_detector_does_not_block_benign_normative_language" time="0.000" /><testcase classname="tests.test_validity_boundaries" name="test_the_closed_interval_holds_at_both_ends[as_of3-True]" time="0.000" /><testcase classname="tests.test_versioning" name="test_new_approved_version_supersedes_old_version_in_current_retrieval" time="0.277" /><testcase classname="tests.test_worker_supervisor_liveness" name="test_an_idle_interval_outside_the_band_is_rejected[600.0]" time="0.001" /></testsuite></testsuites>