<?xml version="1.0" encoding="utf-8"?><testsuites name="pytest tests"><testsuite name="pytest" errors="0" failures="0" skipped="4" tests="178" time="16.367" timestamp="2026-09-06T20:08:42.471481+03:00" hostname="neuro7-ASUS-TUF-Gaming-F17-FX707ZC4-FX707ZC4"><testcase classname="tests.test_admission_cannot_be_self_granted" name="test_a_correctly_attested_ground_is_accepted" time="0.013" /><testcase classname="tests.test_admission_register" name="test_a_ground_cleared_with_a_test_that_does_not_exist_is_refused" time="0.001" /><testcase classname="tests.test_answer_adjudication" name="test_a_quote_about_the_opposite_category_is_contested" time="0.000" /><testcase classname="tests.test_answer_axes_composition" name="test_the_verdict_is_the_weakest_axis_not_the_mean" time="0.000" /><testcase classname="tests.test_answer_composition" name="test_an_opening_that_states_a_number_is_refused" time="0.000" /><testcase classname="tests.test_answers" name="test_partial_support_is_not_reported_as_full_coverage" time="0.232" /><testcase classname="tests.test_audit" name="test_audit_anchor_detects_file_tampering" time="0.130" /><testcase classname="tests.test_audit_key_rotation" name="test_a_key_id_that_is_unsafe_in_a_row_or_a_command_is_refused[has space]" time="0.000" /><testcase classname="tests.test_billing_events" name="test_a_genuinely_older_event_is_still_rejected" time="0.125" /><testcase classname="tests.test_billing_events" name="test_a_storage_failure_leaves_no_half_applied_event" time="0.102" /><testcase classname="tests.test_browser_auth_refusal_paths" name="test_a_return_path_that_could_leave_the_origin_collapses_to_root[evil.example]" time="0.000" /><testcase classname="tests.test_browser_session_refusals" name="test_a_malformed_envelope_is_refused[!!!not-base64!!!]" time="0.000" /><testcase classname="tests.test_browser_session_refusals" name="test_an_envelope_that_could_not_be_valid_is_refused_at_seal[session-0]" time="0.000" /><testcase classname="tests.test_budget_raises_are_named" name="test_unchanged_ceiling_is_not_a_raise" time="0.000" /><testcase classname="tests.test_build_provenance" name="test_an_intact_statement_verifies" time="0.042" /><testcase classname="tests.test_client_bootstrap" name="test_bootstrap_expands_admin_wildcard_to_closed_permission_vocabulary" time="0.005" /><testcase classname="tests.test_config_and_readiness_refusals" name="test_semantic_that_is_switched_off_is_ready_by_definition" time="0.000" /><testcase classname="tests.test_config_policy_refusals" name="test_calibrated_mode_without_its_artifacts_is_refused" time="0.001" /><testcase classname="tests.test_configuration_typos" name="test_every_settings_field_is_reachable_by_its_prefixed_name" time="0.003" /><testcase classname="tests.test_configuration_typos" name="test_the_correctly_spelled_setting_is_accepted" time="0.000" /><testcase classname="tests.test_configuration_typos" name="test_variables_outside_the_namespace_are_ignored" time="0.000" /><testcase classname="tests.test_controlled_configuration_refusals" name="test_a_controlled_deployment_refuses_each_weakening[no browser redirect uri]" time="0.006" /><testcase classname="tests.test_controlled_configuration_refusals" name="test_a_controlled_deployment_refuses_each_weakening[no jwks url]" time="0.005" /><testcase classname="tests.test_controlled_configuration_refusals" name="test_a_controlled_deployment_refuses_each_weakening[synchronous ingestion]" time="0.006" /><testcase classname="tests.test_conversation_retention" name="test_an_invalid_window_stops_the_job_rather_than_being_clamped" time="1.153" /><testcase classname="tests.test_corpus_path_declarations" name="test_only_argparse_defaults_count_as_declarations" time="0.000" /><testcase classname="tests.test_corpus_snapshot_contract" name="test_attached_snapshot_reader_reports_absence_rather_than_guessing" time="0.000" /><testcase classname="tests.test_corpus_snapshot_contract" name="test_corpus_read_token_rejects_noncanonical_authorization_scope[bbbbbbbbbbbbbbbbbbbbbbbbbbbbbbbbbbbbbbbbbbbbbbbbbbbbbbbbbbbbbbb]" time="0.000" /><testcase classname="tests.test_corpus_snapshot_contract" name="test_release_identity_digest_commits_every_member_field[effective_from-1:2026-01-04]" time="0.000" /><testcase classname="tests.test_current_truth_hardening_v094" name="test_release_claims_use_portable_mutation_evidence" time="0.001" /><testcase classname="tests.test_data_model_documents_every_table" name="test_every_table_the_system_creates_is_described" time="0.000" /><testcase classname="tests.test_declared_subject_token_space" name="test_the_subject_is_found_in_the_genitive" time="0.000" /><testcase classname="tests.test_deployment_overlays" name="test_missing_workloads_are_reported" time="0.001" /><testcase classname="tests.test_deployment_rendering_refusals" name="test_discovery_finds_base_and_overlay_alike" time="0.002" /><testcase classname="tests.test_deterministic_branch_matrix_v050" name="test_config_secret_and_enum_validator_matrix" time="0.001" /><testcase classname="tests.test_deterministic_branch_matrix_v050" name="test_liqpay_fail_closed_and_conversion_matrix" time="0.001" /><testcase classname="tests.test_diversify_incremental_identity" name="test_lazy_folding_equals_the_naive_recomputation[1-2]" time="0.007" /><testcase classname="tests.test_doctrine_catalog" name="test_a_404_page_above_the_byte_floor_is_still_refused" time="0.005" /><testcase classname="tests.test_doctrine_catalog" name="test_a_required_attachment_with_no_anchors_field_at_all_is_refused" time="0.004" /><testcase classname="tests.test_doctrine_catalog" name="test_an_anchor_outside_the_repository_is_refused" time="0.004" /><testcase classname="tests.test_doctrine_catalog" name="test_one_capture_may_not_anchor_two_sources" time="0.052" /><testcase classname="tests.test_document_references" name="test_observe_finds_a_dead_reference_in_a_fixture_tree" time="0.006" /><testcase classname="tests.test_embedding_backfill_lock" name="test_singleton_lock_is_stable_and_released" time="0.000" /><testcase classname="tests.test_embedding_candidate_metrics" name="test_metrics_reject_broken_experimental_design[queries0-candidates0-relevant0]" time="0.000" /><testcase classname="tests.test_embedding_candidate_metrics" name="test_metrics_use_best_relevant_rank_and_deterministic_ties" time="0.000" /><testcase classname="tests.test_embedding_coverage" name="test_required_semantic_mode_refuses_an_incomplete_index" time="0.000" /><testcase classname="tests.test_embedding_migration" name="test_retiring_is_allowed_once_the_switch_holds" time="0.000" /><testcase classname="tests.test_engineering_readiness" name="test_dimension_evidence_that_is_not_an_object_is_refused[raw1]" time="0.000" /><testcase classname="tests.test_engineering_readiness" name="test_score_is_weighted_and_evidence_capped" time="0.000" /><testcase classname="tests.test_entitlement_gate" name="test_a_past_due_subscription_pays_for_nothing" time="0.111" /><testcase classname="tests.test_environment_drift" name="test_a_fresh_observation_is_admissible" time="0.000" /><testcase classname="tests.test_evaluation_validity" name="test_rare_event_uncertainty_blocks_tiny_zero_failure_campaign" time="0.001" /><testcase classname="tests.test_evidence_bases" name="test_a_base_nobody_declared_but_something_serves_is_a_rejection" time="0.000" /><testcase classname="tests.test_evidence_bases" name="test_a_declaration_of_difference_that_stopped_being_true_fails" time="0.000" /><testcase classname="tests.test_evidence_provenance" name="test_digest_ignores_documentation_so_the_gate_stays_signal" time="0.007" /><testcase classname="tests.test_evidence_source_binding" name="test_the_committed_digest_binds_to_itself" time="7.542" /><testcase classname="tests.test_evidence_stores" name="test_an_optional_store_may_be_absent" time="0.000" /><testcase classname="tests.test_evidence_stores" name="test_only_both_tables_together_make_an_evidence_store" time="0.011" /><testcase classname="tests.test_exact_risk_bound" name="test_the_deployment_gate_reads_the_exact_bound_and_not_the_loose_one" time="0.001" /><testcase classname="tests.test_exception_handling_discipline" name="test_a_broad_suppress_is_judged_like_a_broad_handler" time="0.879" /><testcase classname="tests.test_extraction" name="test_a_zip_renamed_to_docx_is_refused_before_the_parser" time="0.006" /><testcase classname="tests.test_gate_closure" name="test_a_new_unwired_verification_target_reddens_on_the_real_makefile" time="0.006" /><testcase classname="tests.test_gate_closure" name="test_an_exemption_for_something_already_enforced_reddens" time="0.005" /><testcase classname="tests.test_gate_negative_controls" name="test_every_assurance_predicate_has_a_negative_control" time="0.004" /><testcase classname="tests.test_gate_negative_controls" name="test_the_assurance_aggregator_can_fail_on_each_predicate[recovery_drill_executed]" time="0.000" /><testcase classname="tests.test_gate_parity" name="test_both_entry_points_run_the_same_quality_gate" time="0.001" /><testcase classname="tests.test_gate_parity" name="test_every_job_that_runs_the_suite_has_git_in_its_image" time="0.001" /><testcase classname="tests.test_gate_parity" name="test_no_job_reaches_a_relaxed_runner" time="0.001" /><testcase classname="tests.test_gate_parity" name="test_the_development_proxy_mirrors_the_production_edge" time="0.000" /><testcase classname="tests.test_gate_parity" name="test_the_quality_gate_lints_every_directory_that_holds_korpus_code" time="0.001" /><testcase classname="tests.test_gate_parity" name="test_the_source_manifest_is_verified_in_both_entry_points" time="0.002" /><testcase classname="tests.test_gate_parity" name="test_the_source_manifest_takes_path_parity_from_the_tree_not_itself" time="0.000" /><testcase classname="tests.test_gcp_canary_metrics" name="test_canary_policy_rejects_non_discrete_or_nonfinite_controls[minimum_samples-True]" time="0.000" /><testcase classname="tests.test_gcp_identity" name="test_metadata_identity_fails_closed_on_outage" time="0.001" /><testcase classname="tests.test_gcp_live_postgres_gate" name="test_force_rls_mutation_is_killed" time="0.003" /><testcase classname="tests.test_gcp_migration_compatibility" name="test_current_migration_history_is_compatible" time="0.010" /><testcase classname="tests.test_gcp_production_contract" name="test_migration_entrypoint_bypass_mutation_is_killed" time="0.007" /><testcase classname="tests.test_gcp_production_inputs" name="test_unsafe_external_input_is_refused[DEPLOYER_SA-owner@example.com]" time="0.000" /><testcase classname="tests.test_gcp_slo_contract" name="test_current_slo_contract_passes" time="0.000" /><testcase classname="tests.test_github_actions_policy" name="test_privileged_pr_trigger_is_rejected" time="0.001" /><testcase classname="tests.test_governance_boundaries" name="test_a_tier_may_only_be_set_on_approval" time="0.134" /><testcase classname="tests.test_governance_boundaries" name="test_approved_documents_still_answer_after_the_governance_changes" time="0.204" /><testcase classname="tests.test_hard_predicate_guards" name="test_a_predicate_naming_a_gate_it_does_not_own_is_refused" time="0.001" /><testcase classname="tests.test_health" name="test_health_and_readiness_are_operational_not_information_side_channels" time="0.085" /><testcase classname="tests.test_input_contract_refusals" name="test_a_parser_request_that_is_not_an_object_is_refused[42]" time="0.001" /><testcase classname="tests.test_intra_span_contradiction" name="test_a_span_that_reverses_itself_stops_the_answer" time="0.221" /><testcase classname="tests.test_lane_report" name="test_a_target_the_runner_never_reached_stays_not_run_on_disk" time="0.513" /><testcase classname="tests.test_learning_course_domain" name="test_lesson_refuses_dangling_block_binding" time="0.000" /><testcase classname="tests.test_learning_repository" name="test_learning_repository_retirement_state_machine" time="0.087" /><testcase classname="tests.test_learning_repository" name="test_published_learning_history_cannot_be_deleted" time="0.077" /><testcase classname="tests.test_math_kernel_v097" name="test_replay_outcome_rejects_negative_resource_counts[external_tokens]" time="0.000" /><testcase classname="tests.test_math_kernel_v097" name="test_statistical_bounds_reject_boolean_counts[wilson_score_interval]" time="0.000" /><testcase classname="tests.test_mathematical_integrity_hardening" name="test_equal_normative_authority_priors_cannot_turn_class_order_into_similarity_tie" time="0.000" /><testcase classname="tests.test_mathematical_integrity_hardening" name="test_gcp_metadata_access_token_is_not_string_coerced[123]" time="0.001" /><testcase classname="tests.test_mathematical_integrity_hardening" name="test_production_reliability_requires_discrete_positive_request_counts[True]" time="0.001" /><testcase classname="tests.test_mathematical_integrity_hardening" name="test_ranking_relevance_is_a_discrete_grade[1.5]" time="0.000" /><testcase classname="tests.test_mathematical_integrity_hardening" name="test_ranking_relevance_is_a_discrete_grade[True]" time="0.000" /><testcase classname="tests.test_mathematical_integrity_hardening" name="test_retrieval_runtime_limits_are_discrete_and_finite[timeout_ms-True]" time="0.000" /><testcase classname="tests.test_mathematical_integrity_hardening" name="test_subject_share_is_a_bounded_integer[True]" time="0.000" /><testcase classname="tests.test_mcp_server" name="test_grounds_answers_the_cheap_question_without_the_text" time="0.000" /><testcase classname="tests.test_mcp_stdio_loop" name="test_the_line_observer_sees_every_non_blank_line_before_it_is_parsed" time="0.000" /><testcase classname="tests.test_metamorphic_invariants" name="test_a_faithful_transformation_raises_nothing" time="0.000" /><testcase classname="tests.test_metamorphic_invariants" name="test_a_rephrasing_that_widened_planner_permissions_is_reported" time="0.000" /><testcase classname="tests.test_metamorphic_invariants" name="test_an_authority_rank_that_is_not_a_strict_integer_is_reported[3.5]" time="0.000" /><testcase classname="tests.test_metamorphic_invariants" name="test_an_authority_rank_that_is_not_a_strict_integer_is_reported[3]" time="0.000" /><testcase classname="tests.test_metamorphic_security_v060" name="test_control_classifier_does_not_turn_benign_normative_text_into_attack" time="0.000" /><testcase classname="tests.test_mission_assurance_v2" name="test_a_hard_failure_bound_outside_the_open_unit_interval_is_refused[0.0]" time="0.000" /><testcase classname="tests.test_mission_assurance_v2" name="test_a_non_positive_case_minimum_is_refused[-400]" time="0.000" /><testcase classname="tests.test_mission_assurance_v2" name="test_claim_counts_that_contradict_each_other_are_refused[5--1]" time="0.000" /><testcase classname="tests.test_model_egress" name="test_a_disabled_posture_stops_the_planner_before_it_calls_out" time="0.000" /><testcase classname="tests.test_model_transport_bounds" name="test_model_transport_refuses_oversized_body_before_json_decode[response1]" time="0.073" /><testcase classname="tests.test_mutation_report_declares_its_verdict" name="test_an_errored_mutant_declares_fail" time="0.246" /><testcase classname="tests.test_mutation_report_declares_its_verdict" name="test_an_invalid_mutant_declares_fail" time="0.244" /><testcase classname="tests.test_nginx_security_headers" name="test_header_invariant_can_fail_on_cloudrun_refusal_location" time="0.001" /><testcase classname="tests.test_numeric_integrity" name="test_two_decimal_separators_in_one_passage_are_flagged" time="0.000" /><testcase classname="tests.test_object_store_integrity" name="test_storing_the_same_object_twice_is_idempotent" time="0.004" /><testcase classname="tests.test_offline_pack" name="test_export_is_fresh_policy_bound_signed_and_audited" time="0.217" /><testcase classname="tests.test_offline_pack" name="test_pack_never_silently_truncates_authorized_evidence" time="0.180" /><testcase classname="tests.test_offline_trust" name="test_revocation_is_fail_closed" time="0.000" /><testcase classname="tests.test_oidc_assurance_refusals" name="test_a_verifier_that_could_not_verify_anything_is_refused_at_construction[overrides0-JWKS URL must use HTTPS]" time="0.000" /><testcase classname="tests.test_openai_model_adapter" name="test_openai_completed_response_with_error_contributes_nothing" time="0.000" /><testcase classname="tests.test_openai_response_admission" name="test_partitions_that_share_a_query_id_are_rejected" time="0.000" /><testcase classname="tests.test_pec_canary_admission_v097" name="test_canary_rejects_revision_mismatch" time="0.000" /><testcase classname="tests.test_pec_external_assurance_v097" name="test_external_assurance_rejects_untrusted_signer" time="0.000" /><testcase classname="tests.test_pec_promotion_bindings" name="test_a_consistent_lineage_produces_no_errors" time="0.000" /><testcase classname="tests.test_pec_promotion_bindings" name="test_the_profile_must_name_the_training_receipt_that_is_actually_on_disk" time="0.000" /><testcase classname="tests.test_pec_replay_admission" name="test_a_latency_that_is_not_a_finite_non_negative_number_is_refused[nan]" time="0.000" /><testcase classname="tests.test_pec_replay_admission" name="test_a_resource_count_must_be_a_non_negative_integer[-1-search_count]" time="0.000" /><testcase classname="tests.test_pec_replay_admission" name="test_a_resource_count_must_be_a_non_negative_integer[3-search_count]" time="0.000" /><testcase classname="tests.test_pec_replay_admission" name="test_a_truthy_value_is_not_a_boolean_flag[None-authorization_ok]" time="0.000" /><testcase classname="tests.test_pec_state_and_telemetry_admission" name="test_an_unknown_feature_name_is_a_key_error_rather_than_a_default" time="0.000" /><testcase classname="tests.test_pec_training" name="test_tree_learns_observable_sufficiency_boundary_deterministically" time="0.010" /><testcase classname="tests.test_plasticity_gate_policy_binding_v060" name="test_model_check_refuses_wrong_policy_schema" time="0.001" /><testcase classname="tests.test_postgres_approval_provenance" name="test_the_application_login_cannot_give_birth_to_a_reviewed_version[overrides3]" time="0.000"><skipped type="pytest.skip" message="split PostgreSQL app/review/admin URLs are required">/home/neuro7/Desktop/Ядро основний проект Корпус/apps/api/tests/test_postgres_approval_provenance.py:159: split PostgreSQL app/review/admin URLs are required</skipped></testcase><testcase classname="tests.test_postgres_approval_provenance" name="test_the_application_login_keeps_what_is_its_own[source_uri]" time="0.000"><skipped type="pytest.skip" message="split PostgreSQL app/review/admin URLs are required">/home/neuro7/Desktop/Ядро основний проект Корпус/apps/api/tests/test_postgres_approval_provenance.py:83: split PostgreSQL app/review/admin URLs are required</skipped></testcase><testcase classname="tests.test_postgres_approval_provenance" name="test_the_review_login_can_write_exactly_those_columns[approved_at]" time="0.000"><skipped type="pytest.skip" message="split PostgreSQL app/review/admin URLs are required">/home/neuro7/Desktop/Ядро основний проект Корпус/apps/api/tests/test_postgres_approval_provenance.py:75: split PostgreSQL app/review/admin URLs are required</skipped></testcase><testcase classname="tests.test_postgres_role_reprovision_boundary" name="test_runtime_logins_may_connect_and_use_but_never_create" time="0.000"><skipped type="pytest.skip" message="split PostgreSQL app/review/authz/admin URLs are required">/home/neuro7/Desktop/Ядро основний проект Корпус/apps/api/tests/test_postgres_role_reprovision_boundary.py:173: split PostgreSQL app/review/authz/admin URLs are required</skipped></testcase><testcase classname="tests.test_postgres_security_gate_runtime" name="test_runtime_binds_shell_suite_to_the_current_interpreter" time="0.000" /><testcase classname="tests.test_predictive_evidence_control" name="test_unadmitted_leaf_and_out_of_support_fall_back" time="0.001" /><testcase classname="tests.test_printed_decimal_parsing" name="test_a_value_that_does_not_start_with_a_digit_is_refused[,5]" time="0.000" /><testcase classname="tests.test_printed_decimal_parsing" name="test_repeated_separators_are_read_as_thousands_grouping[12.345.678-12345678]" time="0.000" /><testcase classname="tests.test_recovery_drill_reaches_its_measurer" name="test_the_drill_passes_every_variable_its_measurers_demand" time="0.000" /><testcase classname="tests.test_recovery_measurement" name="test_loss_equal_to_the_identified_fixture_is_what_the_drill_is_for" time="0.000" /><testcase classname="tests.test_recovery_measurement" name="test_no_report_is_not_a_pass" time="0.000" /><testcase classname="tests.test_regression_carry_forward" name="test_diff_records_is_deterministic" time="0.000" /><testcase classname="tests.test_release_truth_hard_predicates" name="test_a_substantive_external_gap_stays_external" time="0.001" /><testcase classname="tests.test_release_verify_runner" name="test_a_rejected_verdict_is_not_saved_by_a_full_run" time="0.000" /><testcase classname="tests.test_repository_access_refusals" name="test_a_similarity_threshold_outside_the_supported_range_is_refused[-1.0]" time="0.056" /><testcase classname="tests.test_repository_integrity_and_contention" name="test_contention_consumes_the_retry_budget_and_then_reports_it[database is locked]" time="0.071" /><testcase classname="tests.test_repository_register" name="test_an_unresolved_placeholder_is_detected" time="0.004" /><testcase classname="tests.test_requirement_registry" name="test_no_requirement_is_stated_twice_under_two_ids" time="0.034" /><testcase classname="tests.test_research_parameter_admission" name="test_a_confidence_parameter_that_is_not_a_rate_at_all_is_refused[-0.1]" time="0.000" /><testcase classname="tests.test_research_parameter_admission" name="test_a_non_boolean_production_judged_flag_is_recorded_as_invalid" time="0.000" /><testcase classname="tests.test_retention_planning" name="test_a_document_past_its_period_without_delete_permission_awaits_a_decision" time="0.000" /><testcase classname="tests.test_retention_planning" name="test_legal_hold_outranks_the_retention_period" time="0.000" /><testcase classname="tests.test_risk_rules" name="test_every_rule_matches_its_own_examples[temporal.comparison:0]" time="0.000" /><testcase classname="tests.test_row_mapping" name="test_clearance_widens_the_classifications_it_may_read[1-expected1]" time="0.000" /><testcase classname="tests.test_row_mapping" name="test_review_state_and_authority_come_back_as_enums" time="0.000" /><testcase classname="tests.test_s3_object_store" name="test_s3_store_rejects_hash_mismatch" time="0.064" /><testcase classname="tests.test_sealed_evidence_immutability" name="test_rejected_previously_approved_evidence_remains_immutable" time="0.235" /><testcase classname="tests.test_serving_freshness" name="test_discovery_takes_a_process_that_opened_a_corpus" time="0.002" /><testcase classname="tests.test_snapshot_refuses_stale_evidence" name="test_matching_evidence_is_accepted" time="0.003" /><testcase classname="tests.test_span_hygiene_backend" name="test_the_backend_follows_the_form_of_the_string[korpus.sqlite3-sqlite]" time="0.000" /><testcase classname="tests.test_span_hygiene_backend" name="test_the_backend_follows_the_form_of_the_string[postgres://user@host/korpus-psql]" time="0.000" /><testcase classname="tests.test_supply_chain_evidence_boundary" name="test_a_local_scan_summary_is_not_the_ci_aggregate" time="0.000" /><testcase classname="tests.test_supply_chain_evidence_boundary" name="test_scanner_marker_commit_must_be_one_whose_source_is_this_tree" time="0.000" /><testcase classname="tests.test_telemetry_status" name="test_a_configured_endpoint_that_could_not_be_attached_says_so" time="0.070" /><testcase classname="tests.test_tenancy_api" name="test_conversations_are_created_listed_and_archived" time="0.241" /><testcase classname="tests.test_tenancy_api" name="test_the_account_endpoint_creates_on_first_call_and_is_stable" time="0.124" /><testcase classname="tests.test_tenancy_threats" name="test_t08_disabling_takes_effect_on_the_next_request_not_the_next_login" time="0.075" /><testcase classname="tests.test_tevv_attestation_boundary" name="test_tevv_policy_does_not_coerce_malformed_numeric_thresholds[maximum_interval_width-0.1]" time="0.743" /><testcase classname="tests.test_tevv_attestation_boundary" name="test_trusted_tevv_ledger_must_cover_required_attack_families" time="0.977" /><testcase classname="tests.test_tevv_ledger_boundary" name="test_aggregate_volume_cannot_hide_an_underrepresented_required_cohort" time="0.001" /><testcase classname="tests.test_tuning" name="test_held_out_worst_query_failure_cannot_be_compensated_by_average" time="0.033" /><testcase classname="tests.test_url_policy" name="test_loopback_origin_policy_refuses_callback_paths" time="0.000" /><testcase classname="tests.test_v5_security_kernel" name="test_entitlement_profile_digest_and_deny_list_are_fail_closed" time="0.001" /><testcase classname="tests.test_validity_boundaries" name="test_the_search_path_withholds_a_document_before_it_takes_effect" time="0.259" /><testcase classname="tests.test_worker_supervisor_liveness" name="test_an_idle_interval_outside_the_band_is_rejected[60.1]" time="0.001" /></testsuite></testsuites>