<?xml version="1.0" encoding="utf-8"?><testsuites name="pytest tests"><testsuite name="pytest" errors="0" failures="0" skipped="0" tests="130" time="5.105" timestamp="2026-08-29T10:45:20.450927+03:00" hostname="neuro7-ASUS-TUF-Gaming-F17-FX707ZC4-FX707ZC4"><testcase classname="tests.test_access_control" name="test_access_is_monotone_in_clearance" time="0.235" /><testcase classname="tests.test_access_control" name="test_restricted_document_never_enters_public_retrieval" time="0.188" /><testcase classname="tests.test_account_administration" name="test_a_disabled_administrator_cannot_administer" time="0.161" /><testcase classname="tests.test_admission_cannot_be_self_granted" name="test_an_independent_assessment_signed_by_the_engineering_owner_is_refused" time="0.011" /><testcase classname="tests.test_admission_register" name="test_the_shipped_register_withholds_and_says_why" time="0.009" /><testcase classname="tests.test_answer_composition" name="test_an_opening_that_states_something_the_evidence_does_not_is_refused" time="0.001" /><testcase classname="tests.test_assurance_calculus" name="test_conflicting_evidence_join_fails_closed" time="0.000" /><testcase classname="tests.test_assurance_calculus" name="test_unknown_outcome_is_information_bottom_not_a_conflict" time="0.000" /><testcase classname="tests.test_assurance_trust" name="test_runtime_trust_root_is_admitted_on_protected_ci" time="0.001" /><testcase classname="tests.test_attestation_signatures" name="test_an_unsigned_attestation_is_refused" time="0.001" /><testcase classname="tests.test_audit_key_rotation" name="test_a_revoked_key_still_verifies_and_is_reported_as_revoked" time="0.000" /><testcase classname="tests.test_audit_names_governing_version" name="test_the_event_names_the_version_and_span_the_answer_stood_on" time="0.184" /><testcase classname="tests.test_audit_reader_seam" name="test_a_trace_id_that_is_not_a_trace_id_is_refused['; DROP TABLE audits;--]" time="0.048" /><testcase classname="tests.test_auth" name="test_jwt_auth_rejects_expired_wrong_audience_and_overlong_lifetime" time="0.075" /><testcase classname="tests.test_billing_events" name="test_malformed_payloads_are_refused_and_change_nothing[{&quot;id&quot;: &quot;x&quot;, &quot;type&quot;: &quot;subscription.activated&quot;}]" time="0.081" /><testcase classname="tests.test_billing_events" name="test_malformed_payloads_are_refused_and_change_nothing[{&quot;type&quot;: &quot;subscription.activated&quot;, &quot;data&quot;: {}}]" time="0.078" /><testcase classname="tests.test_boundary_coverage_v5" name="test_pgvector_search_upsert_governance_and_lifecycle" time="0.001" /><testcase classname="tests.test_branch_cycle2_policy_control_v050" name="test_deployment_invalid_patch_body_branches" time="0.002" /><testcase classname="tests.test_branch_cycle2_policy_control_v050" name="test_query_variant_refusal_shapes[hello?]" time="0.000" /><testcase classname="tests.test_branch_cycle2_ratchet_v050" name="test_scanner_config_missing_size_and_response_matrix" time="0.001" /><testcase classname="tests.test_break_glass" name="test_a_formality_is_not_a_reason[asap]" time="0.000" /><testcase classname="tests.test_browser_oidc" name="test_browser_oidc_callback_keeps_tokens_http_only_and_enforces_csrf" time="0.102" /><testcase classname="tests.test_ci_production_evidence_plumbing" name="test_supply_chain_attestation_is_optional_but_gate_remains_mandatory" time="0.018" /><testcase classname="tests.test_configuration_typos" name="test_a_misspelled_setting_is_named" time="0.000" /><testcase classname="tests.test_configuration_typos" name="test_no_deployed_environment_would_be_refused_by_the_check" time="0.057" /><testcase classname="tests.test_controlled_configuration_refusals" name="test_the_base_controlled_configuration_is_accepted" time="0.006" /><testcase classname="tests.test_conversation_retention" name="test_the_activity_listing_spans_every_account" time="0.089" /><testcase classname="tests.test_conversations" name="test_an_exact_page_does_not_claim_there_is_more" time="0.088" /><testcase classname="tests.test_corpus_release_identity" name="test_a_version_not_yet_in_force_is_not_in_the_release" time="0.236" /><testcase classname="tests.test_coverage_closure_v097" name="test_release_claim_status_branches[text-.md-SUPPORTED]" time="0.001" /><testcase classname="tests.test_coverage_risk_closeout_v080" name="test_valid_version_ingestion_job_takes_version_target_branch" time="0.000" /><testcase classname="tests.test_current_truth_hardening_v094" name="test_alias_checks_bind_git_imports_and_package_build" time="0.001" /><testcase classname="tests.test_current_truth_hardening_v094" name="test_supported_claim_must_resolve_to_current_evidence" time="0.001" /><testcase classname="tests.test_dependency_lock_gate" name="test_direct_url_dependency_fails_closed" time="0.003" /><testcase classname="tests.test_document_intake_refusals" name="test_an_unsupported_extension_is_refused[order.zip]" time="0.001" /><testcase classname="tests.test_embedding_coverage" name="test_an_empty_corpus_covers_nothing_rather_than_everything" time="0.000" /><testcase classname="tests.test_embedding_migration" name="test_a_plan_that_cannot_be_executed_is_refused[overrides1]" time="0.000" /><testcase classname="tests.test_embedding_migration" name="test_the_switch_requires_no_stale_vectors" time="0.000" /><testcase classname="tests.test_entitlement_projection_refusals" name="test_a_token_that_does_not_belong_here_is_refused[claims0-no active entitlement]" time="0.000" /><testcase classname="tests.test_environment_drift" name="test_matching_digests_are_in_sync" time="0.000" /><testcase classname="tests.test_environment_drift" name="test_observing_an_empty_tree_reports_every_artefact_missing" time="0.081" /><testcase classname="tests.test_evaluation_validity" name="test_a_non_finite_measurement_is_refused_before_it_is_sorted[-inf]" time="0.000" /><testcase classname="tests.test_evidence_provenance" name="test_digest_ignores_generated_bytecode_and_caches" time="0.002" /><testcase classname="tests.test_extraction_type_confusion" name="test_an_extension_that_the_first_bytes_contradict_is_refused[order.docx-not a zip at all-application/octet-stream-file signature]" time="0.007" /><testcase classname="tests.test_gate_parity" name="test_mutation_harness_does_not_credit_bootstrap_errors_as_kills" time="0.003" /><testcase classname="tests.test_gate_parity" name="test_the_closure_check_runs_after_whatever_produces_the_evidence_it_resolves" time="0.005" /><testcase classname="tests.test_gate_parity" name="test_the_coverage_thresholds_are_checked_where_coverage_is_produced" time="0.001" /><testcase classname="tests.test_gate_parity" name="test_the_web_gate_runs_its_own_negative_controls" time="0.001" /><testcase classname="tests.test_gcp_canary_metrics" name="test_canary_request_counter_rejects_noncanonical_values[1.5_0]" time="0.000" /><testcase classname="tests.test_gcp_canary_metrics" name="test_canary_request_counter_rejects_noncanonical_values[True]" time="0.000" /><testcase classname="tests.test_gcp_production_contract" name="test_alert_delivery_mutation_is_killed" time="0.006" /><testcase classname="tests.test_gcp_production_contract" name="test_tls_policy_downgrade_is_killed" time="0.003" /><testcase classname="tests.test_gcp_production_inputs" name="test_unsafe_external_input_is_refused[DATABASE_DISK_AUTOSIZE_LIMIT_GB-0]" time="0.000" /><testcase classname="tests.test_gcp_terraform_structure" name="test_duplicate_resource_lifecycle_is_rejected" time="0.001" /><testcase classname="tests.test_gcp_traffic_rollback" name="test_service_failure_writes_error_evidence" time="0.001" /><testcase classname="tests.test_gcs_audit_anchor" name="test_a_write_the_bucket_did_not_keep_is_refused" time="0.000" /><testcase classname="tests.test_inference_security_gate" name="test_inference_security_profile_rejects_unmapped_attack_family" time="0.000" /><testcase classname="tests.test_infrastructure_hardening" name="test_backup_restore_scripts_are_cwd_independent_and_key_bound" time="0.706" /><testcase classname="tests.test_ingestion_admission" name="test_an_entitled_curator_ingests" time="0.079" /><testcase classname="tests.test_ingestion_queue_ownership" name="test_a_claim_whose_row_moved_underneath_it_is_refused" time="0.056" /><testcase classname="tests.test_ingestion_queue_ownership" name="test_a_job_cannot_be_created_on_behalf_of_another_actor" time="0.053" /><testcase classname="tests.test_learning_assessment" name="test_a_correct_option_that_is_not_offered_is_refused" time="0.000" /><testcase classname="tests.test_learning_assessment" name="test_attempt_rejects_undeclared_options" time="0.000" /><testcase classname="tests.test_learning_course_domain" name="test_publication_validation_rejects_dangling_prerequisite" time="0.000" /><testcase classname="tests.test_load_probe_contract" name="test_malformed_error_body_is_not_silently_classified" time="0.000" /><testcase classname="tests.test_math_kernel_v097" name="test_audit_sequence_rejects_fractional_and_string_coercion" time="0.000" /><testcase classname="tests.test_math_kernel_v097" name="test_metamorphic_gate_rejects_string_boolean_and_fractional_rank" time="0.000" /><testcase classname="tests.test_math_kernel_v097" name="test_replay_outcome_rejects_negative_resource_counts[provider_cost_microunits]" time="0.000" /><testcase classname="tests.test_math_kernel_v097" name="test_risk_thresholds_reject_non_probability_domain[1.1]" time="0.000" /><testcase classname="tests.test_mathematical_integrity_hardening" name="test_embedding_resource_bounds_reject_nonfinite_or_nondiscrete_values[max_attempts-True]" time="0.000" /><testcase classname="tests.test_mathematical_integrity_hardening" name="test_gcp_identity_timeout_is_finite_positive[-1.0]" time="0.000" /><testcase classname="tests.test_mathematical_integrity_hardening" name="test_inference_cycle_budget_cannot_be_disabled_by_non_integer_math[nan]" time="0.000" /><testcase classname="tests.test_mathematical_integrity_hardening" name="test_junit_counts_reject_non_integer_cardinalities[-1]" time="0.001" /><testcase classname="tests.test_mathematical_integrity_hardening" name="test_junit_counts_reject_non_integer_cardinalities[NaN]" time="0.001" /><testcase classname="tests.test_mathematical_integrity_hardening" name="test_liqpay_amount_parser_is_total_and_bounded[1E1000000]" time="0.000" /><testcase classname="tests.test_mathematical_integrity_hardening" name="test_retrieval_runtime_limits_are_discrete_and_finite[candidate_budget-nan]" time="0.000" /><testcase classname="tests.test_mathematical_integrity_hardening" name="test_rollback_cannot_treat_duplicate_count_as_complete" time="0.000" /><testcase classname="tests.test_metamorphic_invariants" name="test_a_risk_rank_that_is_not_a_strict_integer_is_reported[None]" time="0.000" /><testcase classname="tests.test_mission_assurance_v2" name="test_a_campaign_with_no_observations_reports_the_widest_interval_not_zero_risk" time="0.000" /><testcase classname="tests.test_mission_assurance_v2" name="test_a_latency_that_is_not_a_finite_non_negative_number_is_refused[-0.5]" time="0.000" /><testcase classname="tests.test_mission_assurance_v2" name="test_confidence_bound_alone_blocks_small_zero_failure_sample" time="0.000" /><testcase classname="tests.test_model_egress" name="test_external_model_egress_refuses_non_https_or_ambiguous_base_urls" time="0.000" /><testcase classname="tests.test_model_egress" name="test_local_model_egress_refuses_credentials_fragments_and_fixed_query" time="0.000" /><testcase classname="tests.test_object_store_integrity" name="test_a_failed_stream_leaves_no_partial_file_behind" time="0.003" /><testcase classname="tests.test_object_store_integrity" name="test_a_key_that_is_not_a_content_address_is_refused[../../etc/passwd]" time="0.001" /><testcase classname="tests.test_pec_canary_admission_v097" name="test_canary_requires_admissible_human_judgment" time="0.000" /><testcase classname="tests.test_pec_oracle_boundaries" name="test_actions_that_cost_exactly_the_same_resolve_to_the_canonical_order" time="0.000" /><testcase classname="tests.test_pec_oracle_boundaries" name="test_when_nothing_is_admissible_the_verdict_is_abstain" time="0.000" /><testcase classname="tests.test_pec_protocol_gates" name="test_promotion_accepts_only_complete_pass_evidence_set" time="0.000" /><testcase classname="tests.test_pec_replay_admission" name="test_a_resource_count_must_be_a_non_negative_integer[None-external_tokens]" time="0.000" /><testcase classname="tests.test_pec_replay_admission" name="test_a_retrieved_span_rank_is_one_based[None]" time="0.000" /><testcase classname="tests.test_pec_replay_admission" name="test_the_well_formed_row_is_admitted" time="0.000" /><testcase classname="tests.test_pec_revision_binding_v097" name="test_revision_binding_accepts_exact_production_identity" time="0.000" /><testcase classname="tests.test_pec_state_and_telemetry_admission" name="test_an_unrecognised_reason_collapses_to_other" time="0.000" /><testcase classname="tests.test_permission_contract" name="test_admin_wildcard_does_not_authorize_an_unknown_permission" time="0.000" /><testcase classname="tests.test_permission_contract" name="test_every_permission_a_route_requires_is_a_permission_the_system_names" time="0.320" /><testcase classname="tests.test_production_assurance" name="test_engineering_gate_uses_evidence_digest_not_git_digest_domain" time="0.000" /><testcase classname="tests.test_production_promotion_plumbing" name="test_production_release_job_is_protected_tag_only_and_requires_external_roots" time="0.022" /><testcase classname="tests.test_production_reliability" name="test_local_load_and_fixture_recovery_cannot_promote_production_even_if_signed" time="0.000" /><testcase classname="tests.test_public_deployment_script" name="test_public_edge_survives_daemon_and_host_restarts" time="0.000" /><testcase classname="tests.test_public_web_deployment" name="test_manifest_refuses_missing_required_asset_and_symlink" time="0.002" /><testcase classname="tests.test_quality_gate_branch_boundaries" name="test_sellable_plan_refuses_each_incomplete_dimension[updates1-currency]" time="0.000" /><testcase classname="tests.test_quote_provenance" name="test_every_span_is_a_slice_of_its_page" time="0.088" /><testcase classname="tests.test_release_identity" name="test_current_release_identity_surfaces_agree" time="0.033" /><testcase classname="tests.test_release_ledger" name="test_release_ledger_hash_chain_survives_full_promotion_and_withdrawal" time="0.001" /><testcase classname="tests.test_repository_access_refusals" name="test_a_malformed_fingerprint_is_refused[gggggggggggggggg]" time="0.061" /><testcase classname="tests.test_repository_register" name="test_a_secret_git_ignores_is_not_reported_as_tracked" time="0.008" /><testcase classname="tests.test_repository_seams" name="test_the_schema_still_answers_to_its_old_name" time="0.000" /><testcase classname="tests.test_requirement_registry" name="test_a_missing_configmap_reports_every_required_key" time="0.001" /><testcase classname="tests.test_requirement_registry" name="test_every_requirement_has_a_unique_id" time="0.000" /><testcase classname="tests.test_requirement_registry" name="test_the_report_carries_the_id_and_the_reason" time="0.000" /><testcase classname="tests.test_research_parameter_admission" name="test_no_rows_is_unknown_rather_than_a_result" time="0.000" /><testcase classname="tests.test_retrieval_budget_semantics" name="test_nothing_found_within_budget_is_an_empty_answer_not_a_refusal" time="0.000" /><testcase classname="tests.test_review_transition_refusals" name="test_a_version_that_supersedes_nothing_is_approved_without_a_predecessor_check" time="0.154" /><testcase classname="tests.test_review_transition_refusals" name="test_an_approved_version_becomes_current" time="0.095" /><testcase classname="tests.test_review_transition_refusals" name="test_approving_a_version_that_supersedes_an_unapproved_predecessor_is_refused" time="0.117" /><testcase classname="tests.test_risk_policy" name="test_answer_policy_exposes_no_authority_bypass" time="0.000" /><testcase classname="tests.test_row_mapping" name="test_compartments_survive_as_a_set_not_a_string" time="0.000" /><testcase classname="tests.test_span_lookup" name="test_disclosed_span_exposes_source_version_validity_for_reader_verification" time="0.172" /><testcase classname="tests.test_table_integrity" name="test_a_row_that_lost_a_column_is_flagged" time="0.000" /><testcase classname="tests.test_tevv_admissibility" name="test_an_incomplete_corpus_declaration_is_refused[corpus_id]" time="0.000" /><testcase classname="tests.test_tevv_attestation_boundary" name="test_trusted_aggregate_only_tevv_summary_cannot_replace_case_ledger" time="0.652" /><testcase classname="tests.test_training_progress_repository" name="test_progress_round_trip_and_atomic_replace" time="0.070" /><testcase classname="tests.test_training_progression" name="test_changed_source_binding_revokes_only_dependent_mastery" time="0.001" /><testcase classname="tests.test_url_policy" name="test_external_https_policy_refuses_non_global_literal_destinations[https://127.0.0.1/v1]" time="0.001" /><testcase classname="tests.test_url_policy" name="test_external_https_policy_refuses_non_global_literal_destinations[https://[fd00::1]/v1]" time="0.001" /><testcase classname="tests.test_v060_branch_closure2" name="test_clamd_scan_protocol_ok_malware_unexpected_and_unavailable" time="0.002" /><testcase classname="tests.test_v060_plasticity_contract_closure" name="test_policy_refuses_every_invalid_boundary[updates4-safety_step]" time="0.000" /><testcase classname="tests.test_validity_boundaries" name="test_a_rescinded_version_stops_governing_on_the_day_of_rescission" time="0.000" /><testcase classname="tests.test_validity_boundaries" name="test_rescission_removes_the_document_from_search_on_its_own_day" time="0.204" /></testsuite></testsuites>