<?xml version="1.0" encoding="utf-8"?><testsuites name="pytest tests"><testsuite name="pytest" errors="0" failures="0" skipped="1" tests="176" time="10.469" timestamp="2026-09-06T00:26:19.615125+03:00" hostname="neuro7-ASUS-TUF-Gaming-F17-FX707ZC4-FX707ZC4"><testcase classname="tests.test_access_control" name="test_access_tier_is_enforced_in_repository_even_for_public_classification" time="0.177" /><testcase classname="tests.test_account_administration" name="test_an_administrator_may_still_re_enable_themselves" time="0.136" /><testcase classname="tests.test_account_domain" name="test_a_first_login_creates_exactly_one_account" time="0.061" /><testcase classname="tests.test_answer_adjudication" name="test_a_column_fragment_is_contested" time="0.000" /><testcase classname="tests.test_answer_adjudication" name="test_a_norm_that_names_both_categories_is_not_contested" time="0.000" /><testcase classname="tests.test_answers" name="test_unapproved_document_cannot_answer" time="0.139" /><testcase classname="tests.test_assurance_aggregation" name="test_errored_tests_fail_the_aggregate" time="0.000" /><testcase classname="tests.test_assurance_aggregation" name="test_failing_tests_fail_the_aggregate" time="0.000" /><testcase classname="tests.test_audit" name="test_audit_anchor_detects_tail_truncation" time="0.124" /><testcase classname="tests.test_audit_export" name="test_the_payload_digest_does_not_depend_on_stored_key_order" time="0.000" /><testcase classname="tests.test_audit_key_rotation" name="test_a_key_id_that_is_unsafe_in_a_row_or_a_command_is_refused[]" time="0.000" /><testcase classname="tests.test_billing_events" name="test_malformed_payloads_are_refused_and_change_nothing[{&quot;id&quot;: &quot;x&quot;, &quot;type&quot;: &quot;unknown.event&quot;, &quot;data&quot;: {}}]" time="0.081" /><testcase classname="tests.test_branch_cycle2_policy_control_v050" name="test_attestation_validation_matrix" time="0.001" /><testcase classname="tests.test_branch_cycle2_policy_control_v050" name="test_query_variant_refusal_shapes[xxxxxxxxxxxxxxxxxxxxxxxxxxxxxxxxxxxxxxxxxxxxxxxxxxxxxxxxxxxxxxxxxxxxxxxxxxxxxxxxxxxxxxxxxxxxxxxxxxxxxxxxxxxxxxxxxxxxxxxxx]" time="0.000" /><testcase classname="tests.test_break_glass" name="test_a_formality_is_not_a_reason[   ]" time="0.000" /><testcase classname="tests.test_break_glass" name="test_a_grant_never_carries_approval_authority" time="0.000" /><testcase classname="tests.test_canonical_state" name="test_measurement_never_treats_an_integration_source_as_a_mirror" time="0.000" /><testcase classname="tests.test_canonical_state" name="test_the_registry_names_one_canonical_branch_and_root" time="0.000" /><testcase classname="tests.test_ci_production_evidence_plumbing" name="test_package_consumes_postgres_artifacts_and_stages_external_evidence_before_gate" time="0.023" /><testcase classname="tests.test_ci_production_evidence_plumbing" name="test_redteam_validator_uses_protected_runtime_trust_without_source_mutation" time="0.000" /><testcase classname="tests.test_config_and_readiness_refusals" name="test_cache_limits_must_be_positive[-1-30.0]" time="0.000" /><testcase classname="tests.test_config_policy_refusals" name="test_not_requiring_signatures_needs_no_trust_profile" time="0.000" /><testcase classname="tests.test_contracts" name="test_contract_rejects_duplicate_or_invalid_corpus_ids" time="0.163" /><testcase classname="tests.test_corpus_integrity" name="test_a_missing_link_is_not_credited_as_deep" time="0.000" /><testcase classname="tests.test_corpus_path_declarations" name="test_the_tree_itself_has_no_orphan_default" time="3.951" /><testcase classname="tests.test_corpus_release_manifest" name="test_a_manifest_signed_with_another_key_does_not_verify" time="0.068" /><testcase classname="tests.test_coverage_closure_v097" name="test_hosted_audit_branches" time="0.000" /><testcase classname="tests.test_coverage_closure_v097" name="test_production_hard_predicate_validation_branches" time="0.001" /><testcase classname="tests.test_currency_lower_bound" name="test_an_approved_order_does_not_govern_before_it_took_effect" time="0.267" /><testcase classname="tests.test_current_truth_hardening_v094" name="test_a_registry_built_from_other_evidence_than_the_tree_holds_is_refused" time="0.001" /><testcase classname="tests.test_data_model_documents_every_table" name="test_the_appendix_is_read_from_the_appendix" time="0.000" /><testcase classname="tests.test_decision_sensitivity" name="test_same_external_decision_has_no_decision_value_when_baseline_is_already_good" time="0.000" /><testcase classname="tests.test_declared_subject_token_space" name="test_the_declared_subject_is_reachable_from_the_question[\u041e\u0431\u043e\u0432'\u044f\u0437\u043a\u0438: \u0414\u043d\u044e\u0432\u0430\u043b\u044c\u043d\u0438\u0439 \u043f\u0430\u0440\u043a\u0443 (\u0421\u0442\u0430\u0442\u0443\u0442, \u0441\u0442.358)-\u042f\u043a\u0456 \u043e\u0431\u043e\u0432'\u044f\u0437\u043a\u0438 \u043c\u0430\u0454 \u0434\u043d\u044e\u0432\u0430\u043b\u044c\u043d\u0438\u0439 \u043f\u0430\u0440\u043a\u0443?]" time="0.000" /><testcase classname="tests.test_dependency_lock_gate" name="test_exact_hashed_lock_closure_passes" time="0.006" /><testcase classname="tests.test_deployment_rendering_refusals" name="test_a_patch_the_renderer_cannot_apply_is_refused[operations3-unsupported patch operation]" time="0.006" /><testcase classname="tests.test_derived_source_links" name="test_whitespace_does_not_decide_whether_a_quote_belongs_to_its_source" time="0.000" /><testcase classname="tests.test_diversify_incremental_identity" name="test_lazy_folding_equals_the_naive_recomputation[1-5]" time="0.009" /><testcase classname="tests.test_diversify_incremental_identity" name="test_lazy_folding_equals_the_naive_recomputation[3-1]" time="0.008" /><testcase classname="tests.test_doctrine_catalog" name="test_a_catalog_with_no_declared_ceiling_is_refused" time="0.048" /><testcase classname="tests.test_doctrine_catalog" name="test_a_placeholder_survey_is_refused" time="0.004" /><testcase classname="tests.test_doctrine_catalog" name="test_a_probe_dated_in_the_future_is_refused" time="0.004" /><testcase classname="tests.test_doctrine_catalog" name="test_a_survey_that_names_no_tool_is_refused" time="0.004" /><testcase classname="tests.test_doctrine_catalog" name="test_host_matching_reads_the_host_not_the_string[https://zakon.rada.gov.ua./laws/show/548-14-True]" time="0.004" /><testcase classname="tests.test_doctrine_catalog" name="test_the_same_moment_written_differently[2026-08-29-True]" time="0.000" /><testcase classname="tests.test_doctrine_catalog" name="test_the_same_moment_written_differently[2026-08-29T10:00:00+00:00-True]" time="0.000" /><testcase classname="tests.test_doctrine_impact" name="test_source_version_change_identifies_training_review_surface" time="0.000" /><testcase classname="tests.test_embedding_migration" name="test_the_plan_says_what_executing_it_would_not_prove" time="0.000" /><testcase classname="tests.test_embedding_provider_admission" name="test_a_batch_ceiling_outside_the_supported_range_is_refused[-1]" time="0.000" /><testcase classname="tests.test_embedding_provider_admission" name="test_a_batch_ceiling_outside_the_supported_range_is_refused[0]" time="0.000" /><testcase classname="tests.test_embedding_provider_admission" name="test_a_plaintext_or_malformed_endpoint_is_refused[http://embeddings.example/v1]" time="0.000" /><testcase classname="tests.test_engineering_readiness" name="test_criterion_results_that_are_not_an_object_are_refused[a1]" time="0.000" /><testcase classname="tests.test_engineering_readiness" name="test_criterion_results_that_are_not_an_object_are_refused[results1]" time="0.000" /><testcase classname="tests.test_entitlement_revocation" name="test_a_pinned_digest_refuses_a_changed_profile_rather_than_serving_the_old_one" time="0.001" /><testcase classname="tests.test_entitlement_revocation" name="test_a_rewrite_with_identical_content_is_not_a_reload" time="0.001" /><testcase classname="tests.test_environment_drift" name="test_absent_from_observation_is_unobserved_not_in_sync" time="0.000" /><testcase classname="tests.test_environment_drift" name="test_changed_digest_is_drift_and_carries_both_sides" time="0.000" /><testcase classname="tests.test_environment_drift" name="test_desired_state_is_read_from_the_manifest_not_the_working_tree" time="0.000" /><testcase classname="tests.test_evidence_bases" name="test_a_declaration_that_says_the_same_about_a_base_that_differs_fails" time="0.000" /><testcase classname="tests.test_evidence_bases" name="test_the_same_document_under_a_new_identifier_is_visible_as_different" time="0.000" /><testcase classname="tests.test_evidence_stores" name="test_the_config_default_must_not_be_the_served_store" time="0.000" /><testcase classname="tests.test_external_gate_campaign" name="test_campaign_does_not_confuse_missing_postgres_with_executed_failure" time="0.000" /><testcase classname="tests.test_extraction_type_confusion" name="test_a_clean_pdf_is_not_marked_lenient" time="0.000" /><testcase classname="tests.test_extraction_type_confusion" name="test_a_declared_mime_type_that_the_extension_contradicts_is_refused[order.pdf-text/plain-does not match MIME type]" time="0.002" /><testcase classname="tests.test_extraction_type_confusion" name="test_a_detector_verdict_that_contradicts_the_extension_is_refused[order.html-application/pdf-HTML content detected as]" time="0.001" /><testcase classname="tests.test_final_release_authorization" name="test_final_release_rejects_untrusted_builder_identity" time="0.001" /><testcase classname="tests.test_gate_closure" name="test_a_second_header_without_a_recipe_is_legal" time="0.001" /><testcase classname="tests.test_gate_parity" name="test_cannot_adjudicate_is_a_recorded_state_not_a_settlement" time="0.001" /><testcase classname="tests.test_gate_parity" name="test_ruff_configuration_is_resolved_from_the_repository_root" time="0.000" /><testcase classname="tests.test_gate_parity" name="test_the_frozen_list_does_not_forgive_more_than_it_must" time="0.002" /><testcase classname="tests.test_gcp_container_vulnerability_gate" name="test_unknown_severity_fails_closed" time="0.000" /><testcase classname="tests.test_gcp_production_contract" name="test_action_pins_assert_the_property_not_a_fixed_list_of_shas" time="0.000" /><testcase classname="tests.test_gcp_production_contract" name="test_cloud_armor_waf_preview_mutation_is_killed" time="0.006" /><testcase classname="tests.test_gcp_production_contract" name="test_worker_direct_vpc_mutation_is_killed" time="0.004" /><testcase classname="tests.test_gcp_terraform_structure" name="test_unbalanced_hcl_is_rejected" time="0.001" /><testcase classname="tests.test_gcs_audit_anchor" name="test_an_inventory_entry_that_is_not_an_anchor_name_is_refused[audit/anchors/not-a-number.json]" time="0.000" /><testcase classname="tests.test_gitlab_gcp_production" name="test_gitlab_deployment_orders_migration_probe_canary_and_rollback" time="0.000" /><testcase classname="tests.test_governance_boundaries" name="test_the_approver_sets_the_access_tier" time="0.158" /><testcase classname="tests.test_hard_predicate_guards" name="test_a_profile_whose_dispositions_are_all_known_is_accepted" time="0.001" /><testcase classname="tests.test_hard_predicate_guards" name="test_an_excluded_predicate_blocks_until_the_exclusion_itself_is_proved" time="0.000" /><testcase classname="tests.test_image_pinning" name="test_every_compose_service_is_digest_pinned_today" time="0.017" /><testcase classname="tests.test_image_pinning" name="test_the_tag_survives_beside_the_digest" time="0.000" /><testcase classname="tests.test_inference_budget" name="test_decision_change_without_new_evidence_can_continue_once" time="0.000" /><testcase classname="tests.test_infrastructure_hardening" name="test_backup_crypto_roundtrip_and_tamper_detection" time="0.018" /><testcase classname="tests.test_infrastructure_hardening" name="test_semantic_configuration_cannot_drift_from_calibration" time="0.005" /><testcase classname="tests.test_input_contract_refusals" name="test_a_parser_request_with_an_empty_or_non_string_field_is_refused[changes2]" time="0.000" /><testcase classname="tests.test_intra_span_contradiction" name="test_a_numeric_reversal_inside_one_span_stops_the_answer" time="0.184" /><testcase classname="tests.test_lane_report" name="test_a_timeout_is_recorded_as_a_timeout_by_the_runner_itself" time="0.201" /><testcase classname="tests.test_learning_repository" name="test_learning_repository_detects_publication_version_inconsistency" time="0.092" /><testcase classname="tests.test_liqpay_billing" name="test_wrong_signature_and_other_merchant_are_rejected" time="0.050" /><testcase classname="tests.test_manifest_generation" name="test_distribution_manifest_excludes_only_its_root_self" time="0.002" /><testcase classname="tests.test_math_kernel_v097" name="test_information_gain_refuses_boolean_and_count_coercion" time="0.000" /><testcase classname="tests.test_mathematical_integrity_hardening" name="test_admission_register_schema_version_is_a_strict_integer[1.0]" time="0.001" /><testcase classname="tests.test_mathematical_integrity_hardening" name="test_gcp_identity_timeout_is_finite_positive[inf]" time="0.000" /><testcase classname="tests.test_mathematical_integrity_hardening" name="test_gcs_metadata_size_rejects_noncanonical_counts_before_download[1.5_0]" time="0.000" /><testcase classname="tests.test_mathematical_integrity_hardening" name="test_gcs_metadata_size_rejects_noncanonical_counts_before_download[True]" time="0.000" /><testcase classname="tests.test_mathematical_integrity_hardening" name="test_oidc_freshness_cannot_be_disabled_by_nonfinite_policy[max_auth_age_seconds-nan]" time="0.000" /><testcase classname="tests.test_mathematical_integrity_hardening" name="test_operational_release_gate_rejects_mathematically_invalid_evidence[mutation-path3-Infinity]" time="0.000" /><testcase classname="tests.test_mathematical_integrity_hardening" name="test_parser_ipc_rejects_numeric_and_boolean_coercion[ocr_total_timeout_seconds-1.5]" time="0.000" /><testcase classname="tests.test_mathematical_integrity_hardening" name="test_plasticity_runtime_budgets_are_discrete_positive_counts[inf]" time="0.000" /><testcase classname="tests.test_mathematical_integrity_hardening" name="test_production_reliability_requires_discrete_positive_request_counts[1]" time="0.001" /><testcase classname="tests.test_mathematical_integrity_hardening" name="test_provenance_schema_version_is_a_strict_integer[1]" time="0.000" /><testcase classname="tests.test_mathematical_integrity_hardening" name="test_ranking_relevance_is_a_discrete_grade[nan]" time="0.000" /><testcase classname="tests.test_mathematical_integrity_hardening" name="test_readiness_target_is_finite_probability_scale[inf]" time="0.000" /><testcase classname="tests.test_mathematical_integrity_hardening" name="test_retrieval_runtime_limits_are_discrete_and_finite[timeout_ms-10.0]" time="0.000" /><testcase classname="tests.test_mathematical_integrity_hardening" name="test_subject_share_is_a_bounded_integer[3]" time="0.000" /><testcase classname="tests.test_mcp_server" name="test_every_citation_carries_what_makes_it_checkable" time="0.000" /><testcase classname="tests.test_metamorphic_security_v060" name="test_attack_blocking_is_invariant_under_supported_obfuscation_relations" time="0.001" /><testcase classname="tests.test_mission_assurance_v2" name="test_a_hard_failure_bound_outside_the_open_unit_interval_is_refused[1.5]" time="0.000" /><testcase classname="tests.test_mission_assurance_v2" name="test_local_or_synthetic_evidence_cannot_self_authorize" time="0.001" /><testcase classname="tests.test_mutation_sandbox_scope" name="test_a_transient_untracked_file_does_not_break_the_copy" time="0.153" /><testcase classname="tests.test_numeric_integrity" name="test_a_letter_standing_in_for_a_digit_is_flagged[\u0422\u0435\u0440\u043c\u0456\u043d 1\u041e \u0434\u0456\u0431.]" time="0.001" /><testcase classname="tests.test_oidc_assurance_refusals" name="test_an_unreadable_auth_time_is_refused[overrides1-auth_time claim is invalid]" time="0.001" /><testcase classname="tests.test_openai_model_adapter" name="test_openai_non_completed_response_contributes_nothing[queued]" time="0.001" /><testcase classname="tests.test_operations" name="test_operational_gate_fails_closed_on_trust_regression[mutation-mutation_score-0.99-critical_mutation_score]" time="0.001" /><testcase classname="tests.test_operations" name="test_operational_policy_is_valid_json_and_explicitly_not_authorization" time="0.000" /><testcase classname="tests.test_package_zip_safety" name="test_per_entry_uncompressed_budget_is_enforced" time="0.001" /><testcase classname="tests.test_parser_sandbox_path" name="test_every_entry_is_resolved_not_just_the_first" time="0.001" /><testcase classname="tests.test_pec_evidence_features" name="test_concentration_is_one_when_a_single_candidate_holds_all_the_score" time="0.000" /><testcase classname="tests.test_pec_human_judgment_v097" name="test_human_judgment_rejects_revision_drift" time="0.000" /><testcase classname="tests.test_pec_integration" name="test_controller_trace_reaches_completed_answer_audit" time="0.184" /><testcase classname="tests.test_pec_integration" name="test_easy_query_stops_after_original_retrieval_and_does_not_call_planner" time="0.190" /><testcase classname="tests.test_pec_oracle_boundaries" name="test_an_empty_campaign_is_refused_rather_than_judged" time="0.000" /><testcase classname="tests.test_pec_replay" name="test_unsafe_actions_are_removed_before_cost_optimization" time="0.000" /><testcase classname="tests.test_pec_replay_admission" name="test_a_resource_count_must_be_a_non_negative_integer[-1-external_tokens]" time="0.000" /><testcase classname="tests.test_pec_replay_admission" name="test_a_resource_count_must_be_a_non_negative_integer[3-external_tokens]" time="0.000" /><testcase classname="tests.test_pec_replay_admission" name="test_a_resource_count_must_be_a_non_negative_integer[nan-semantic_calls]" time="0.000" /><testcase classname="tests.test_pec_replay_admission" name="test_a_truthy_value_is_not_a_boolean_flag[1.0-gold_hit]" time="0.000" /><testcase classname="tests.test_pec_state_and_telemetry_admission" name="test_a_budget_field_that_is_not_a_non_negative_integer_is_refused[-1-evidence_items]" time="0.000" /><testcase classname="tests.test_pec_state_and_telemetry_admission" name="test_an_eligible_count_that_is_not_a_non_negative_integer_is_refused[nan]" time="0.000" /><testcase classname="tests.test_postgres_approval_provenance" name="test_the_application_login_cannot_write_a_reviewer_decision[review_state]" time="0.000"><skipped type="pytest.skip" message="split PostgreSQL app/review/admin URLs are required">/home/neuro7/Desktop/Ядро основний проект Корпус/apps/api/tests/test_postgres_approval_provenance.py:68: split PostgreSQL app/review/admin URLs are required</skipped></testcase><testcase classname="tests.test_printed_decimal_parsing" name="test_a_leading_group_longer_than_three_digits_is_refused_when_grouping" time="0.000" /><testcase classname="tests.test_production_hard_predicates" name="test_a_profile_that_is_not_an_object_is_refused" time="0.001" /><testcase classname="tests.test_provenance_digest_guards" name="test_excluded_directories_are_outside_the_signed_surface[apps/api/src/korpus/__pycache__/models.py]" time="0.000" /><testcase classname="tests.test_provenance_digest_guards" name="test_excluded_directories_are_outside_the_signed_surface[var/report.json]" time="0.000" /><testcase classname="tests.test_public_env_parity" name="test_the_unattended_path_carries_the_egress_posture" time="0.001" /><testcase classname="tests.test_public_health_controller" name="test_health_resets_the_rung_so_a_new_outage_starts_gently" time="0.000" /><testcase classname="tests.test_public_runtime_units" name="test_api_unit_is_loopback_only_and_bounded" time="0.000" /><testcase classname="tests.test_query_coverage_threshold" name="test_the_shipped_threshold_is_half_the_question" time="0.004" /><testcase classname="tests.test_query_planner_boundary" name="test_the_answer_text_comes_only_from_the_corpus" time="0.214" /><testcase classname="tests.test_query_planner_boundary" name="test_the_question_asked_is_always_the_first_search" time="0.000" /><testcase classname="tests.test_recovery_measurement" name="test_non_finite_recovery_duration_is_not_a_measurement[-inf]" time="0.000" /><testcase classname="tests.test_regression_receipt_identity_v097" name="test_regression_receipt_identity_rejects_release_mix" time="0.000" /><testcase classname="tests.test_regression_shard_contract" name="test_bounded_runner_kills_descendant_after_parent_exits" time="2.039" /><testcase classname="tests.test_regression_shard_contract" name="test_merge_identity_rejects_mixed_release_tags" time="0.001" /><testcase classname="tests.test_release_adaptation_automation_v050" name="test_preflight_accepts_current_local_evidence_but_never_self_authorizes" time="0.007" /><testcase classname="tests.test_release_state_machine" name="test_full_gate_set_and_independent_verifier_authorize_production" time="0.000" /><testcase classname="tests.test_release_surface" name="test_a_counted_dimension_may_not_shrink_silently" time="0.000" /><testcase classname="tests.test_release_verify_runner" name="test_make_steps_bind_the_current_interpreter_without_splitting_spaces" time="0.000" /><testcase classname="tests.test_repository_access_refusals" name="test_a_similarity_threshold_outside_the_supported_range_is_refused[0.0]" time="0.050" /><testcase classname="tests.test_repository_integrity_and_contention" name="test_contention_consumes_the_retry_budget_and_then_reports_it[deadlock detected]" time="0.068" /><testcase classname="tests.test_rescission_and_clock" name="test_withdrawal_is_dated_and_the_day_before_still_answers" time="0.313" /><testcase classname="tests.test_research_parameter_admission" name="test_an_unusable_information_gain_input_is_unknown_rather_than_zero" time="0.000" /><testcase classname="tests.test_retention_planning" name="test_a_document_past_its_period_in_a_corpus_that_permits_deletion_is_eligible" time="0.000" /><testcase classname="tests.test_retention_planning" name="test_the_serialised_plan_counts_every_disposition" time="0.000" /><testcase classname="tests.test_retrieval_observability" name="test_the_observability_object_exposes_both_series" time="0.000" /><testcase classname="tests.test_retrieval_observability" name="test_the_test_itself_cannot_be_satisfied_by_a_comment" time="0.000" /><testcase classname="tests.test_review_transition_refusals" name="test_rejecting_an_approved_version_takes_it_out_of_the_current_set" time="0.117" /><testcase classname="tests.test_risk_rules" name="test_every_rule_matches_its_own_examples[temporal.validity:1]" time="0.000" /><testcase classname="tests.test_risk_rules" name="test_unclassified_costs_more_than_standard" time="0.000" /><testcase classname="tests.test_row_mapping" name="test_an_aware_timestamp_keeps_its_offset" time="0.000" /><testcase classname="tests.test_search_index" name="test_retrieval_uses_database_candidate_index_not_full_scan" time="0.160" /><testcase classname="tests.test_source_content_probe" name="test_one_thin_response_cannot_lower_a_variant_score" time="0.001" /><testcase classname="tests.test_source_content_probe" name="test_variants_of_a_card_uri" time="0.001" /><testcase classname="tests.test_source_signature_refusals" name="test_a_revoked_key_is_refused_even_though_the_signature_verifies" time="0.000" /><testcase classname="tests.test_span_hygiene_backend" name="test_a_named_file_that_is_missing_is_a_refusal_not_another_database" time="0.000" /><testcase classname="tests.test_subject_inflection" name="test_the_typographic_apostrophe_is_the_same_role" time="0.000" /><testcase classname="tests.test_supply_chain_attestation_v097" name="test_in_toto_subject_verifies_exact_artifact_bytes" time="0.000" /><testcase classname="tests.test_tenancy_api" name="test_the_webhook_applies_a_signed_event_without_any_session" time="0.161" /><testcase classname="tests.test_tenancy_threats" name="test_t10_a_prior_answer_is_stored_as_an_answer_and_not_as_a_source" time="0.077" /><testcase classname="tests.test_url_policy" name="test_external_https_policy_refuses_non_global_literal_destinations[https://localhost/v1]" time="0.001" /><testcase classname="tests.test_url_policy" name="test_https_policy_accepts_unambiguous_https_urls" time="0.000" /><testcase classname="tests.test_url_policy" name="test_https_policy_refuses_ambiguous_or_credential_bearing_urls[ https://example.com]" time="0.000" /><testcase classname="tests.test_v060_plasticity_contract_closure" name="test_policy_refuses_every_invalid_boundary[updates2-timeout bounds]" time="0.001" /><testcase classname="tests.test_v5_security_kernel" name="test_clamd_instream_protocol_and_detection" time="0.001" /><testcase classname="tests.test_validity_boundaries" name="test_the_candidate_query_alone_excludes_an_invalid_version[effective_until-asked_on0]" time="0.160" /><testcase classname="tests.test_validity_boundaries" name="test_the_closed_interval_holds_at_both_ends[as_of4-False]" time="0.001" /></testsuite></testsuites>