<?xml version="1.0" encoding="utf-8"?><testsuites name="pytest tests"><testsuite name="pytest" errors="0" failures="0" skipped="3" tests="159" time="7.233" timestamp="2026-09-06T15:29:27.620473+03:00" hostname="neuro7-ASUS-TUF-Gaming-F17-FX707ZC4-FX707ZC4"><testcase classname="tests.test_admission_register" name="test_an_incomplete_attestation_is_refused[sha256]" time="0.009" /><testcase classname="tests.test_agent_runtime_contract" name="test_every_timer_uses_the_isolated_bounded_runner" time="0.000" /><testcase classname="tests.test_ai_risk_profile" name="test_ai_risk_profile_has_killable_owned_evidenced_risks" time="0.000" /><testcase classname="tests.test_answer_analysis_limits" name="test_two_current_versions_of_one_document_stop_the_answer" time="0.000" /><testcase classname="tests.test_answer_quality_ratchet" name="test_a_measurement_inside_both_bounds_passes" time="0.000" /><testcase classname="tests.test_answers" name="test_instruction_like_source_sentence_is_never_emitted" time="0.216" /><testcase classname="tests.test_assurance_aggregation" name="test_coverage_below_policy_fails[0.96-0.1]" time="0.000" /><testcase classname="tests.test_assurance_aggregation" name="test_non_probability_coverage_cannot_satisfy_release_threshold[-0.01]" time="0.000" /><testcase classname="tests.test_assurance_calculus" name="test_unexecuted_evidence_caps_dimension_even_when_claimed_score_is_100" time="0.000" /><testcase classname="tests.test_audit_reader_seam" name="test_a_trace_id_that_is_not_a_trace_id_is_refused[not a trace]" time="0.047" /><testcase classname="tests.test_audit_reader_seam" name="test_readiness_reports_the_schema_revision_the_migrations_declare" time="0.051" /><testcase classname="tests.test_authority_ranking" name="test_the_running_configuration_cites_one_span_per_version" time="0.184" /><testcase classname="tests.test_billing_plan_lifecycle" name="test_a_new_plan_is_inserted_and_readable_by_code" time="0.058" /><testcase classname="tests.test_blank_corpus_probe" name="test_one_answer_without_a_corpus_fails_the_probe" time="0.000" /><testcase classname="tests.test_branch_cycle2_extraction_v050" name="test_make_spans_bounds_empty_and_section_matrix" time="0.001" /><testcase classname="tests.test_branch_cycle2_policy_control_v050" name="test_query_variant_refusal_shapes[hello\nworld]" time="0.000" /><testcase classname="tests.test_browser_oidc" name="test_oidc_authorization_endpoint_preserves_provider_query_without_shadowing_flow" time="0.027" /><testcase classname="tests.test_budget_raises_are_named" name="test_a_record_for_another_number_does_not_excuse_this_raise" time="0.000" /><testcase classname="tests.test_calibration" name="test_calibration_profile_and_bound_artifacts_reject_tampering" time="0.012" /><testcase classname="tests.test_ci_production_evidence_plumbing" name="test_postgres_job_materializes_network_load_evidence_as_fixture" time="0.024" /><testcase classname="tests.test_citation_alignment" name="test_partially_valid_references_earn_nothing_for_that_claim" time="0.000" /><testcase classname="tests.test_client_bootstrap" name="test_the_published_threshold_is_the_one_the_answer_path_applies" time="0.242" /><testcase classname="tests.test_contracts" name="test_openapi_contract_exposes_evidence_and_decision_provenance" time="0.195" /><testcase classname="tests.test_corpus_release_identity" name="test_the_release_binds_state_the_old_four_field_digest_could_not_see" time="0.184" /><testcase classname="tests.test_corpus_release_manifest" name="test_the_signer_is_recorded_as_an_assertion" time="0.040" /><testcase classname="tests.test_corpus_snapshot_contract" name="test_application_repository_port_cannot_recompute_answer_release" time="0.000" /><testcase classname="tests.test_corpus_snapshot_contract" name="test_postgres_guard_verifier_rejects_dead_code_decoy_body_without_database" time="0.000" /><testcase classname="tests.test_corpus_snapshot_contract" name="test_release_identity_digest_commits_every_member_field[corpus_id-training]" time="0.000" /><testcase classname="tests.test_corpus_snapshot_contract" name="test_snapshot_token_cannot_be_reused_under_another_authorization_identity[clearance]" time="0.074" /><testcase classname="tests.test_corpus_snapshot_contract" name="test_snapshot_token_cannot_be_reused_under_another_authorization_identity[subject]" time="0.077" /><testcase classname="tests.test_coverage_risk_closeout_v080" name="test_unsellable_liqpay_plan_is_rejected_before_checkout_generation" time="0.000" /><testcase classname="tests.test_coverage_risk_weights_v060" name="test_risk_weights_are_applied_after_canonical_source_path_normalization" time="0.003" /><testcase classname="tests.test_current_truth_hardening_v094" name="test_a_packet_bound_only_by_digest_is_accepted" time="0.001" /><testcase classname="tests.test_current_truth_hardening_v094" name="test_a_packet_that_names_a_commit_is_refused_even_when_the_digest_is_right" time="0.001" /><testcase classname="tests.test_current_truth_hardening_v094" name="test_source_integrity_claim_uses_a_bound_verification_report" time="0.001" /><testcase classname="tests.test_current_truth_hardening_v094" name="test_the_refusal_is_about_the_claim_not_about_hex_anywhere" time="0.001" /><testcase classname="tests.test_decision_sensitivity" name="test_boundary_state_fails_closed_if_gate_and_feature_logic_diverge" time="0.001" /><testcase classname="tests.test_declared_coverage" name="test_a_term_the_corpus_does_not_hold_holds_no_spans" time="0.000" /><testcase classname="tests.test_declared_coverage" name="test_the_directive_set_is_narrow_enough_to_separate" time="0.000" /><testcase classname="tests.test_deployment_rendering_refusals" name="test_a_patch_the_renderer_cannot_apply_is_refused[operations0-malformed JSON pointer]" time="0.004" /><testcase classname="tests.test_deterministic_plasticity_v060" name="test_safety_thresholds_saturate" time="0.000" /><testcase classname="tests.test_doctrine_catalog" name="test_a_boolean_word_count_is_refused" time="0.005" /><testcase classname="tests.test_doctrine_catalog" name="test_a_catalog_with_no_declared_floor_is_refused" time="0.041" /><testcase classname="tests.test_doctrine_catalog" name="test_a_survey_with_no_opening_text_is_refused" time="0.004" /><testcase classname="tests.test_doctrine_catalog" name="test_host_matching_reads_the_host_not_the_string[https://ZAKON.RADA.GOV.UA/laws/show/548-14-True]" time="0.004" /><testcase classname="tests.test_doctrine_catalog" name="test_lowering_the_floor_is_refused_on_its_own_terms" time="0.033" /><testcase classname="tests.test_durable_coordinator_refusals" name="test_an_entitled_curator_queues_a_document" time="0.061" /><testcase classname="tests.test_embedding_coverage" name="test_vectors_under_a_superseded_model_call_for_a_migration" time="0.000" /><testcase classname="tests.test_engineering_readiness" name="test_dimension_evidence_that_is_not_an_object_is_refused[1]" time="0.000" /><testcase classname="tests.test_entitlement_gate" name="test_with_the_gate_off_the_answer_is_the_policy_engines_own" time="0.051" /><testcase classname="tests.test_entitlement_projection_refusals" name="test_a_string_groups_claim_is_treated_as_one_group" time="0.000" /><testcase classname="tests.test_environment_drift" name="test_the_script_refuses_a_stale_observation_instead_of_comparing_it" time="0.081" /><testcase classname="tests.test_evaluation_harness_contract" name="test_evaluation_harness_names_every_validity_hazard_and_fails_closed" time="0.000" /><testcase classname="tests.test_evaluation_validity" name="test_an_observation_that_failed_hard_cannot_be_recorded_as_passed" time="0.000" /><testcase classname="tests.test_evidence_stores" name="test_a_store_that_cannot_be_read_is_an_event_not_a_silence" time="0.001" /><testcase classname="tests.test_evidence_stores" name="test_gate_reddens_on_every_defect_separately" time="0.037" /><testcase classname="tests.test_exact_risk_bound" name="test_a_hypothesis_count_that_is_not_a_positive_integer_is_refused" time="0.000" /><testcase classname="tests.test_exact_risk_bound" name="test_the_numeric_boundary_is_refused_not_coerced[11-10-0.05]" time="0.001" /><testcase classname="tests.test_external_production_evidence_staging" name="test_partial_group_fails_closed" time="0.001" /><testcase classname="tests.test_extraction_drops_page_furniture" name="test_single_encoded_entity_in_real_sentence_is_decoded_not_dropped" time="0.000" /><testcase classname="tests.test_extraction_type_confusion" name="test_a_detector_verdict_that_agrees_admits_the_file[order.md-text/markdown]" time="0.001" /><testcase classname="tests.test_extraction_type_confusion" name="test_a_detector_verdict_that_contradicts_the_extension_is_refused[order.json-application/pdf-JSON content detected as]" time="0.001" /><testcase classname="tests.test_final_release_authorization" name="test_final_release_rejects_artifact_digest_substitution" time="0.001" /><testcase classname="tests.test_gate_closure" name="test_unknown_is_never_a_pass" time="0.000" /><testcase classname="tests.test_gate_negative_controls" name="test_the_assurance_aggregator_can_fail_on_each_predicate[coverage_line]" time="0.000" /><testcase classname="tests.test_gate_negative_controls" name="test_the_operational_gate_can_fail_on_each_predicate[critical_mutation_score]" time="0.000" /><testcase classname="tests.test_gate_parity" name="test_every_document_lookup_is_followed_by_an_access_decision" time="0.164" /><testcase classname="tests.test_gate_parity" name="test_every_lock_file_is_audited_for_known_vulnerabilities" time="0.002" /><testcase classname="tests.test_gate_parity" name="test_mypy_is_invoked_so_that_its_configuration_applies" time="0.001" /><testcase classname="tests.test_gcp_production_contract" name="test_private_services_access_mutation_is_killed" time="0.006" /><testcase classname="tests.test_gcs_audit_anchor" name="test_gcs_anchor_detects_payload_tampering" time="0.000" /><testcase classname="tests.test_inference_security_gate" name="test_production_assurance_has_a_tracked_inference_security_generator" time="0.000" /><testcase classname="tests.test_infrastructure_hardening" name="test_unknown_environment_cannot_bypass_controlled_profile" time="0.004" /><testcase classname="tests.test_ingestion" name="test_upload_size_limit_is_enforced_before_extraction" time="0.083" /><testcase classname="tests.test_learning_assessment" name="test_check_binding_fails_closed_on_unknown_source_binding" time="0.000" /><testcase classname="tests.test_learning_repository" name="test_learning_repository_round_trips_prerequisite_edges" time="0.061" /><testcase classname="tests.test_math_kernel_v097" name="test_feature_range_rejects_nan_support_bounds" time="0.000" /><testcase classname="tests.test_math_kernel_v097" name="test_nan_cannot_be_canonicalized_to_maximum_probability" time="0.000" /><testcase classname="tests.test_math_kernel_v097" name="test_research_statistical_controls_reject_invalid_domains" time="0.000" /><testcase classname="tests.test_mathematical_integrity_hardening" name="test_gcp_identity_timeout_is_finite_positive[nan]" time="0.000" /><testcase classname="tests.test_mathematical_integrity_hardening" name="test_gcp_metadata_token_ttl_is_strict_positive_integer[True]" time="0.001" /><testcase classname="tests.test_mathematical_integrity_hardening" name="test_junit_counts_reject_non_integer_cardinalities[Infinity]" time="0.001" /><testcase classname="tests.test_mathematical_integrity_hardening" name="test_object_store_size_limit_is_a_discrete_finite_count[1.5]" time="0.000" /><testcase classname="tests.test_mcp_server" name="test_verification_needs_no_database_no_audit_and_no_identity" time="0.000" /><testcase classname="tests.test_metamorphic_invariants" name="test_a_planner_permission_flag_that_is_not_boolean_is_reported[None]" time="0.000" /><testcase classname="tests.test_military_assurance" name="test_a_pack_without_a_signature_or_digest_is_refused_rather_than_read" time="0.000" /><testcase classname="tests.test_military_assurance" name="test_corrections_deduplicate_but_never_mutate_truth" time="0.000" /><testcase classname="tests.test_military_assurance" name="test_explanation_claim_ids_must_be_unique" time="0.000" /><testcase classname="tests.test_military_knowledge" name="test_graph_fails_closed_when_all_evidence_is_stale" time="0.000" /><testcase classname="tests.test_mission_assurance_v2" name="test_a_non_positive_case_minimum_is_refused[0]" time="0.000" /><testcase classname="tests.test_mutation_delta_gate" name="test_a_package_file_with_a_function_is_part_of_the_subject" time="0.001" /><testcase classname="tests.test_mutation_report_declares_its_verdict" name="test_an_errored_mutant_fails_the_probe" time="0.288" /><testcase classname="tests.test_numeric_integrity" name="test_a_thousands_separator_is_not_a_split_number" time="0.000" /><testcase classname="tests.test_numeric_integrity" name="test_one_consistent_decimal_separator_is_not_flagged" time="0.000" /><testcase classname="tests.test_object_store_integrity" name="test_an_object_larger_than_the_limit_is_refused_on_read" time="0.002" /><testcase classname="tests.test_object_store_selection" name="test_an_unknown_store_mode_is_refused_by_configuration" time="0.004" /><testcase classname="tests.test_observability" name="test_readiness_maps_the_anchor_gap_and_not_the_queue_length" time="0.001" /><testcase classname="tests.test_oidc_assurance_refusals" name="test_a_recent_multifactor_authentication_satisfies_the_policy" time="0.000" /><testcase classname="tests.test_oidc_assurance_refusals" name="test_any_recognised_second_factor_satisfies_the_requirement[otp]" time="0.000" /><testcase classname="tests.test_openai_model_adapter" name="test_openai_provider_requires_explicit_model_name" time="0.004" /><testcase classname="tests.test_operations" name="test_js_divergence_rejects_undefined_inputs[left0-right0]" time="0.000" /><testcase classname="tests.test_package_build_identity" name="test_gitless_package_cannot_claim_an_invented_commit" time="0.001" /><testcase classname="tests.test_pec_audit_trace_v097" name="test_audit_trace_rejects_duplicate_event_ids" time="0.000" /><testcase classname="tests.test_pec_contextual_benchmark" name="test_contextual_benchmark_is_unknown_without_directional_evidence" time="0.000" /><testcase classname="tests.test_pec_contextual_benchmark" name="test_contextual_benchmark_refuses_evidence_mutation" time="0.000" /><testcase classname="tests.test_pec_replay_admission" name="test_a_resource_count_must_be_a_non_negative_integer[1.5-external_tokens]" time="0.000" /><testcase classname="tests.test_pec_replay_admission" name="test_a_resource_count_must_be_a_non_negative_integer[1.5-search_count]" time="0.000" /><testcase classname="tests.test_pec_replay_admission" name="test_a_resource_count_must_be_a_non_negative_integer[None-planner_calls]" time="0.000" /><testcase classname="tests.test_pec_replay_admission" name="test_a_truthy_value_is_not_a_boolean_flag[0-answer_error]" time="0.000" /><testcase classname="tests.test_pec_state_and_telemetry_admission" name="test_a_budget_field_that_is_not_a_non_negative_integer_is_refused[None-cycles_used]" time="0.000" /><testcase classname="tests.test_pec_training_lineage_v097" name="test_training_lineage_accepts_exact_binding" time="0.000" /><testcase classname="tests.test_postgres_approval_provenance" name="test_the_application_login_cannot_write_a_reviewer_decision[metadata_reviewed_by]" time="0.000"><skipped type="pytest.skip" message="split PostgreSQL app/review/admin URLs are required">/home/neuro7/Desktop/Ядро основний проект Корпус/apps/api/tests/test_postgres_approval_provenance.py:68: split PostgreSQL app/review/admin URLs are required</skipped></testcase><testcase classname="tests.test_postgres_approval_provenance" name="test_the_review_login_can_write_exactly_those_columns[metadata_reviewer_credential_id]" time="0.000"><skipped type="pytest.skip" message="split PostgreSQL app/review/admin URLs are required">/home/neuro7/Desktop/Ядро основний проект Корпус/apps/api/tests/test_postgres_approval_provenance.py:75: split PostgreSQL app/review/admin URLs are required</skipped></testcase><testcase classname="tests.test_postgres_role_reprovision_boundary" name="test_no_runtime_login_keeps_a_grant_on_the_binding_table" time="0.000"><skipped type="pytest.skip" message="split PostgreSQL app/review/authz/admin URLs are required">/home/neuro7/Desktop/Ядро основний проект Корпус/apps/api/tests/test_postgres_role_reprovision_boundary.py:153: split PostgreSQL app/review/authz/admin URLs are required</skipped></testcase><testcase classname="tests.test_predictive_evidence_control" name="test_evidence_state_fingerprint_is_deterministic_and_query_sensitive" time="0.000" /><testcase classname="tests.test_printed_decimal_parsing" name="test_a_value_that_does_not_start_with_a_digit_is_refused[abc]" time="0.000" /><testcase classname="tests.test_provenance_without_git" name="test_a_tree_with_neither_git_nor_manifest_has_an_unknown_scope" time="0.001" /><testcase classname="tests.test_public_env_parity" name="test_the_exported_environment_carries_no_placeholders" time="0.000" /><testcase classname="tests.test_public_env_parity" name="test_the_unattended_path_carries_the_key_that_signs_the_evidence" time="0.000" /><testcase classname="tests.test_public_surface" name="test_fail_outranks_unknown" time="0.000" /><testcase classname="tests.test_public_surface" name="test_operator_surface_is_the_whole_console_not_three_filenames" time="0.002" /><testcase classname="tests.test_quality_gate_branch_boundaries" name="test_complete_liqpay_configuration_still_refuses_each_unsafe_field[updates2-billing_public_base_url]" time="0.000" /><testcase classname="tests.test_ranking_quality_driver" name="test_fts_syntax_cannot_arrive_from_the_data[a bb-&quot;bb&quot;]" time="0.000" /><testcase classname="tests.test_readiness_weights_are_not_a_decision" name="test_the_criteria_counts_sum_to_one_hundred" time="0.000" /><testcase classname="tests.test_recovery_drill_reaches_its_measurer" name="test_the_reader_of_required_names_actually_finds_them" time="0.000" /><testcase classname="tests.test_recovery_measurement" name="test_recovery_provenance_counts_are_discrete_and_finite[backup_bytes]" time="0.000" /><testcase classname="tests.test_release_ledger_cli" name="test_cli_verifies_round_tripped_jsonl_and_external_head" time="0.044" /><testcase classname="tests.test_release_verify_runner" name="test_external_evidence_steps_are_named_not_guessed" time="0.000" /><testcase classname="tests.test_report_input_binding" name="test_the_identity_moves_when_a_link_changes" time="0.012" /><testcase classname="tests.test_requirement_registry" name="test_every_requirement_names_a_subject_and_states_something" time="0.000" /><testcase classname="tests.test_requirement_registry" name="test_the_load_bearing_requirements_survived_the_move[compose.api.read_only_root]" time="0.000" /><testcase classname="tests.test_research_parameter_admission" name="test_a_top_fraction_outside_its_range_is_reported_as_unknown_not_computed[-0.2]" time="0.000" /><testcase classname="tests.test_resource_ceiling_is_above_the_corpus" name="test_the_measurement_would_notice_a_document_that_grew" time="0.005" /><testcase classname="tests.test_retrieval_metamorphic" name="test_unicode_normalization_is_semantics_preserving" time="0.000" /><testcase classname="tests.test_retriever_scope" name="test_out_of_scope_evidence_stops_the_answer[kwargs2-reader_not_cleared]" time="0.111" /><testcase classname="tests.test_risk_rules" name="test_every_rule_matches_its_own_examples[operational.permission_question:0]" time="0.000" /><testcase classname="tests.test_row_mapping" name="test_clearance_widens_the_classifications_it_may_read[0-expected0]" time="0.000" /><testcase classname="tests.test_security_acceptances" name="test_an_acceptance_without_a_reason_is_not_an_acceptance" time="0.001" /><testcase classname="tests.test_selftest_coverage" name="test_nothing_declared_is_unknown_not_pass" time="0.000" /><testcase classname="tests.test_semantic_integration" name="test_embedding_provider_configuration_is_fail_closed" time="0.000" /><testcase classname="tests.test_standards_control_map" name="test_standards_control_map_is_well_formed_and_all_local_evidence_exists" time="0.278" /><testcase classname="tests.test_subject_inflection" name="test_the_same_document_cited_second_does_not" time="0.000" /><testcase classname="tests.test_supply_chain_evidence_boundary" name="test_container_scan_marker_requires_both_image_scans_exit_zero" time="0.000" /><testcase classname="tests.test_support_gate" name="test_a_verbatim_extract_is_fully_supported" time="0.000" /><testcase classname="tests.test_tenancy_api" name="test_the_webhook_refuses_an_oversized_body_at_the_http_boundary" time="0.097" /><testcase classname="tests.test_tenancy_migration" name="test_upgrading_from_the_previous_release_preserves_the_corpus" time="0.939" /><testcase classname="tests.test_tenancy_threats" name="test_every_named_threat_class_has_a_test" time="0.000" /><testcase classname="tests.test_tenancy_threats" name="test_t06_another_accounts_conversation_is_unreachable_by_id" time="0.083" /><testcase classname="tests.test_tenancy_threats" name="test_t12_an_unbounded_webhook_body_is_refused_before_it_is_parsed" time="0.050" /><testcase classname="tests.test_tevv_admissibility" name="test_tevv_width_policy_is_a_finite_probability_scale[0.0]" time="0.000" /><testcase classname="tests.test_tevv_admissibility" name="test_tevv_width_policy_is_a_finite_probability_scale[True]" time="0.000" /><testcase classname="tests.test_tevv_attestation_boundary" name="test_pretrusted_signed_production_like_tevv_evidence_can_clear_environment_boundary" time="0.939" /><testcase classname="tests.test_tevv_attestation_boundary" name="test_tevv_policy_does_not_coerce_malformed_numeric_thresholds[maximum_citation_failures-False]" time="0.697" /><testcase classname="tests.test_tevv_attestation_boundary" name="test_trusted_tevv_wrong_evidence_schema_fails_closed" time="0.941" /><testcase classname="tests.test_training_and_infra_edges" name="test_an_ordered_comparison_against_a_non_finite_value_is_false[nan]" time="0.000" /><testcase classname="tests.test_url_policy" name="test_external_https_policy_refuses_non_global_literal_destinations[https://0.0.0.0/v1]" time="0.000" /><testcase classname="tests.test_v060_plasticity_contract_closure" name="test_policy_refuses_every_invalid_boundary[updates5-max_safety_threshold]" time="0.000" /><testcase classname="tests.test_v060_plasticity_contract_closure" name="test_policy_refuses_every_invalid_boundary[updates8-rate policy]" time="0.000" /><testcase classname="tests.test_versioning" name="test_supersedes_must_reference_same_document" time="0.140" /></testsuite></testsuites>