<?xml version="1.0" encoding="utf-8"?><testsuites name="pytest tests"><testsuite name="pytest" errors="0" failures="0" skipped="0" tests="106" time="9.513" timestamp="2026-08-29T10:43:17.375072+03:00" hostname="neuro7-ASUS-TUF-Gaming-F17-FX707ZC4-FX707ZC4"><testcase classname="tests.test_account_domain" name="test_concurrent_first_logins_converge_on_one_account" time="0.126" /><testcase classname="tests.test_answers" name="test_approved_document_produces_exact_claim_bound_citation" time="0.193" /><testcase classname="tests.test_answers" name="test_query_control_injection_abstains_before_retrieval" time="0.181" /><testcase classname="tests.test_architecture" name="test_the_composition_root_is_the_only_module_naming_both_sides" time="0.259" /><testcase classname="tests.test_assurance_aggregation" name="test_non_probability_coverage_cannot_satisfy_release_threshold[1.01]" time="0.000" /><testcase classname="tests.test_attestation_signatures" name="test_a_corpus_owner_cannot_sign_the_independent_assessment" time="0.001" /><testcase classname="tests.test_audit_export" name="test_an_empty_batch_is_not_an_error" time="0.000" /><testcase classname="tests.test_billing_events" name="test_an_event_without_a_usable_timestamp_applies_but_never_advances_the_order[occurred_at4]" time="0.100" /><testcase classname="tests.test_billing_events" name="test_an_unsigned_event_is_refused" time="0.078" /><testcase classname="tests.test_boundary_coverage_v5" name="test_local_object_store_full_lifecycle_and_fail_closed_paths" time="0.005" /><testcase classname="tests.test_branch_cycle2_policy_control_v050" name="test_registry_loader_absent_and_invalid" time="0.001" /><testcase classname="tests.test_branch_cycle2_ratchet_v050" name="test_pdf_ocr_renderer_and_image_loop_edges" time="0.001" /><testcase classname="tests.test_break_glass" name="test_a_grant_belongs_to_the_subject_it_was_issued_to" time="0.000" /><testcase classname="tests.test_break_glass" name="test_an_approver_cannot_grant_above_their_own_clearance" time="0.000" /><testcase classname="tests.test_browser_auth_refusal_paths" name="test_a_same_origin_return_path_survives_and_is_bounded" time="0.001" /><testcase classname="tests.test_browser_oidc" name="test_global_browser_csrf_gate_refuses_missing_double_submit_material" time="0.005" /><testcase classname="tests.test_ci_production_evidence_plumbing" name="test_container_scan_marker_is_handed_to_supply_chain_gate" time="0.018" /><testcase classname="tests.test_controlled_configuration_refusals" name="test_a_controlled_deployment_refuses_each_weakening[flow cookie without secure prefix]" time="0.005" /><testcase classname="tests.test_controlled_configuration_refusals" name="test_every_controlled_environment_name_carries_the_same_refusals[production]" time="0.005" /><testcase classname="tests.test_controlled_configuration_refusals" name="test_production_worker_does_not_receive_browser_or_oidc_secrets" time="0.005" /><testcase classname="tests.test_coverage_closure_v097" name="test_controller_profile_validation_and_artifact_binding_branches" time="0.002" /><testcase classname="tests.test_coverage_closure_v097" name="test_hosted_mapping_and_binding_cover_missing_and_invalid" time="0.000" /><testcase classname="tests.test_coverage_closure_v097" name="test_release_claim_status_branches[{-.json-INVALID_EVIDENCE]" time="0.001" /><testcase classname="tests.test_coverage_risk_weights_v060" name="test_absolute_source_paths_receive_the_same_risk_weight" time="0.001" /><testcase classname="tests.test_current_truth_hardening_v094" name="test_digest_binds_web_and_ci_release_surfaces" time="0.002" /><testcase classname="tests.test_dependency_lock_gate" name="test_unpinned_dependency_fails_closed" time="0.002" /><testcase classname="tests.test_doctrine_catalog" name="test_the_real_catalog_passes" time="0.001" /><testcase classname="tests.test_document_intake_refusals" name="test_an_unsupported_extension_is_refused[order.exe]" time="0.000" /><testcase classname="tests.test_durable_ingestion_jobs" name="test_synchronous_endpoint_is_disabled_in_durable_mode" time="0.074" /><testcase classname="tests.test_embedding_coverage" name="test_a_fully_embedded_corpus_is_complete" time="0.000" /><testcase classname="tests.test_embedding_provider_admission" name="test_a_batch_of_the_wrong_cardinality_is_refused_before_the_request[texts0]" time="0.000" /><testcase classname="tests.test_embedding_provider_admission" name="test_a_healthcheck_reads_the_status_code_rather_than_the_body" time="0.000" /><testcase classname="tests.test_engineering_readiness" name="test_dimension_evidence_that_is_not_an_object_is_refused[{}]" time="0.000" /><testcase classname="tests.test_environment_drift" name="test_a_naive_timestamp_is_refused_rather_than_assumed_utc" time="0.000" /><testcase classname="tests.test_evaluation_validity" name="test_zero_failures_400_cases_satisfies_one_percent_wilson_upper_bound" time="0.002" /><testcase classname="tests.test_evidence_registry" name="test_a_produced_artifact_is_still_checked_when_the_caller_runs_after_its_producer" time="0.000" /><testcase classname="tests.test_exception_handling_discipline" name="test_no_bare_except_hides_which_failure_occurred" time="0.421" /><testcase classname="tests.test_external_redteam_admissibility" name="test_blocking_finding_must_be_verified_fixed_not_merely_risk_accepted" time="0.000" /><testcase classname="tests.test_external_redteam_admissibility" name="test_trusted_complete_structured_report_passes_external_gate" time="0.431" /><testcase classname="tests.test_extraction" name="test_html_active_content_is_removed" time="0.015" /><testcase classname="tests.test_extraction_type_confusion" name="test_an_extension_outside_the_supported_set_is_refused[order.zip-unsupported file extension]" time="0.001" /><testcase classname="tests.test_gate_negative_controls" name="test_the_assurance_aggregator_can_fail_on_each_predicate[operational]" time="0.000" /><testcase classname="tests.test_gate_parity" name="test_every_ci_job_that_runs_korpus_code_installs_the_locked_environment" time="0.002" /><testcase classname="tests.test_gate_parity" name="test_the_pipeline_graph_is_consistent" time="0.017" /><testcase classname="tests.test_gcp_production_contract" name="test_cloudsql_public_ipv4_mutation_is_killed" time="0.005" /><testcase classname="tests.test_gcp_slo_contract" name="test_policy_target_must_remain_explicitly_tagged" time="0.001" /><testcase classname="tests.test_gcs_audit_anchor" name="test_reset_is_refused_because_append_only_has_no_undo" time="0.000" /><testcase classname="tests.test_governance_boundaries" name="test_an_adversary_source_cannot_be_approved" time="0.140" /><testcase classname="tests.test_import_graph" name="test_internal_import_graph_is_acyclic" time="0.286" /><testcase classname="tests.test_inference_budget" name="test_cycle_budget_is_hard_stop" time="0.000" /><testcase classname="tests.test_infrastructure_hardening" name="test_malformed_host_header_is_rejected_before_routing" time="0.063" /><testcase classname="tests.test_infrastructure_hardening" name="test_static_infrastructure_contract_passes" time="0.058" /><testcase classname="tests.test_ingestion_queue_ownership" name="test_a_lease_that_cannot_be_honoured_is_refused[worker-1-4]" time="0.045" /><testcase classname="tests.test_leakage_measurement" name="test_the_gate_fails_on_the_historical_denominator" time="0.000" /><testcase classname="tests.test_math_kernel_v097" name="test_risk_thresholds_reject_non_probability_domain[True]" time="0.000" /><testcase classname="tests.test_math_kernel_v097" name="test_training_tree_hyperparameters_are_strict_counts" time="0.000" /><testcase classname="tests.test_mathematical_integrity_hardening" name="test_admission_capacity_is_a_finite_discrete_count[True]" time="0.000" /><testcase classname="tests.test_mathematical_integrity_hardening" name="test_inference_cycle_budget_cannot_be_disabled_by_non_integer_math[True]" time="0.000" /><testcase classname="tests.test_mathematical_integrity_hardening" name="test_junit_counts_reject_non_integer_cardinalities[1e2]" time="0.001" /><testcase classname="tests.test_mathematical_integrity_hardening" name="test_object_store_size_limit_is_a_discrete_finite_count[inf]" time="0.001" /><testcase classname="tests.test_mathematical_integrity_hardening" name="test_operational_release_gate_rejects_mathematically_invalid_evidence[eval-path1-false]" time="0.000" /><testcase classname="tests.test_metamorphic_invariants" name="test_a_risk_rank_that_is_not_a_strict_integer_is_reported[True]" time="0.000" /><testcase classname="tests.test_model_egress" name="test_external_model_egress_allows_global_ip_literal" time="0.000" /><testcase classname="tests.test_model_egress" name="test_external_model_egress_refuses_internal_and_non_global_destinations" time="0.000" /><testcase classname="tests.test_model_egress" name="test_local_only_permits_private_ip_literals" time="0.000" /><testcase classname="tests.test_numeric_integrity" name="test_a_letter_standing_in_for_a_digit_is_flagged[\u041d\u043e\u0440\u043c\u0430 5\u0431 \u043a\u0433.]" time="0.000" /><testcase classname="tests.test_numeric_integrity" name="test_a_unit_separated_from_its_quantity_by_a_line_break_is_flagged" time="0.000" /><testcase classname="tests.test_numeric_integrity" name="test_text_without_quantities_is_not_suspicious" time="0.000" /><testcase classname="tests.test_offline_pack" name="test_the_key_route_is_fail_closed_when_offline_export_is_disabled" time="0.086" /><testcase classname="tests.test_operational_policies" name="test_a_missing_backup_is_reported_as_missing" time="0.041" /><testcase classname="tests.test_operations" name="test_js_divergence_is_bounded_symmetric_and_identity_zero" time="0.000" /><testcase classname="tests.test_pec_act_hardening" name="test_grouped_folds_never_split_a_group_across_train_and_validation" time="0.000" /><testcase classname="tests.test_pec_oracle_boundaries" name="test_a_resource_vector_that_is_not_finite_and_non_negative_is_refused[values4]" time="0.000" /><testcase classname="tests.test_pec_replay_admission" name="test_a_quality_metric_needs_a_non_empty_string_name[]" time="0.000" /><testcase classname="tests.test_pec_replay_admission" name="test_a_quality_metric_value_must_be_finite[nan]" time="0.000" /><testcase classname="tests.test_pec_replay_admission" name="test_a_resource_count_must_be_a_non_negative_integer[1.5-planner_calls]" time="0.000" /><testcase classname="tests.test_pec_replay_admission" name="test_a_truthy_value_is_not_a_boolean_flag[0-authorization_ok]" time="0.000" /><testcase classname="tests.test_pec_replay_admission" name="test_a_truthy_value_is_not_a_boolean_flag[1-answer_error]" time="0.000" /><testcase classname="tests.test_pec_research" name="test_production_judgment_requires_bound_provenance" time="0.000" /><testcase classname="tests.test_printed_decimal_parsing" name="test_a_grouping_that_is_not_three_digits_is_refused[1.500,]" time="0.000" /><testcase classname="tests.test_production_assurance_cli" name="test_production_assurance_cli_accepts_repo_relative_paths" time="0.191" /><testcase classname="tests.test_production_hard_predicates" name="test_postgres_gate_targets_all_exist" time="0.001" /><testcase classname="tests.test_query_planner_boundary" name="test_a_defect_in_an_adapter_is_not_absorbed" time="0.000" /><testcase classname="tests.test_readiness_evidence_builder" name="test_historical_migration_carry_requires_baseline_binding" time="0.001" /><testcase classname="tests.test_regression_carry_forward" name="test_diff_records_classifies_added_removed_and_modified_without_overlap" time="0.000" /><testcase classname="tests.test_regression_receipt_identity_v097" name="test_regression_receipt_identity_accepts_exact_freeze" time="0.000" /><testcase classname="tests.test_regression_shard_contract" name="test_bounded_runner_sigkills_descendant_that_ignores_sigterm" time="4.082" /><testcase classname="tests.test_release_adaptation_automation_v050" name="test_ci_and_canonical_cycle_enforce_adaptive_gates" time="0.001" /><testcase classname="tests.test_repository_integrity_and_contention" name="test_a_schema_at_the_wrong_revision_is_refused" time="0.067" /><testcase classname="tests.test_requirement_registry" name="test_the_load_bearing_requirements_survived_the_move[minio.policy.no_destructive_actions]" time="0.000" /><testcase classname="tests.test_research_parameter_admission" name="test_a_significance_level_of_zero_is_refused" time="0.000" /><testcase classname="tests.test_reviewer_registry" name="test_required_registry_cannot_be_omitted" time="0.051" /><testcase classname="tests.test_risk_policy" name="test_risk_thresholds_are_monotone" time="0.000" /><testcase classname="tests.test_source_signature_refusals" name="test_an_empty_trust_profile_is_refused" time="0.000" /><testcase classname="tests.test_span_lookup" name="test_a_reader_cannot_open_a_span_they_could_not_have_been_cited" time="0.197" /><testcase classname="tests.test_span_lookup" name="test_listing_one_version_does_not_read_the_whole_corpus" time="0.298" /><testcase classname="tests.test_support_gate" name="test_a_claim_that_drifts_from_its_span_is_dropped" time="0.164" /><testcase classname="tests.test_tenancy_api" name="test_the_list_endpoint_says_when_it_truncated" time="0.127" /><testcase classname="tests.test_tenancy_api" name="test_the_page_bounds_are_enforced_by_the_contract" time="0.114" /><testcase classname="tests.test_tenancy_audit_events" name="test_no_audit_payload_carries_a_secret_or_a_customer_detail" time="0.122" /><testcase classname="tests.test_tenancy_migration" name="test_the_upgrade_can_be_reversed" time="0.991" /><testcase classname="tests.test_tenancy_threats" name="test_t04_no_request_field_can_assert_that_a_subscription_is_paid" time="0.000" /><testcase classname="tests.test_token_issuance_refusals" name="test_local_issuance_is_unavailable_when_authentication_is_disabled" time="0.004" /><testcase classname="tests.test_tuning" name="test_tuner_rejects_reused_validation_queries_and_invalid_limits" time="0.000" /><testcase classname="tests.test_url_policy" name="test_https_policy_refuses_ambiguous_or_credential_bearing_urls[https://example.com\\@evil.example/]" time="0.000" /><testcase classname="tests.test_v5_security_kernel" name="test_oidc_assurance_requires_acr_mfa_and_recent_authentication" time="0.063" /></testsuite></testsuites>