<?xml version="1.0" encoding="utf-8"?><testsuites name="pytest tests"><testsuite name="pytest" errors="0" failures="0" skipped="0" tests="132" time="5.154" timestamp="2026-08-29T10:46:26.302132+03:00" hostname="neuro7-ASUS-TUF-Gaming-F17-FX707ZC4-FX707ZC4"><testcase classname="tests.test_account_administration" name="test_the_change_reaches_the_audit_chain_with_its_reason" time="0.161" /><testcase classname="tests.test_account_domain" name="test_claims_without_a_subject_are_refused" time="0.000" /><testcase classname="tests.test_answer_composition" name="test_an_opening_that_introduces_a_negation_is_refused[\u0437\u0430\u0431\u043e\u0440\u043e\u043d\u0435\u043d\u043e]" time="0.001" /><testcase classname="tests.test_assurance_aggregation" name="test_non_probability_coverage_cannot_satisfy_release_threshold[inf]" time="0.000" /><testcase classname="tests.test_assurance_calculus" name="test_stronger_same_identity_evidence_dominates_weaker" time="0.000" /><testcase classname="tests.test_assurance_calculus" name="test_weighted_score_is_bounded_for_every_corner_of_the_hypercube" time="0.000" /><testcase classname="tests.test_assurance_trust" name="test_invalid_runtime_trust_root_fails_closed" time="0.001" /><testcase classname="tests.test_audit_export" name="test_payloads_travel_only_when_explicitly_included" time="0.000" /><testcase classname="tests.test_audit_reader_seam" name="test_the_writer_and_the_verifier_share_one_canonical_form" time="0.000" /><testcase classname="tests.test_billing_events" name="test_the_webhook_secret_must_be_long_enough_to_be_a_secret" time="0.000" /><testcase classname="tests.test_billing_events" name="test_two_concurrent_deliveries_apply_once" time="0.126" /><testcase classname="tests.test_branch_cycle2_extraction_v050" name="test_sandbox_limits_with_and_without_nproc" time="0.000" /><testcase classname="tests.test_branch_cycle2_policy_control_v050" name="test_release_ledger_fallback_hash_and_withdrawal_reason" time="0.000" /><testcase classname="tests.test_branch_cycle2_storage_pdf_v050" name="test_s3_get_and_stream_refusal_matrix" time="0.062" /><testcase classname="tests.test_break_glass" name="test_a_grant_widens_reach_and_records_both_names" time="0.000" /><testcase classname="tests.test_browser_auth_refusal_paths" name="test_an_access_token_for_a_different_subject_is_refused" time="0.101" /><testcase classname="tests.test_ci_production_evidence_plumbing" name="test_evidence_registry_tracks_the_canonical_load_report_name" time="0.001" /><testcase classname="tests.test_citation_alignment" name="test_no_claims_is_zero_coverage_not_a_division_error" time="0.000" /><testcase classname="tests.test_clean_source_release_boundary" name="test_package_producer_excludes_git_history_by_construction" time="0.000" /><testcase classname="tests.test_client_bootstrap" name="test_bootstrap_projects_runtime_capabilities_without_client_reconstruction" time="0.004" /><testcase classname="tests.test_controlled_configuration_refusals" name="test_a_controlled_deployment_refuses_each_weakening[plaintext audit anchor]" time="0.005" /><testcase classname="tests.test_conversations" name="test_a_truncated_list_says_it_was_truncated" time="0.101" /><testcase classname="tests.test_conversations" name="test_a_truncated_transcript_says_its_newest_turns_are_missing" time="0.095" /><testcase classname="tests.test_conversations" name="test_a_turn_stored_before_the_verdict_existed_reports_it_as_unrecorded" time="0.076" /><testcase classname="tests.test_corpus_backup_drill" name="test_the_drill_refuses_a_corpus_that_restores_empty" time="0.708" /><testcase classname="tests.test_corpus_governance" name="test_corpus_governance_is_content_addressed_and_fail_closed" time="0.001" /><testcase classname="tests.test_corpus_release_identity" name="test_a_quarantined_version_is_not_in_the_release" time="0.115" /><testcase classname="tests.test_corpus_release_identity" name="test_a_version_that_changes_changes_the_release_id" time="0.163" /><testcase classname="tests.test_corpus_release_manifest" name="test_raising_an_authority_class_breaks_the_signature" time="0.066" /><testcase classname="tests.test_coverage_closure_v097" name="test_gcs_json_list_paginates_and_respects_max_results" time="0.002" /><testcase classname="tests.test_coverage_closure_v097" name="test_release_claim_status_branches[{&quot;release&quot;: &quot;v0.9.7&quot;, &quot;source_digest&quot;: &quot;aaaaaaaaaaaaaaaaaaaaaaaaaaaaaaaaaaaaaaaaaaaaaaaaaaaaaaaaaaaaaaaa&quot;, &quot;status&quot;: &quot;FAIL&quot;}-.json-REFUTED_BY_EVIDENCE]" time="0.001" /><testcase classname="tests.test_deployment_overlays" name="test_the_overlay_actually_changes_the_rendered_output" time="0.041" /><testcase classname="tests.test_deterministic_branch_matrix_v050" name="test_models_validation_and_retrieval_parameter_matrix" time="0.001" /><testcase classname="tests.test_document_intake_refusals" name="test_a_missing_file_is_refused" time="0.001" /><testcase classname="tests.test_durable_coordinator_refusals" name="test_a_version_for_an_accessible_document_is_queued" time="0.087" /><testcase classname="tests.test_embedding_backfill_deployment" name="test_cloud_run_backfill_is_bounded_singleton_and_explicitly_enabled" time="0.000" /><testcase classname="tests.test_embedding_provider_admission" name="test_a_batch_ceiling_outside_the_supported_range_is_refused[1000]" time="0.000" /><testcase classname="tests.test_embedding_provider_admission" name="test_a_model_id_that_is_not_one_is_refused[xxxxxxxxxxxxxxxxxxxxxxxxxxxxxxxxxxxxxxxxxxxxxxxxxxxxxxxxxxxxxxxxxxxxxxxxxxxxxxxxxxxxxxxxxxxxxxxxxxxxxxxxxxxxxxxxxxxxxxxxxxxxxxxxxxxxxxxxxxxxxxxxxxxxxxxxxxxxxxxxxxxxxxxxxxxxxxxxxxxxxxxxxxxxxxxxxxxxxxxxxxxxxxxxxxxxxxxxxxxxxxxxxxxxxxxxxxxxxxxxxxxxxxxxxxxxxxxxxxxxxxxxxxxxxxxxxxxxxxxxxxxxxxxxxxxxxxxxxxxx]" time="0.001" /><testcase classname="tests.test_engineering_readiness" name="test_a_profile_or_evidence_without_dimension_mappings_is_refused[dimensions]" time="0.000" /><testcase classname="tests.test_entitlement_gate" name="test_an_active_subscription_permits_only_what_it_pays_for" time="0.094" /><testcase classname="tests.test_evidence_provenance" name="test_malformed_provenance_is_not_provenance[block4]" time="0.000" /><testcase classname="tests.test_exception_handling_discipline" name="test_no_broad_handler_turns_a_fault_into_evidence_of_health" time="0.481" /><testcase classname="tests.test_extraction" name="test_a_docx_yields_its_paragraphs_in_order" time="0.003" /><testcase classname="tests.test_gate_negative_controls" name="test_the_assurance_aggregator_can_fail_on_each_predicate[eval]" time="0.000" /><testcase classname="tests.test_gate_negative_controls" name="test_the_assurance_aggregator_can_fail_on_each_predicate[recovery_provenance_complete]" time="0.000" /><testcase classname="tests.test_gate_negative_controls" name="test_the_assurance_aggregator_can_fail_on_each_predicate[recovery_scale_not_overstated]" time="0.000" /><testcase classname="tests.test_gate_negative_controls" name="test_the_operational_gate_can_fail_on_each_predicate[migration_audit_head]" time="0.000" /><testcase classname="tests.test_gate_negative_controls" name="test_the_passing_artifacts_actually_pass" time="0.000" /><testcase classname="tests.test_gate_parity" name="test_scripts_reading_installed_metadata_run_under_the_locked_interpreter" time="0.003" /><testcase classname="tests.test_gate_parity" name="test_the_import_pipeline_refuses_a_draft_manifest" time="0.000" /><testcase classname="tests.test_gcp_canary_metrics" name="test_canary_metrics_do_not_treat_client_errors_as_success_samples" time="0.000" /><testcase classname="tests.test_gcp_canary_metrics" name="test_canary_policy_rejects_non_discrete_or_nonfinite_controls[wait_seconds-nan]" time="0.000" /><testcase classname="tests.test_gcp_container_vulnerability_gate" name="test_non_successful_discovery_fails_closed[FINISHED_FAILED]" time="0.000" /><testcase classname="tests.test_gcp_production_contract" name="test_candidate_probe_vpc_mutation_is_killed" time="0.005" /><testcase classname="tests.test_gcp_production_contract" name="test_scanner_api_mutation_is_killed" time="0.003" /><testcase classname="tests.test_gcp_production_inputs" name="test_unsafe_external_input_is_refused[DATABASE_DISK_AUTOSIZE_LIMIT_GB-unbounded]" time="0.000" /><testcase classname="tests.test_gcs_audit_anchor" name="test_an_inventory_entry_that_is_not_an_anchor_name_is_refused[audit/anchors/123.json]" time="0.000" /><testcase classname="tests.test_gold_annotation" name="test_independent_agreeing_pairs_pass_without_adjudication" time="0.000" /><testcase classname="tests.test_gold_annotation" name="test_split_disagreement_is_rejected_before_pairing" time="0.001" /><testcase classname="tests.test_inference_budget" name="test_new_evidence_allows_stable_decision_to_continue" time="0.000" /><testcase classname="tests.test_infrastructure_hardening" name="test_ready_hides_internal_snapshot_without_metrics_token_on_public_deployment" time="0.086" /><testcase classname="tests.test_ingestion_queue_ownership" name="test_a_lease_that_cannot_be_honoured_is_refused[worker-1-0]" time="0.049" /><testcase classname="tests.test_learning_course_domain" name="test_publication_validation_rejects_self_prerequisite" time="0.000" /><testcase classname="tests.test_learning_repository" name="test_learning_repository_refuses_unknown_framework_and_competency" time="0.058" /><testcase classname="tests.test_liqpay_billing" name="test_checkout_uses_only_server_plan_values" time="0.079" /><testcase classname="tests.test_load_probe_contract" name="test_outcome_keeps_typed_refusal_reasons_separate_from_http_status" time="0.000" /><testcase classname="tests.test_malformed_pdf_containment" name="test_a_page_tree_that_fails_when_walked_leaves_as_a_named_refusal" time="0.002" /><testcase classname="tests.test_math_kernel_v097" name="test_ablation_rejects_nonfinite_resources_and_boolean_pair_count" time="0.002" /><testcase classname="tests.test_math_kernel_v097" name="test_risk_thresholds_reject_non_probability_domain[inf]" time="0.001" /><testcase classname="tests.test_mathematical_integrity_hardening" name="test_convertible_units_share_one_exact_numeric_domain" time="0.001" /><testcase classname="tests.test_mathematical_integrity_hardening" name="test_embedding_coverage_rejects_impossible_count_snapshots[10--1-0-0]" time="0.001" /><testcase classname="tests.test_mathematical_integrity_hardening" name="test_gcs_metadata_oversize_decimal_is_rejected_before_download" time="0.000" /><testcase classname="tests.test_mathematical_integrity_hardening" name="test_inverted_authority_priors_are_rejected_before_retrieval" time="0.000" /><testcase classname="tests.test_mathematical_integrity_hardening" name="test_operational_release_gate_rejects_mathematically_invalid_evidence[scale-path7--1]" time="0.001" /><testcase classname="tests.test_mathematical_integrity_hardening" name="test_plasticity_observation_and_state_counters_are_discrete" time="0.000" /><testcase classname="tests.test_mathematical_integrity_hardening" name="test_readiness_target_is_finite_probability_scale[nan]" time="0.002" /><testcase classname="tests.test_model_bulkhead" name="test_timed_out_model_calls_cannot_create_unbounded_workers" time="0.016" /><testcase classname="tests.test_model_egress" name="test_local_only_refuses_arbitrary_dns_names_even_if_the_first_lookup_would_be_private" time="0.000" /><testcase classname="tests.test_more_edges" name="test_object_store_is_content_addressed_atomic_and_filename_independent" time="0.004" /><testcase classname="tests.test_object_store_integrity" name="test_a_malformed_source_hash_is_refused[]" time="0.001" /><testcase classname="tests.test_object_store_integrity" name="test_an_altered_object_is_refused_when_streamed_to_a_path" time="0.004" /><testcase classname="tests.test_object_store_integrity" name="test_an_object_altered_on_disk_is_refused_on_read" time="0.002" /><testcase classname="tests.test_offline_pack" name="test_a_corpus_list_that_cannot_be_normalised_is_refused_at_the_boundary[corpora0-duplicate corpus identifier]" time="0.098" /><testcase classname="tests.test_offline_pack" name="test_the_key_route_publishes_the_signer_identity_when_enabled" time="0.084" /><testcase classname="tests.test_oidc_assurance_refusals" name="test_a_verifier_that_could_not_verify_anything_is_refused_at_construction[overrides2-explicitly pinned]" time="0.001" /><testcase classname="tests.test_oidc_assurance_refusals" name="test_any_recognised_second_factor_satisfies_the_requirement[OTP]" time="0.000" /><testcase classname="tests.test_openai_model_adapter" name="test_openai_oversized_input_is_refused_before_transport" time="0.001" /><testcase classname="tests.test_pec_cohort_v097" name="test_cohort_rejects_unexpected_case" time="0.000" /><testcase classname="tests.test_pec_evidence_receipt_v097" name="test_evidence_receipt_rejects_release_drift" time="0.000" /><testcase classname="tests.test_pec_replay_admission" name="test_a_quality_metric_needs_a_non_empty_string_name[None]" time="0.000" /><testcase classname="tests.test_pec_replay_admission" name="test_a_truthy_value_is_not_a_boolean_flag[yes-authorization_ok]" time="0.000" /><testcase classname="tests.test_pec_state_and_telemetry_admission" name="test_a_budget_field_that_is_not_a_non_negative_integer_is_refused[None-evidence_items]" time="0.000" /><testcase classname="tests.test_policy" name="test_requested_corpora_can_only_narrow_access" time="0.000" /><testcase classname="tests.test_postgres_security_gate_runtime" name="test_run_helper_merges_overrides_without_losing_process_environment" time="0.000" /><testcase classname="tests.test_printed_decimal_parsing" name="test_a_single_separator_is_read_as_a_decimal_point[1,500-1.500]" time="0.000" /><testcase classname="tests.test_production_report_verification" name="test_stale_gate_hashes_are_rejected_even_when_gate_payloads_match" time="0.000" /><testcase classname="tests.test_public_deployment_script" name="test_public_edge_runs_the_hardened_image_in_both_deployment_paths" time="0.000" /><testcase classname="tests.test_public_health_controller" name="test_recovery_requires_two_failures_and_obeys_dependency_order" time="0.000" /><testcase classname="tests.test_quality_gate_branch_boundaries" name="test_coverage_paths_handle_relative_windows_and_absolute_forms" time="0.000" /><testcase classname="tests.test_quality_gate_branch_boundaries" name="test_sellable_plan_refuses_each_incomplete_dimension[updates0-price_minor]" time="0.000" /><testcase classname="tests.test_query_cache" name="test_cache_is_bound_to_identity_release_and_configuration" time="0.000" /><testcase classname="tests.test_recovery_measurement" name="test_zero_loss_without_writes_after_the_backup_is_not_a_measurement" time="0.000" /><testcase classname="tests.test_reference_set" name="test_a_retrieval_case_names_every_version_that_holds_its_sentence" time="0.001" /><testcase classname="tests.test_regression_shard_contract" name="test_regression_bucket_is_deterministic_and_partitioned" time="0.001" /><testcase classname="tests.test_repository_integrity_and_contention" name="test_an_audit_head_that_moved_underneath_the_write_is_refused" time="0.053" /><testcase classname="tests.test_repository_register" name="test_a_secret_git_does_track_is_still_reported" time="0.007" /><testcase classname="tests.test_repository_seams" name="test_the_projection_carries_every_access_predicate_it_is_supposed_to" time="0.003" /><testcase classname="tests.test_requirement_registry" name="test_a_failure_names_one_container_of_one_workload" time="0.001" /><testcase classname="tests.test_resilience" name="test_circuit_breaker_opens_then_half_open_probe_recovers" time="0.000" /><testcase classname="tests.test_retrieval_properties" name="test_tokenization_is_unicode_and_case_normalization_invariant" time="0.000" /><testcase classname="tests.test_risk_rules" name="test_every_rule_matches_its_own_examples[temporal.validity:2]" time="0.000" /><testcase classname="tests.test_row_mapping" name="test_the_repository_uses_these_functions_rather_than_copies" time="0.000" /><testcase classname="tests.test_runtime_corpus_audit" name="test_object_store_is_verified_by_content_address" time="0.010" /><testcase classname="tests.test_runtime_corpus_audit" name="test_required_semantic_mode_fails_without_one_vector_per_span" time="0.010" /><testcase classname="tests.test_semantic_integration" name="test_postgres_rls_migration_is_default_deny_when_context_is_absent" time="0.000" /><testcase classname="tests.test_service_objectives" name="test_a_healthy_measurement_meets_every_objective" time="0.032" /><testcase classname="tests.test_service_objectives" name="test_every_objective_carries_the_conditions_it_was_judged_under" time="0.029" /><testcase classname="tests.test_sqlite_recovery_contract" name="test_sqlite_recovery_drill_resolves_relative_python_before_chdir" time="0.000" /><testcase classname="tests.test_state_machine" name="test_controlled_review_separation_is_subject_based" time="0.154" /><testcase classname="tests.test_supply_chain_evidence_boundary" name="test_container_sbom_filename_without_cyclonedx_payload_is_not_evidence" time="0.001" /><testcase classname="tests.test_support_gate" name="test_a_claim_the_span_does_not_carry_is_not_fully_supported" time="0.000" /><testcase classname="tests.test_table_integrity" name="test_a_line_with_several_numbers_is_not_a_row_without_column_gaps" time="0.000" /><testcase classname="tests.test_table_integrity" name="test_two_rows_are_not_enough_to_judge_a_shape" time="0.000" /><testcase classname="tests.test_temporal_differential" name="test_temporal_predicate_matches_reference_over_seeded_state_space" time="0.005" /><testcase classname="tests.test_tenancy_migration" name="test_sellable_plan_price_pair_is_enforced_by_the_migrated_schema" time="0.549" /><testcase classname="tests.test_tevv_attestation_boundary" name="test_trusted_tevv_duplicate_observation_ids_fail_closed" time="0.646" /><testcase classname="tests.test_token_issuance_refusals" name="test_a_lifetime_outside_the_configured_bound_is_refused[0]" time="0.004" /><testcase classname="tests.test_undated_source_limitation" name="test_a_citation_without_a_publication_date_says_so" time="0.228" /><testcase classname="tests.test_v060_plasticity_contract_closure" name="test_determinism_junit_contract_commits_exact_outcomes" time="0.001" /><testcase classname="tests.test_v060_plasticity_contract_closure" name="test_policy_refuses_every_invalid_boundary[updates11-healthy latency]" time="0.001" /><testcase classname="tests.test_web_score_presentation" name="test_the_web_validator_enforces_the_disclaimer" time="0.000" /><testcase classname="tests.test_worker_service" name="test_worker_service_health_is_bound_to_worker_liveness" time="0.003" /></testsuite></testsuites>